[2017-10-29 01:21:34,354] DEBUG preRegister called. Server=com.sun.jmx.mbeanserver.JmxMBeanServer@66d3c617, name=log4j:logger=kafka.controller (kafka.controller)
[2017-10-29 01:21:55,404] INFO [controller-event-thread]: Starting (kafka.controller.ControllerEventManager$ControllerEventThread)
[2017-10-29 01:21:55,434] INFO [Controller 0]: 0 successfully elected as the controller (kafka.controller.KafkaController)
[2017-10-29 01:21:55,434] INFO [Controller 0]: Broker 0 starting become controller state transition (kafka.controller.KafkaController)
[2017-10-29 01:21:55,440] INFO [Controller 0]: Controller 0 incremented epoch to 1 (kafka.controller.KafkaController)
[2017-10-29 01:21:55,442] DEBUG [Controller 0]: Registering IsrChangeNotificationListener (kafka.controller.KafkaController)
[2017-10-29 01:21:55,499] INFO [Controller 0]: Partitions being reassigned: Map() (kafka.controller.KafkaController)
[2017-10-29 01:21:55,499] INFO [Controller 0]: Partitions already reassigned: Set() (kafka.controller.KafkaController)
[2017-10-29 01:21:55,501] INFO [Controller 0]: Resuming reassignment of partitions: Map() (kafka.controller.KafkaController)
[2017-10-29 01:21:55,505] INFO [Controller 0]: Currently active brokers in the cluster: Set() (kafka.controller.KafkaController)
[2017-10-29 01:21:55,508] INFO [Controller 0]: Currently shutting brokers in the cluster: Set() (kafka.controller.KafkaController)
[2017-10-29 01:21:55,509] INFO [Controller 0]: Current list of topics in the cluster: Set() (kafka.controller.KafkaController)
[2017-10-29 01:21:55,514] INFO [Controller 0]: List of topics to be deleted:  (kafka.controller.KafkaController)
[2017-10-29 01:21:55,515] INFO [Controller 0]: List of topics ineligible for deletion:  (kafka.controller.KafkaController)
[2017-10-29 01:21:55,534] INFO [Replica state machine on controller 0]: Started replica state machine with initial state -> Map() (kafka.controller.ReplicaStateMachine)
[2017-10-29 01:21:55,538] INFO [Partition state machine on Controller 0]: Started partition state machine with initial state -> Map() (kafka.controller.PartitionStateMachine)
[2017-10-29 01:21:55,538] INFO [Controller 0]: Broker 0 is ready to serve as the new controller with epoch 1 (kafka.controller.KafkaController)
[2017-10-29 01:21:55,542] INFO [Controller 0]: Partitions undergoing preferred replica election:  (kafka.controller.KafkaController)
[2017-10-29 01:21:55,542] INFO [Controller 0]: Partitions that completed preferred replica election:  (kafka.controller.KafkaController)
[2017-10-29 01:21:55,543] INFO [Controller 0]: Skipping preferred replica election for partitions due to topic deletion:  (kafka.controller.KafkaController)
[2017-10-29 01:21:55,544] INFO [Controller 0]: Resuming preferred replica election for partitions:  (kafka.controller.KafkaController)
[2017-10-29 01:21:55,544] INFO [Controller 0]: Starting preferred replica leader election for partitions  (kafka.controller.KafkaController)
[2017-10-29 01:21:55,550] INFO [Partition state machine on Controller 0]: Invoking state change to OnlinePartition for partitions  (kafka.controller.PartitionStateMachine)
[2017-10-29 01:21:55,557] INFO [Controller 0]: starting the controller scheduler (kafka.controller.KafkaController)
[2017-10-29 01:21:55,674] INFO [Controller 0]: Newly added brokers: 0, deleted brokers: , all live brokers: 0 (kafka.controller.KafkaController)
[2017-10-29 01:21:55,689] DEBUG [Channel manager on controller 0]: Controller 0 trying to connect to broker 0 (kafka.controller.ControllerChannelManager)
[2017-10-29 01:21:55,713] INFO [Controller 0]: New broker startup callback for 0 (kafka.controller.KafkaController)
[2017-10-29 01:21:55,722] INFO [Controller-0-to-broker-0-send-thread]: Starting (kafka.controller.RequestSendThread)
[2017-10-29 01:21:55,733] INFO [Controller-0-to-broker-0-send-thread]: Controller 0 connected to localhost:9092 (id: 0 rack: null) for sending state change requests (kafka.controller.RequestSendThread)
[2017-10-29 01:22:00,562] TRACE [Controller 0]: Checking need to trigger auto leader balancing (kafka.controller.KafkaController)
[2017-10-29 01:22:00,573] DEBUG [Controller 0]: Preferred replicas by broker Map() (kafka.controller.KafkaController)
[2017-10-29 01:22:34,053] INFO [Controller 0]: New topics: [Set(test_topic)], deleted topics: [Set()], new partition replica assignment [Map([test_topic,0] -> List(0))] (kafka.controller.KafkaController)
[2017-10-29 01:22:34,053] INFO [Controller 0]: New topic creation callback for [test_topic,0] (kafka.controller.KafkaController)
[2017-10-29 01:22:34,057] INFO [Controller 0]: New partition creation callback for [test_topic,0] (kafka.controller.KafkaController)
[2017-10-29 01:22:34,058] INFO [Partition state machine on Controller 0]: Invoking state change to NewPartition for partitions [test_topic,0] (kafka.controller.PartitionStateMachine)
[2017-10-29 01:22:34,072] INFO [Replica state machine on controller 0]: Invoking state change to NewReplica for replicas [Topic=test_topic,Partition=0,Replica=0] (kafka.controller.ReplicaStateMachine)
[2017-10-29 01:22:34,100] INFO [Partition state machine on Controller 0]: Invoking state change to OnlinePartition for partitions [test_topic,0] (kafka.controller.PartitionStateMachine)
[2017-10-29 01:22:34,102] DEBUG [Partition state machine on Controller 0]: Live assigned replicas for partition [test_topic,0] are: [List(0)] (kafka.controller.PartitionStateMachine)
[2017-10-29 01:22:34,105] DEBUG [Partition state machine on Controller 0]: Initializing leader and isr for partition [test_topic,0] to (Leader:0,ISR:0,LeaderEpoch:0,ControllerEpoch:1) (kafka.controller.PartitionStateMachine)
[2017-10-29 01:22:34,216] INFO [Replica state machine on controller 0]: Invoking state change to OnlineReplica for replicas [Topic=test_topic,Partition=0,Replica=0] (kafka.controller.ReplicaStateMachine)
[2017-10-29 01:27:00,576] TRACE [Controller 0]: Checking need to trigger auto leader balancing (kafka.controller.KafkaController)
[2017-10-29 01:27:00,577] DEBUG [Controller 0]: Preferred replicas by broker Map(0 -> Map([test_topic,0] -> List(0))) (kafka.controller.KafkaController)
[2017-10-29 01:27:00,582] DEBUG [Controller 0]: Topics not in preferred replica Map() (kafka.controller.KafkaController)
[2017-10-29 01:27:00,587] TRACE [Controller 0]: Leader imbalance ratio for broker 0 is 0.0 (kafka.controller.KafkaController)
[2017-10-29 01:32:00,588] TRACE [Controller 0]: Checking need to trigger auto leader balancing (kafka.controller.KafkaController)
[2017-10-29 01:32:00,588] DEBUG [Controller 0]: Preferred replicas by broker Map(0 -> Map([test_topic,0] -> List(0))) (kafka.controller.KafkaController)
[2017-10-29 01:32:00,588] DEBUG [Controller 0]: Topics not in preferred replica Map() (kafka.controller.KafkaController)
[2017-10-29 01:32:00,589] TRACE [Controller 0]: Leader imbalance ratio for broker 0 is 0.0 (kafka.controller.KafkaController)
