[2017-10-29 22:03:37,464] INFO [Group Metadata Manager on Broker 0]: Removed 0 expired offsets in 0 milliseconds. (kafka.coordinator.group.GroupMetadataManager)
[2017-10-29 22:04:43,680] INFO [GroupCoordinator 0]: Preparing to rebalance group test_topic_app with old generation 4 (__consumer_offsets-38) (kafka.coordinator.group.GroupCoordinator)
[2017-10-29 22:05:20,674] INFO [GroupCoordinator 0]: Member test_topic_app-78cd0252-2305-4da3-bf6f-732a86ab9810-StreamThread-1-consumer-cf3a2064-de41-4804-98db-8caf5a143910 in group test_topic_app has failed, removing it from the group (kafka.coordinator.group.GroupCoordinator)
[2017-10-29 22:05:20,678] INFO [GroupCoordinator 0]: Stabilized group test_topic_app generation 5 (__consumer_offsets-38) (kafka.coordinator.group.GroupCoordinator)
[2017-10-29 22:05:20,704] INFO [GroupCoordinator 0]: Assignment received from leader for group test_topic_app for generation 5 (kafka.coordinator.group.GroupCoordinator)
[2017-10-29 22:06:25,678] INFO [GroupCoordinator 0]: Preparing to rebalance group test_topic_app with old generation 5 (__consumer_offsets-38) (kafka.coordinator.group.GroupCoordinator)
[2017-10-29 22:07:17,726] INFO [GroupCoordinator 0]: Member test_topic_app-f3336239-2d73-4c0d-a7f9-13ba6553013e-StreamThread-1-consumer-291e5f92-35bf-42a8-8deb-4b9a67d73649 in group test_topic_app has failed, removing it from the group (kafka.coordinator.group.GroupCoordinator)
[2017-10-29 22:07:17,728] INFO [GroupCoordinator 0]: Stabilized group test_topic_app generation 6 (__consumer_offsets-38) (kafka.coordinator.group.GroupCoordinator)
[2017-10-29 22:07:17,754] INFO [GroupCoordinator 0]: Assignment received from leader for group test_topic_app for generation 6 (kafka.coordinator.group.GroupCoordinator)
[2017-10-29 22:15:35,631] WARN Client session timed out, have not heard from server in 448898ms for sessionid 0x15f68ccb2850007 (org.apache.zookeeper.ClientCnxn)
[2017-10-29 22:15:35,631] INFO Client session timed out, have not heard from server in 448898ms for sessionid 0x15f68ccb2850007, closing socket connection and attempting reconnect (org.apache.zookeeper.ClientCnxn)
[2017-10-29 22:15:35,731] INFO zookeeper state changed (Disconnected) (org.I0Itec.zkclient.ZkClient)
[2017-10-29 22:15:36,554] INFO Opening socket connection to server localhost/0:0:0:0:0:0:0:1:2181. Will not attempt to authenticate using SASL (unknown error) (org.apache.zookeeper.ClientCnxn)
[2017-10-29 22:15:36,555] INFO Socket connection established to localhost/0:0:0:0:0:0:0:1:2181, initiating session (org.apache.zookeeper.ClientCnxn)
[2017-10-29 22:15:36,556] WARN Unable to reconnect to ZooKeeper service, session 0x15f68ccb2850007 has expired (org.apache.zookeeper.ClientCnxn)
[2017-10-29 22:15:36,557] INFO Unable to reconnect to ZooKeeper service, session 0x15f68ccb2850007 has expired, closing socket connection (org.apache.zookeeper.ClientCnxn)
[2017-10-29 22:15:36,557] INFO zookeeper state changed (Expired) (org.I0Itec.zkclient.ZkClient)
[2017-10-29 22:15:36,557] INFO Initiating client connection, connectString=localhost:2181 sessionTimeout=6000 watcher=org.I0Itec.zkclient.ZkClient@5e316c74 (org.apache.zookeeper.ZooKeeper)
[2017-10-29 22:15:36,559] INFO EventThread shut down for session: 0x15f68ccb2850007 (org.apache.zookeeper.ClientCnxn)
[2017-10-29 22:15:36,559] INFO Opening socket connection to server localhost/0:0:0:0:0:0:0:1:2181. Will not attempt to authenticate using SASL (unknown error) (org.apache.zookeeper.ClientCnxn)
[2017-10-29 22:15:36,562] INFO Socket connection established to localhost/0:0:0:0:0:0:0:1:2181, initiating session (org.apache.zookeeper.ClientCnxn)
[2017-10-29 22:15:36,565] INFO Session establishment complete on server localhost/0:0:0:0:0:0:0:1:2181, sessionid = 0x15f68ccb2850018, negotiated timeout = 6000 (org.apache.zookeeper.ClientCnxn)
[2017-10-29 22:15:36,565] INFO zookeeper state changed (SyncConnected) (org.I0Itec.zkclient.ZkClient)
[2017-10-29 22:15:36,567] INFO re-registering broker info in ZK for broker 0 (kafka.server.KafkaHealthcheck$SessionExpireListener)
[2017-10-29 22:15:36,569] INFO Creating /brokers/ids/0 (is it secure? false) (kafka.utils.ZKCheckedEphemeral)
[2017-10-29 22:15:36,572] INFO Result of znode creation is: OK (kafka.utils.ZKCheckedEphemeral)
[2017-10-29 22:15:36,572] INFO Registered broker 0 at path /brokers/ids/0 with addresses: EndPoint(localhost,9092,ListenerName(PLAINTEXT),PLAINTEXT) (kafka.utils.ZkUtils)
[2017-10-29 22:15:36,573] INFO done re-registering broker (kafka.server.KafkaHealthcheck$SessionExpireListener)
[2017-10-29 22:15:36,573] INFO Subscribing to /brokers/topics path to watch for new topics (kafka.server.KafkaHealthcheck$SessionExpireListener)
[2017-10-29 22:15:36,595] INFO Creating /controller (is it secure? false) (kafka.utils.ZKCheckedEphemeral)
[2017-10-29 22:15:36,598] INFO Result of znode creation is: OK (kafka.utils.ZKCheckedEphemeral)
[2017-10-29 22:15:58,545] INFO [Kafka Server 0], shutting down (kafka.server.KafkaServer)
[2017-10-29 22:15:58,549] INFO [Kafka Server 0], Starting controlled shutdown (kafka.server.KafkaServer)
[2017-10-29 22:15:58,613] INFO [Kafka Server 0], Controlled shutdown succeeded (kafka.server.KafkaServer)
[2017-10-29 22:15:58,615] INFO [Socket Server on Broker 0], Shutting down (kafka.network.SocketServer)
[2017-10-29 22:15:58,620] INFO [Socket Server on Broker 0], Shutdown completed (kafka.network.SocketServer)
[2017-10-29 22:15:58,621] INFO [Kafka Request Handler on Broker 0], shutting down (kafka.server.KafkaRequestHandlerPool)
[2017-10-29 22:15:58,623] INFO [Kafka Request Handler on Broker 0], shut down completely (kafka.server.KafkaRequestHandlerPool)
[2017-10-29 22:15:58,624] INFO [ThrottledRequestReaper-Fetch]: Shutting down (kafka.server.ClientQuotaManager$ThrottledRequestReaper)
[2017-10-29 22:15:58,635] INFO [ThrottledRequestReaper-Fetch]: Stopped (kafka.server.ClientQuotaManager$ThrottledRequestReaper)
[2017-10-29 22:15:58,635] INFO [ThrottledRequestReaper-Fetch]: Shutdown completed (kafka.server.ClientQuotaManager$ThrottledRequestReaper)
[2017-10-29 22:15:58,635] INFO [ThrottledRequestReaper-Produce]: Shutting down (kafka.server.ClientQuotaManager$ThrottledRequestReaper)
[2017-10-29 22:16:03,347] INFO [ThrottledRequestReaper-Produce]: Stopped (kafka.server.ClientQuotaManager$ThrottledRequestReaper)
[2017-10-29 22:16:03,347] INFO [ThrottledRequestReaper-Produce]: Shutdown completed (kafka.server.ClientQuotaManager$ThrottledRequestReaper)
[2017-10-29 22:16:03,347] WARN Client session timed out, have not heard from server in 4773ms for sessionid 0x15f68ccb2850018 (org.apache.zookeeper.ClientCnxn)
[2017-10-29 22:16:03,349] INFO [ThrottledRequestReaper-Request]: Shutting down (kafka.server.ClientQuotaManager$ThrottledRequestReaper)
[2017-10-29 22:16:03,349] INFO Client session timed out, have not heard from server in 4773ms for sessionid 0x15f68ccb2850018, closing socket connection and attempting reconnect (org.apache.zookeeper.ClientCnxn)
[2017-10-29 22:16:03,449] INFO zookeeper state changed (Disconnected) (org.I0Itec.zkclient.ZkClient)
[2017-10-29 22:16:03,987] INFO Opening socket connection to server localhost/127.0.0.1:2181. Will not attempt to authenticate using SASL (unknown error) (org.apache.zookeeper.ClientCnxn)
[2017-10-29 22:16:03,989] INFO Socket connection established to localhost/127.0.0.1:2181, initiating session (org.apache.zookeeper.ClientCnxn)
[2017-10-29 22:16:03,991] INFO Session establishment complete on server localhost/127.0.0.1:2181, sessionid = 0x15f68ccb2850018, negotiated timeout = 6000 (org.apache.zookeeper.ClientCnxn)
[2017-10-29 22:16:03,992] INFO zookeeper state changed (SyncConnected) (org.I0Itec.zkclient.ZkClient)
[2017-10-29 22:16:04,347] INFO [ThrottledRequestReaper-Request]: Stopped (kafka.server.ClientQuotaManager$ThrottledRequestReaper)
[2017-10-29 22:16:04,347] INFO [ThrottledRequestReaper-Request]: Shutdown completed (kafka.server.ClientQuotaManager$ThrottledRequestReaper)
[2017-10-29 22:16:04,350] INFO [KafkaApi-0] Shutdown complete. (kafka.server.KafkaApis)
[2017-10-29 22:16:04,355] INFO [ExpirationReaper-0-topic]: Shutting down (kafka.server.DelayedOperationPurgatory$ExpiredOperationReaper)
[2017-10-29 22:16:04,548] INFO [ExpirationReaper-0-topic]: Stopped (kafka.server.DelayedOperationPurgatory$ExpiredOperationReaper)
[2017-10-29 22:16:04,548] INFO [ExpirationReaper-0-topic]: Shutdown completed (kafka.server.DelayedOperationPurgatory$ExpiredOperationReaper)
[2017-10-29 22:16:04,555] INFO [Transaction Coordinator 0]: Shutting down. (kafka.coordinator.transaction.TransactionCoordinator)
[2017-10-29 22:16:04,557] INFO [ProducerId Manager 0]: Shutdown complete: last producerId assigned 0 (kafka.coordinator.transaction.ProducerIdManager)
[2017-10-29 22:16:04,558] INFO [Transaction State Manager 0]: Shutdown complete (kafka.coordinator.transaction.TransactionStateManager)
[2017-10-29 22:16:04,559] INFO [Transaction Marker Channel Manager 0]: Shutting down (kafka.coordinator.transaction.TransactionMarkerChannelManager)
[2017-10-29 22:16:04,559] INFO [Transaction Marker Channel Manager 0]: Stopped (kafka.coordinator.transaction.TransactionMarkerChannelManager)
[2017-10-29 22:16:04,559] INFO [Transaction Marker Channel Manager 0]: Shutdown completed (kafka.coordinator.transaction.TransactionMarkerChannelManager)
[2017-10-29 22:16:04,561] INFO [Transaction Coordinator 0]: Shutdown complete. (kafka.coordinator.transaction.TransactionCoordinator)
[2017-10-29 22:16:04,563] INFO [GroupCoordinator 0]: Shutting down. (kafka.coordinator.group.GroupCoordinator)
[2017-10-29 22:16:04,564] INFO [ExpirationReaper-0-Heartbeat]: Shutting down (kafka.server.DelayedOperationPurgatory$ExpiredOperationReaper)
[2017-10-29 22:16:04,749] INFO [ExpirationReaper-0-Heartbeat]: Stopped (kafka.server.DelayedOperationPurgatory$ExpiredOperationReaper)
[2017-10-29 22:16:04,749] INFO [ExpirationReaper-0-Heartbeat]: Shutdown completed (kafka.server.DelayedOperationPurgatory$ExpiredOperationReaper)
[2017-10-29 22:16:04,750] INFO [ExpirationReaper-0-Rebalance]: Shutting down (kafka.server.DelayedOperationPurgatory$ExpiredOperationReaper)
[2017-10-29 22:16:04,949] INFO [ExpirationReaper-0-Rebalance]: Stopped (kafka.server.DelayedOperationPurgatory$ExpiredOperationReaper)
[2017-10-29 22:16:04,949] INFO [ExpirationReaper-0-Rebalance]: Shutdown completed (kafka.server.DelayedOperationPurgatory$ExpiredOperationReaper)
[2017-10-29 22:16:04,952] INFO [GroupCoordinator 0]: Shutdown complete. (kafka.coordinator.group.GroupCoordinator)
[2017-10-29 22:16:04,954] INFO [Replica Manager on Broker 0]: Shutting down (kafka.server.ReplicaManager)
[2017-10-29 22:16:04,955] INFO [ReplicaFetcherManager on broker 0] shutting down (kafka.server.ReplicaFetcherManager)
[2017-10-29 22:16:04,960] INFO [ReplicaFetcherManager on broker 0] shutdown completed (kafka.server.ReplicaFetcherManager)
[2017-10-29 22:16:04,961] INFO [ExpirationReaper-0-Fetch]: Shutting down (kafka.server.DelayedOperationPurgatory$ExpiredOperationReaper)
[2017-10-29 22:16:05,149] INFO [ExpirationReaper-0-Fetch]: Stopped (kafka.server.DelayedOperationPurgatory$ExpiredOperationReaper)
[2017-10-29 22:16:05,149] INFO [ExpirationReaper-0-Fetch]: Shutdown completed (kafka.server.DelayedOperationPurgatory$ExpiredOperationReaper)
[2017-10-29 22:16:05,150] INFO [ExpirationReaper-0-Produce]: Shutting down (kafka.server.DelayedOperationPurgatory$ExpiredOperationReaper)
[2017-10-29 22:16:05,349] INFO [ExpirationReaper-0-Produce]: Stopped (kafka.server.DelayedOperationPurgatory$ExpiredOperationReaper)
[2017-10-29 22:16:05,350] INFO [ExpirationReaper-0-Produce]: Shutdown completed (kafka.server.DelayedOperationPurgatory$ExpiredOperationReaper)
[2017-10-29 22:16:05,351] INFO [ExpirationReaper-0-DeleteRecords]: Shutting down (kafka.server.DelayedOperationPurgatory$ExpiredOperationReaper)
[2017-10-29 22:16:05,549] INFO [ExpirationReaper-0-DeleteRecords]: Stopped (kafka.server.DelayedOperationPurgatory$ExpiredOperationReaper)
[2017-10-29 22:16:05,550] INFO [ExpirationReaper-0-DeleteRecords]: Shutdown completed (kafka.server.DelayedOperationPurgatory$ExpiredOperationReaper)
[2017-10-29 22:16:05,553] INFO [Replica Manager on Broker 0]: Shut down completely (kafka.server.ReplicaManager)
[2017-10-29 22:16:05,556] INFO Shutting down. (kafka.log.LogManager)
[2017-10-29 22:16:05,616] INFO Shutdown complete. (kafka.log.LogManager)
[2017-10-29 22:16:05,618] INFO Terminate ZkClient event thread. (org.I0Itec.zkclient.ZkEventThread)
[2017-10-29 22:16:08,001] WARN Client session timed out, have not heard from server in 4001ms for sessionid 0x15f68ccb2850018 (org.apache.zookeeper.ClientCnxn)
[2017-10-29 22:16:08,102] INFO Session: 0x15f68ccb2850018 closed (org.apache.zookeeper.ZooKeeper)
[2017-10-29 22:16:08,102] INFO EventThread shut down for session: 0x15f68ccb2850018 (org.apache.zookeeper.ClientCnxn)
[2017-10-29 22:16:08,114] INFO [Kafka Server 0], shut down completed (kafka.server.KafkaServer)
