[2017-10-31 02:15:22,382] TRACE Controller 0 epoch 3 changed partition [intermediate_groupby_topic,0] state from NonExistentPartition to NewPartition with assigned replicas 0 (state.change.logger)
[2017-10-31 02:15:22,385] TRACE Controller 0 epoch 3 changed state of replica 0 for partition [intermediate_groupby_topic,0] from NonExistentReplica to NewReplica (state.change.logger)
[2017-10-31 02:15:22,389] TRACE Controller 0 epoch 3 changed partition [intermediate_groupby_topic,0] from NewPartition to OnlinePartition with leader 0 (state.change.logger)
[2017-10-31 02:15:22,389] TRACE Controller 0 epoch 3 sending become-leader LeaderAndIsr request (Leader:0,ISR:0,LeaderEpoch:0,ControllerEpoch:3) to broker 0 for partition [intermediate_groupby_topic,0] (state.change.logger)
[2017-10-31 02:15:22,389] TRACE Controller 0 epoch 3 sending UpdateMetadata request (Leader:0,ISR:0,LeaderEpoch:0,ControllerEpoch:3) to brokers Set(0) for partition intermediate_groupby_topic-0 (state.change.logger)
[2017-10-31 02:15:22,389] TRACE Controller 0 epoch 3 changed state of replica 0 for partition [intermediate_groupby_topic,0] from NewReplica to OnlineReplica (state.change.logger)
[2017-10-31 02:15:22,390] TRACE Broker 0 received LeaderAndIsr request PartitionState(controllerEpoch=3, leader=0, leaderEpoch=0, isr=0, zkVersion=0, replicas=0) correlation id 7 from controller 0 epoch 3 for partition [intermediate_groupby_topic,0] (state.change.logger)
[2017-10-31 02:15:22,390] TRACE Broker 0 handling LeaderAndIsr request correlationId 7 from controller 0 epoch 3 starting the become-leader transition for partition intermediate_groupby_topic-0 (state.change.logger)
[2017-10-31 02:15:22,393] TRACE Broker 0 stopped fetchers as part of become-leader request from controller 0 epoch 3 with correlation id 7 for partition intermediate_groupby_topic-0 (state.change.logger)
[2017-10-31 02:15:22,393] TRACE Broker 0 completed LeaderAndIsr request correlationId 7 from controller 0 epoch 3 for the become-leader transition for partition intermediate_groupby_topic-0 (state.change.logger)
[2017-10-31 02:15:22,393] TRACE Controller 0 epoch 3 received response {error_code=0,partitions=[{topic=intermediate_groupby_topic,partition=0,error_code=0}]} for a request sent to broker localhost:9092 (id: 0 rack: null) (state.change.logger)
[2017-10-31 02:15:22,394] TRACE Broker 0 cached leader info (LeaderAndIsrInfo:(Leader:0,ISR:0,LeaderEpoch:0,ControllerEpoch:3),ReplicationFactor:1),AllReplicas:0) for partition intermediate_groupby_topic-0 in response to UpdateMetadata request sent by controller 0 epoch 3 with correlation id 8 (state.change.logger)
[2017-10-31 02:15:22,394] TRACE Controller 0 epoch 3 received response {error_code=0} for a request sent to broker localhost:9092 (id: 0 rack: null) (state.change.logger)
[2017-10-31 02:38:20,232] TRACE Controller 0 epoch 3 changed partition [wordcount-application-UserCountStore-repartition,0] state from NonExistentPartition to NewPartition with assigned replicas 0 (state.change.logger)
[2017-10-31 02:38:20,232] TRACE Controller 0 epoch 3 changed state of replica 0 for partition [wordcount-application-UserCountStore-repartition,0] from NonExistentReplica to NewReplica (state.change.logger)
[2017-10-31 02:38:20,235] TRACE Controller 0 epoch 3 changed partition [wordcount-application-UserCountStore-repartition,0] from NewPartition to OnlinePartition with leader 0 (state.change.logger)
[2017-10-31 02:38:20,235] TRACE Controller 0 epoch 3 sending become-leader LeaderAndIsr request (Leader:0,ISR:0,LeaderEpoch:0,ControllerEpoch:3) to broker 0 for partition [wordcount-application-UserCountStore-repartition,0] (state.change.logger)
[2017-10-31 02:38:20,235] TRACE Controller 0 epoch 3 sending UpdateMetadata request (Leader:0,ISR:0,LeaderEpoch:0,ControllerEpoch:3) to brokers Set(0) for partition wordcount-application-UserCountStore-repartition-0 (state.change.logger)
[2017-10-31 02:38:20,235] TRACE Controller 0 epoch 3 changed state of replica 0 for partition [wordcount-application-UserCountStore-repartition,0] from NewReplica to OnlineReplica (state.change.logger)
[2017-10-31 02:38:20,237] TRACE Broker 0 received LeaderAndIsr request PartitionState(controllerEpoch=3, leader=0, leaderEpoch=0, isr=0, zkVersion=0, replicas=0) correlation id 9 from controller 0 epoch 3 for partition [wordcount-application-UserCountStore-repartition,0] (state.change.logger)
[2017-10-31 02:38:20,238] TRACE Broker 0 handling LeaderAndIsr request correlationId 9 from controller 0 epoch 3 starting the become-leader transition for partition wordcount-application-UserCountStore-repartition-0 (state.change.logger)
[2017-10-31 02:38:20,263] TRACE Broker 0 stopped fetchers as part of become-leader request from controller 0 epoch 3 with correlation id 9 for partition wordcount-application-UserCountStore-repartition-0 (state.change.logger)
[2017-10-31 02:38:20,263] TRACE Broker 0 completed LeaderAndIsr request correlationId 9 from controller 0 epoch 3 for the become-leader transition for partition wordcount-application-UserCountStore-repartition-0 (state.change.logger)
[2017-10-31 02:38:20,263] TRACE Controller 0 epoch 3 received response {error_code=0,partitions=[{topic=wordcount-application-UserCountStore-repartition,partition=0,error_code=0}]} for a request sent to broker localhost:9092 (id: 0 rack: null) (state.change.logger)
[2017-10-31 02:38:20,264] TRACE Broker 0 cached leader info (LeaderAndIsrInfo:(Leader:0,ISR:0,LeaderEpoch:0,ControllerEpoch:3),ReplicationFactor:1),AllReplicas:0) for partition wordcount-application-UserCountStore-repartition-0 in response to UpdateMetadata request sent by controller 0 epoch 3 with correlation id 10 (state.change.logger)
[2017-10-31 02:38:20,267] TRACE Controller 0 epoch 3 received response {error_code=0} for a request sent to broker localhost:9092 (id: 0 rack: null) (state.change.logger)
[2017-10-31 02:38:20,437] TRACE Controller 0 epoch 3 changed partition [wordcount-application-UserCountStore-changelog,0] state from NonExistentPartition to NewPartition with assigned replicas 0 (state.change.logger)
[2017-10-31 02:38:20,438] TRACE Controller 0 epoch 3 changed state of replica 0 for partition [wordcount-application-UserCountStore-changelog,0] from NonExistentReplica to NewReplica (state.change.logger)
[2017-10-31 02:38:20,441] TRACE Controller 0 epoch 3 changed partition [wordcount-application-UserCountStore-changelog,0] from NewPartition to OnlinePartition with leader 0 (state.change.logger)
[2017-10-31 02:38:20,441] TRACE Controller 0 epoch 3 sending become-leader LeaderAndIsr request (Leader:0,ISR:0,LeaderEpoch:0,ControllerEpoch:3) to broker 0 for partition [wordcount-application-UserCountStore-changelog,0] (state.change.logger)
[2017-10-31 02:38:20,441] TRACE Controller 0 epoch 3 sending UpdateMetadata request (Leader:0,ISR:0,LeaderEpoch:0,ControllerEpoch:3) to brokers Set(0) for partition wordcount-application-UserCountStore-changelog-0 (state.change.logger)
[2017-10-31 02:38:20,442] TRACE Controller 0 epoch 3 changed state of replica 0 for partition [wordcount-application-UserCountStore-changelog,0] from NewReplica to OnlineReplica (state.change.logger)
[2017-10-31 02:38:20,442] TRACE Broker 0 received LeaderAndIsr request PartitionState(controllerEpoch=3, leader=0, leaderEpoch=0, isr=0, zkVersion=0, replicas=0) correlation id 11 from controller 0 epoch 3 for partition [wordcount-application-UserCountStore-changelog,0] (state.change.logger)
[2017-10-31 02:38:20,443] TRACE Broker 0 handling LeaderAndIsr request correlationId 11 from controller 0 epoch 3 starting the become-leader transition for partition wordcount-application-UserCountStore-changelog-0 (state.change.logger)
[2017-10-31 02:38:20,448] TRACE Broker 0 stopped fetchers as part of become-leader request from controller 0 epoch 3 with correlation id 11 for partition wordcount-application-UserCountStore-changelog-0 (state.change.logger)
[2017-10-31 02:38:20,448] TRACE Broker 0 completed LeaderAndIsr request correlationId 11 from controller 0 epoch 3 for the become-leader transition for partition wordcount-application-UserCountStore-changelog-0 (state.change.logger)
[2017-10-31 02:38:20,448] TRACE Controller 0 epoch 3 received response {error_code=0,partitions=[{topic=wordcount-application-UserCountStore-changelog,partition=0,error_code=0}]} for a request sent to broker localhost:9092 (id: 0 rack: null) (state.change.logger)
[2017-10-31 02:38:20,449] TRACE Broker 0 cached leader info (LeaderAndIsrInfo:(Leader:0,ISR:0,LeaderEpoch:0,ControllerEpoch:3),ReplicationFactor:1),AllReplicas:0) for partition wordcount-application-UserCountStore-changelog-0 in response to UpdateMetadata request sent by controller 0 epoch 3 with correlation id 12 (state.change.logger)
[2017-10-31 02:38:20,451] TRACE Controller 0 epoch 3 received response {error_code=0} for a request sent to broker localhost:9092 (id: 0 rack: null) (state.change.logger)
[2017-10-31 02:38:49,917] TRACE Controller 0 epoch 3 changed partition [wordcount-application-groupbyKey_counter-repartition,0] state from NonExistentPartition to NewPartition with assigned replicas 0 (state.change.logger)
[2017-10-31 02:38:49,917] TRACE Controller 0 epoch 3 changed state of replica 0 for partition [wordcount-application-groupbyKey_counter-repartition,0] from NonExistentReplica to NewReplica (state.change.logger)
[2017-10-31 02:38:49,921] TRACE Controller 0 epoch 3 changed partition [wordcount-application-groupbyKey_counter-repartition,0] from NewPartition to OnlinePartition with leader 0 (state.change.logger)
[2017-10-31 02:38:49,921] TRACE Controller 0 epoch 3 sending become-leader LeaderAndIsr request (Leader:0,ISR:0,LeaderEpoch:0,ControllerEpoch:3) to broker 0 for partition [wordcount-application-groupbyKey_counter-repartition,0] (state.change.logger)
[2017-10-31 02:38:49,921] TRACE Controller 0 epoch 3 sending UpdateMetadata request (Leader:0,ISR:0,LeaderEpoch:0,ControllerEpoch:3) to brokers Set(0) for partition wordcount-application-groupbyKey_counter-repartition-0 (state.change.logger)
[2017-10-31 02:38:49,922] TRACE Controller 0 epoch 3 changed state of replica 0 for partition [wordcount-application-groupbyKey_counter-repartition,0] from NewReplica to OnlineReplica (state.change.logger)
[2017-10-31 02:38:49,922] TRACE Broker 0 received LeaderAndIsr request PartitionState(controllerEpoch=3, leader=0, leaderEpoch=0, isr=0, zkVersion=0, replicas=0) correlation id 13 from controller 0 epoch 3 for partition [wordcount-application-groupbyKey_counter-repartition,0] (state.change.logger)
[2017-10-31 02:38:49,922] TRACE Broker 0 handling LeaderAndIsr request correlationId 13 from controller 0 epoch 3 starting the become-leader transition for partition wordcount-application-groupbyKey_counter-repartition-0 (state.change.logger)
[2017-10-31 02:38:49,931] TRACE Broker 0 stopped fetchers as part of become-leader request from controller 0 epoch 3 with correlation id 13 for partition wordcount-application-groupbyKey_counter-repartition-0 (state.change.logger)
[2017-10-31 02:38:49,931] TRACE Broker 0 completed LeaderAndIsr request correlationId 13 from controller 0 epoch 3 for the become-leader transition for partition wordcount-application-groupbyKey_counter-repartition-0 (state.change.logger)
[2017-10-31 02:38:49,932] TRACE Controller 0 epoch 3 received response {error_code=0,partitions=[{topic=wordcount-application-groupbyKey_counter-repartition,partition=0,error_code=0}]} for a request sent to broker localhost:9092 (id: 0 rack: null) (state.change.logger)
[2017-10-31 02:38:49,933] TRACE Broker 0 cached leader info (LeaderAndIsrInfo:(Leader:0,ISR:0,LeaderEpoch:0,ControllerEpoch:3),ReplicationFactor:1),AllReplicas:0) for partition wordcount-application-groupbyKey_counter-repartition-0 in response to UpdateMetadata request sent by controller 0 epoch 3 with correlation id 14 (state.change.logger)
[2017-10-31 02:38:49,942] TRACE Controller 0 epoch 3 received response {error_code=0} for a request sent to broker localhost:9092 (id: 0 rack: null) (state.change.logger)
[2017-10-31 02:38:50,107] TRACE Controller 0 epoch 3 changed partition [wordcount-application-groupbyKey_counter-changelog,0] state from NonExistentPartition to NewPartition with assigned replicas 0 (state.change.logger)
[2017-10-31 02:38:50,108] TRACE Controller 0 epoch 3 changed state of replica 0 for partition [wordcount-application-groupbyKey_counter-changelog,0] from NonExistentReplica to NewReplica (state.change.logger)
[2017-10-31 02:38:50,111] TRACE Controller 0 epoch 3 changed partition [wordcount-application-groupbyKey_counter-changelog,0] from NewPartition to OnlinePartition with leader 0 (state.change.logger)
[2017-10-31 02:38:50,111] TRACE Controller 0 epoch 3 sending become-leader LeaderAndIsr request (Leader:0,ISR:0,LeaderEpoch:0,ControllerEpoch:3) to broker 0 for partition [wordcount-application-groupbyKey_counter-changelog,0] (state.change.logger)
[2017-10-31 02:38:50,111] TRACE Controller 0 epoch 3 sending UpdateMetadata request (Leader:0,ISR:0,LeaderEpoch:0,ControllerEpoch:3) to brokers Set(0) for partition wordcount-application-groupbyKey_counter-changelog-0 (state.change.logger)
[2017-10-31 02:38:50,111] TRACE Controller 0 epoch 3 changed state of replica 0 for partition [wordcount-application-groupbyKey_counter-changelog,0] from NewReplica to OnlineReplica (state.change.logger)
[2017-10-31 02:38:50,111] TRACE Broker 0 received LeaderAndIsr request PartitionState(controllerEpoch=3, leader=0, leaderEpoch=0, isr=0, zkVersion=0, replicas=0) correlation id 15 from controller 0 epoch 3 for partition [wordcount-application-groupbyKey_counter-changelog,0] (state.change.logger)
[2017-10-31 02:38:50,112] TRACE Broker 0 handling LeaderAndIsr request correlationId 15 from controller 0 epoch 3 starting the become-leader transition for partition wordcount-application-groupbyKey_counter-changelog-0 (state.change.logger)
[2017-10-31 02:38:50,119] TRACE Broker 0 stopped fetchers as part of become-leader request from controller 0 epoch 3 with correlation id 15 for partition wordcount-application-groupbyKey_counter-changelog-0 (state.change.logger)
[2017-10-31 02:38:50,119] TRACE Broker 0 completed LeaderAndIsr request correlationId 15 from controller 0 epoch 3 for the become-leader transition for partition wordcount-application-groupbyKey_counter-changelog-0 (state.change.logger)
[2017-10-31 02:38:50,120] TRACE Controller 0 epoch 3 received response {error_code=0,partitions=[{topic=wordcount-application-groupbyKey_counter-changelog,partition=0,error_code=0}]} for a request sent to broker localhost:9092 (id: 0 rack: null) (state.change.logger)
[2017-10-31 02:38:50,121] TRACE Broker 0 cached leader info (LeaderAndIsrInfo:(Leader:0,ISR:0,LeaderEpoch:0,ControllerEpoch:3),ReplicationFactor:1),AllReplicas:0) for partition wordcount-application-groupbyKey_counter-changelog-0 in response to UpdateMetadata request sent by controller 0 epoch 3 with correlation id 16 (state.change.logger)
[2017-10-31 02:38:50,123] TRACE Controller 0 epoch 3 received response {error_code=0} for a request sent to broker localhost:9092 (id: 0 rack: null) (state.change.logger)
[2017-10-31 02:48:22,820] TRACE Controller 0 epoch 3 changed partition [topic_map,0] state from NonExistentPartition to NewPartition with assigned replicas 0 (state.change.logger)
[2017-10-31 02:48:22,821] TRACE Controller 0 epoch 3 changed state of replica 0 for partition [topic_map,0] from NonExistentReplica to NewReplica (state.change.logger)
[2017-10-31 02:48:22,823] TRACE Controller 0 epoch 3 changed partition [topic_map,0] from NewPartition to OnlinePartition with leader 0 (state.change.logger)
[2017-10-31 02:48:22,823] TRACE Controller 0 epoch 3 sending become-leader LeaderAndIsr request (Leader:0,ISR:0,LeaderEpoch:0,ControllerEpoch:3) to broker 0 for partition [topic_map,0] (state.change.logger)
[2017-10-31 02:48:22,823] TRACE Controller 0 epoch 3 sending UpdateMetadata request (Leader:0,ISR:0,LeaderEpoch:0,ControllerEpoch:3) to brokers Set(0) for partition topic_map-0 (state.change.logger)
[2017-10-31 02:48:22,824] TRACE Controller 0 epoch 3 changed state of replica 0 for partition [topic_map,0] from NewReplica to OnlineReplica (state.change.logger)
[2017-10-31 02:48:22,824] TRACE Broker 0 received LeaderAndIsr request PartitionState(controllerEpoch=3, leader=0, leaderEpoch=0, isr=0, zkVersion=0, replicas=0) correlation id 17 from controller 0 epoch 3 for partition [topic_map,0] (state.change.logger)
[2017-10-31 02:48:22,824] TRACE Broker 0 handling LeaderAndIsr request correlationId 17 from controller 0 epoch 3 starting the become-leader transition for partition topic_map-0 (state.change.logger)
[2017-10-31 02:48:22,828] TRACE Broker 0 stopped fetchers as part of become-leader request from controller 0 epoch 3 with correlation id 17 for partition topic_map-0 (state.change.logger)
[2017-10-31 02:48:22,828] TRACE Broker 0 completed LeaderAndIsr request correlationId 17 from controller 0 epoch 3 for the become-leader transition for partition topic_map-0 (state.change.logger)
[2017-10-31 02:48:22,828] TRACE Controller 0 epoch 3 received response {error_code=0,partitions=[{topic=topic_map,partition=0,error_code=0}]} for a request sent to broker localhost:9092 (id: 0 rack: null) (state.change.logger)
[2017-10-31 02:48:22,829] TRACE Broker 0 cached leader info (LeaderAndIsrInfo:(Leader:0,ISR:0,LeaderEpoch:0,ControllerEpoch:3),ReplicationFactor:1),AllReplicas:0) for partition topic_map-0 in response to UpdateMetadata request sent by controller 0 epoch 3 with correlation id 18 (state.change.logger)
[2017-10-31 02:48:22,830] TRACE Controller 0 epoch 3 received response {error_code=0} for a request sent to broker localhost:9092 (id: 0 rack: null) (state.change.logger)
