[2017-10-21 23:17:54,576] DEBUG preRegister called. Server=com.sun.jmx.mbeanserver.JmxMBeanServer@66d3c617, name=log4j:logger=kafka.controller (kafka.controller)
[2017-10-21 23:18:09,514] INFO [Controller 0]: Controller starting up (kafka.controller.KafkaController)
[2017-10-21 23:18:09,610] INFO [Controller 0]: Broker 0 starting become controller state transition (kafka.controller.KafkaController)
[2017-10-21 23:18:09,619] INFO [Controller 0]: Controller 0 incremented epoch to 1 (kafka.controller.KafkaController)
[2017-10-21 23:18:09,627] DEBUG [Controller 0]: Registering IsrChangeNotificationListener (kafka.controller.KafkaController)
[2017-10-21 23:18:09,684] INFO [Controller 0]: Partitions undergoing preferred replica election:  (kafka.controller.KafkaController)
[2017-10-21 23:18:09,686] INFO [Controller 0]: Partitions that completed preferred replica election:  (kafka.controller.KafkaController)
[2017-10-21 23:18:09,687] INFO [Controller 0]: Resuming preferred replica election for partitions:  (kafka.controller.KafkaController)
[2017-10-21 23:18:09,691] INFO [Controller 0]: Partitions being reassigned: Map() (kafka.controller.KafkaController)
[2017-10-21 23:18:09,691] INFO [Controller 0]: Partitions already reassigned: List() (kafka.controller.KafkaController)
[2017-10-21 23:18:09,693] INFO [Controller 0]: Resuming reassignment of partitions: Map() (kafka.controller.KafkaController)
[2017-10-21 23:18:09,697] INFO [Controller 0]: List of topics to be deleted:  (kafka.controller.KafkaController)
[2017-10-21 23:18:09,697] INFO [Controller 0]: List of topics ineligible for deletion:  (kafka.controller.KafkaController)
[2017-10-21 23:18:09,700] INFO [Controller 0]: Currently active brokers in the cluster: Set() (kafka.controller.KafkaController)
[2017-10-21 23:18:09,701] INFO [Controller 0]: Currently shutting brokers in the cluster: Set() (kafka.controller.KafkaController)
[2017-10-21 23:18:09,701] INFO [Controller 0]: Current list of topics in the cluster: Set() (kafka.controller.KafkaController)
[2017-10-21 23:18:09,761] INFO [Replica state machine on controller 0]: Started replica state machine with initial state -> Map() (kafka.controller.ReplicaStateMachine)
[2017-10-21 23:18:09,775] INFO [Partition state machine on Controller 0]: Started partition state machine with initial state -> Map() (kafka.controller.PartitionStateMachine)
[2017-10-21 23:18:09,777] INFO [Controller 0]: Broker 0 is ready to serve as the new controller with epoch 1 (kafka.controller.KafkaController)
[2017-10-21 23:18:09,779] INFO [Controller 0]: Starting preferred replica leader election for partitions  (kafka.controller.KafkaController)
[2017-10-21 23:18:09,782] INFO [Partition state machine on Controller 0]: Invoking state change to OnlinePartition for partitions  (kafka.controller.PartitionStateMachine)
[2017-10-21 23:18:09,795] INFO [Controller 0]: starting the partition rebalance scheduler (kafka.controller.KafkaController)
[2017-10-21 23:18:09,797] INFO [Controller 0]: Controller startup complete (kafka.controller.KafkaController)
[2017-10-21 23:18:09,936] INFO [BrokerChangeListener on Controller 0]: Broker change listener fired for path /brokers/ids with children 0 (kafka.controller.ReplicaStateMachine$BrokerChangeListener)
[2017-10-21 23:18:10,024] INFO [BrokerChangeListener on Controller 0]: Newly added brokers: 0, deleted brokers: , all live brokers: 0 (kafka.controller.ReplicaStateMachine$BrokerChangeListener)
[2017-10-21 23:18:10,025] DEBUG [Channel manager on controller 0]: Controller 0 trying to connect to broker 0 (kafka.controller.ControllerChannelManager)
[2017-10-21 23:18:10,046] INFO [Controller-0-to-broker-0-send-thread], Starting  (kafka.controller.RequestSendThread)
[2017-10-21 23:18:10,047] INFO [Controller 0]: New broker startup callback for 0 (kafka.controller.KafkaController)
[2017-10-21 23:18:10,065] INFO [Controller-0-to-broker-0-send-thread], Controller 0 connected to Node(0, localhost, 9092) for sending state change requests (kafka.controller.RequestSendThread)
[2017-10-21 23:18:14,798] TRACE [Controller 0]: checking need to trigger partition rebalance (kafka.controller.KafkaController)
[2017-10-21 23:18:14,906] DEBUG [Controller 0]: preferred replicas by broker Map() (kafka.controller.KafkaController)
[2017-10-21 23:18:39,323] DEBUG [TopicChangeListener on Controller 0]: Topic change listener fired for path /brokers/topics with children test1 (kafka.controller.PartitionStateMachine$TopicChangeListener)
[2017-10-21 23:18:39,337] INFO [TopicChangeListener on Controller 0]: New topics: [Set(test1)], deleted topics: [Set()], new partition replica assignment [Map([test1,0] -> List(0))] (kafka.controller.PartitionStateMachine$TopicChangeListener)
[2017-10-21 23:18:39,338] INFO [Controller 0]: New topic creation callback for [test1,0] (kafka.controller.KafkaController)
[2017-10-21 23:18:39,386] INFO [Controller 0]: New partition creation callback for [test1,0] (kafka.controller.KafkaController)
[2017-10-21 23:18:39,386] INFO [Partition state machine on Controller 0]: Invoking state change to NewPartition for partitions [test1,0] (kafka.controller.PartitionStateMachine)
[2017-10-21 23:18:39,430] INFO [Replica state machine on controller 0]: Invoking state change to NewReplica for replicas [Topic=test1,Partition=0,Replica=0] (kafka.controller.ReplicaStateMachine)
[2017-10-21 23:18:39,438] INFO [Partition state machine on Controller 0]: Invoking state change to OnlinePartition for partitions [test1,0] (kafka.controller.PartitionStateMachine)
[2017-10-21 23:18:39,441] DEBUG [Partition state machine on Controller 0]: Live assigned replicas for partition [test1,0] are: [List(0)] (kafka.controller.PartitionStateMachine)
[2017-10-21 23:18:39,444] DEBUG [Partition state machine on Controller 0]: Initializing leader and isr for partition [test1,0] to (Leader:0,ISR:0,LeaderEpoch:0,ControllerEpoch:1) (kafka.controller.PartitionStateMachine)
[2017-10-21 23:18:39,539] INFO [Replica state machine on controller 0]: Invoking state change to OnlineReplica for replicas [Topic=test1,Partition=0,Replica=0] (kafka.controller.ReplicaStateMachine)
[2017-10-21 23:19:53,024] INFO [Controller 0]: Shutting down broker 0 (kafka.controller.KafkaController)
[2017-10-21 23:19:53,025] DEBUG [Controller 0]: All shutting down brokers: 0 (kafka.controller.KafkaController)
[2017-10-21 23:19:53,026] DEBUG [Controller 0]: Live brokers:  (kafka.controller.KafkaController)
[2017-10-21 23:19:53,030] TRACE [Controller 0]: All leaders = [test1,0] -> (Leader:0,ISR:0,LeaderEpoch:0,ControllerEpoch:1) (kafka.controller.KafkaController)
[2017-10-21 23:19:54,539] DEBUG [Controller 0]: Controller resigning, broker id 0 (kafka.controller.KafkaController)
[2017-10-21 23:19:54,540] DEBUG [Controller 0]: De-registering IsrChangeNotificationListener (kafka.controller.KafkaController)
[2017-10-21 23:19:54,545] INFO [Partition state machine on Controller 0]: Stopped partition state machine (kafka.controller.PartitionStateMachine)
[2017-10-21 23:19:54,546] INFO [Replica state machine on controller 0]: Stopped replica state machine (kafka.controller.ReplicaStateMachine)
[2017-10-21 23:19:54,551] INFO [Controller-0-to-broker-0-send-thread], Shutting down (kafka.controller.RequestSendThread)
[2017-10-21 23:19:54,551] INFO [Controller-0-to-broker-0-send-thread], Stopped  (kafka.controller.RequestSendThread)
[2017-10-21 23:19:54,551] INFO [Controller-0-to-broker-0-send-thread], Shutdown completed (kafka.controller.RequestSendThread)
[2017-10-21 23:19:54,553] INFO [Controller 0]: Broker 0 resigned as the controller (kafka.controller.KafkaController)
[2017-10-21 23:41:06,642] DEBUG preRegister called. Server=com.sun.jmx.mbeanserver.JmxMBeanServer@66d3c617, name=log4j:logger=kafka.controller (kafka.controller)
[2017-10-21 23:41:11,312] INFO [Controller 0]: Controller starting up (kafka.controller.KafkaController)
[2017-10-21 23:41:11,384] INFO [Controller 0]: Broker 0 starting become controller state transition (kafka.controller.KafkaController)
[2017-10-21 23:41:11,397] INFO [Controller 0]: Initialized controller epoch to 1 and zk version 0 (kafka.controller.KafkaController)
[2017-10-21 23:41:11,413] INFO [Controller 0]: Controller 0 incremented epoch to 2 (kafka.controller.KafkaController)
[2017-10-21 23:41:11,416] DEBUG [Controller 0]: Registering IsrChangeNotificationListener (kafka.controller.KafkaController)
[2017-10-21 23:41:11,512] INFO [Controller 0]: Partitions undergoing preferred replica election:  (kafka.controller.KafkaController)
[2017-10-21 23:41:11,521] INFO [Controller 0]: Partitions that completed preferred replica election:  (kafka.controller.KafkaController)
[2017-10-21 23:41:11,522] INFO [Controller 0]: Resuming preferred replica election for partitions:  (kafka.controller.KafkaController)
[2017-10-21 23:41:11,525] INFO [Controller 0]: Partitions being reassigned: Map() (kafka.controller.KafkaController)
[2017-10-21 23:41:11,526] INFO [Controller 0]: Partitions already reassigned: List() (kafka.controller.KafkaController)
[2017-10-21 23:41:11,532] INFO [Controller 0]: Resuming reassignment of partitions: Map() (kafka.controller.KafkaController)
[2017-10-21 23:41:11,538] INFO [Controller 0]: List of topics to be deleted:  (kafka.controller.KafkaController)
[2017-10-21 23:41:11,544] INFO [Controller 0]: List of topics ineligible for deletion: test1 (kafka.controller.KafkaController)
[2017-10-21 23:41:11,547] INFO [Controller 0]: Currently active brokers in the cluster: Set() (kafka.controller.KafkaController)
[2017-10-21 23:41:11,548] INFO [Controller 0]: Currently shutting brokers in the cluster: Set() (kafka.controller.KafkaController)
[2017-10-21 23:41:11,548] INFO [Controller 0]: Current list of topics in the cluster: Set(test1) (kafka.controller.KafkaController)
[2017-10-21 23:41:11,552] INFO [Replica state machine on controller 0]: Started replica state machine with initial state -> Map([Topic=test1,Partition=0,Replica=0] -> ReplicaDeletionIneligible) (kafka.controller.ReplicaStateMachine)
[2017-10-21 23:41:11,607] DEBUG [OfflinePartitionLeaderSelector]: No broker in ISR is alive for [test1,0]. Pick the leader from the alive assigned replicas:  (kafka.controller.OfflinePartitionLeaderSelector)
[2017-10-21 23:41:11,637] INFO [Partition state machine on Controller 0]: Started partition state machine with initial state -> Map([test1,0] -> OfflinePartition) (kafka.controller.PartitionStateMachine)
[2017-10-21 23:41:11,642] INFO [Controller 0]: Broker 0 is ready to serve as the new controller with epoch 2 (kafka.controller.KafkaController)
[2017-10-21 23:41:11,643] INFO [Controller 0]: Starting preferred replica leader election for partitions  (kafka.controller.KafkaController)
[2017-10-21 23:41:11,644] INFO [Partition state machine on Controller 0]: Invoking state change to OnlinePartition for partitions  (kafka.controller.PartitionStateMachine)
[2017-10-21 23:41:11,655] INFO [Controller 0]: starting the partition rebalance scheduler (kafka.controller.KafkaController)
[2017-10-21 23:41:11,656] INFO [Controller 0]: Controller startup complete (kafka.controller.KafkaController)
[2017-10-21 23:41:11,880] INFO [BrokerChangeListener on Controller 0]: Broker change listener fired for path /brokers/ids with children 0 (kafka.controller.ReplicaStateMachine$BrokerChangeListener)
[2017-10-21 23:41:12,018] INFO [BrokerChangeListener on Controller 0]: Newly added brokers: 0, deleted brokers: , all live brokers: 0 (kafka.controller.ReplicaStateMachine$BrokerChangeListener)
[2017-10-21 23:41:12,031] DEBUG [Channel manager on controller 0]: Controller 0 trying to connect to broker 0 (kafka.controller.ControllerChannelManager)
[2017-10-21 23:41:12,111] INFO [Controller 0]: New broker startup callback for 0 (kafka.controller.KafkaController)
[2017-10-21 23:41:12,113] INFO [Controller-0-to-broker-0-send-thread], Starting  (kafka.controller.RequestSendThread)
[2017-10-21 23:41:12,193] INFO [Controller-0-to-broker-0-send-thread], Controller 0 connected to Node(0, localhost, 9092) for sending state change requests (kafka.controller.RequestSendThread)
[2017-10-21 23:41:12,266] INFO [Replica state machine on controller 0]: Invoking state change to OnlineReplica for replicas [Topic=test1,Partition=0,Replica=0] (kafka.controller.ReplicaStateMachine)
[2017-10-21 23:41:12,369] DEBUG [OfflinePartitionLeaderSelector]: Some broker in ISR is alive for [test1,0]. Select 0 from ISR 0 to be the leader. (kafka.controller.OfflinePartitionLeaderSelector)
[2017-10-21 23:41:12,372] INFO [OfflinePartitionLeaderSelector]: Selected new leader and ISR {"leader":0,"leader_epoch":1,"isr":[0]} for offline partition [test1,0] (kafka.controller.OfflinePartitionLeaderSelector)
[2017-10-21 23:41:12,494] DEBUG [Partition state machine on Controller 0]: After leader election, leader cache is updated to Map([test1,0] -> (Leader:0,ISR:0,LeaderEpoch:1,ControllerEpoch:2)) (kafka.controller.PartitionStateMachine)
[2017-10-21 23:41:16,656] TRACE [Controller 0]: checking need to trigger partition rebalance (kafka.controller.KafkaController)
[2017-10-21 23:41:16,660] DEBUG [Controller 0]: preferred replicas by broker Map(0 -> Map([test1,0] -> List(0))) (kafka.controller.KafkaController)
[2017-10-21 23:41:16,663] DEBUG [Controller 0]: topics not in preferred replica Map() (kafka.controller.KafkaController)
[2017-10-21 23:41:16,664] TRACE [Controller 0]: leader imbalance ratio for broker 0 is 0.000000 (kafka.controller.KafkaController)
[2017-10-21 23:42:54,305] DEBUG [TopicChangeListener on Controller 0]: Topic change listener fired for path /brokers/topics with children test1,__consumer_offsets (kafka.controller.PartitionStateMachine$TopicChangeListener)
[2017-10-21 23:42:54,381] INFO [TopicChangeListener on Controller 0]: New topics: [Set(__consumer_offsets)], deleted topics: [Set()], new partition replica assignment [Map([__consumer_offsets,19] -> List(0), [__consumer_offsets,30] -> List(0), [__consumer_offsets,47] -> List(0), [__consumer_offsets,29] -> List(0), [__consumer_offsets,41] -> List(0), [__consumer_offsets,39] -> List(0), [__consumer_offsets,10] -> List(0), [__consumer_offsets,17] -> List(0), [__consumer_offsets,14] -> List(0), [__consumer_offsets,40] -> List(0), [__consumer_offsets,18] -> List(0), [__consumer_offsets,26] -> List(0), [__consumer_offsets,0] -> List(0), [__consumer_offsets,24] -> List(0), [__consumer_offsets,33] -> List(0), [__consumer_offsets,20] -> List(0), [__consumer_offsets,21] -> List(0), [__consumer_offsets,3] -> List(0), [__consumer_offsets,5] -> List(0), [__consumer_offsets,22] -> List(0), [__consumer_offsets,12] -> List(0), [__consumer_offsets,8] -> List(0), [__consumer_offsets,23] -> List(0), [__consumer_offsets,15] -> List(0), [__consumer_offsets,48] -> List(0), [__consumer_offsets,11] -> List(0), [__consumer_offsets,13] -> List(0), [__consumer_offsets,49] -> List(0), [__consumer_offsets,6] -> List(0), [__consumer_offsets,28] -> List(0), [__consumer_offsets,4] -> List(0), [__consumer_offsets,37] -> List(0), [__consumer_offsets,31] -> List(0), [__consumer_offsets,44] -> List(0), [__consumer_offsets,42] -> List(0), [__consumer_offsets,34] -> List(0), [__consumer_offsets,46] -> List(0), [__consumer_offsets,25] -> List(0), [__consumer_offsets,45] -> List(0), [__consumer_offsets,27] -> List(0), [__consumer_offsets,32] -> List(0), [__consumer_offsets,43] -> List(0), [__consumer_offsets,36] -> List(0), [__consumer_offsets,35] -> List(0), [__consumer_offsets,7] -> List(0), [__consumer_offsets,9] -> List(0), [__consumer_offsets,38] -> List(0), [__consumer_offsets,1] -> List(0), [__consumer_offsets,16] -> List(0), [__consumer_offsets,2] -> List(0))] (kafka.controller.PartitionStateMachine$TopicChangeListener)
[2017-10-21 23:42:54,384] INFO [Controller 0]: New topic creation callback for [__consumer_offsets,32],[__consumer_offsets,16],[__consumer_offsets,49],[__consumer_offsets,44],[__consumer_offsets,28],[__consumer_offsets,17],[__consumer_offsets,23],[__consumer_offsets,7],[__consumer_offsets,4],[__consumer_offsets,29],[__consumer_offsets,35],[__consumer_offsets,3],[__consumer_offsets,24],[__consumer_offsets,41],[__consumer_offsets,0],[__consumer_offsets,38],[__consumer_offsets,13],[__consumer_offsets,8],[__consumer_offsets,5],[__consumer_offsets,39],[__consumer_offsets,36],[__consumer_offsets,40],[__consumer_offsets,45],[__consumer_offsets,15],[__consumer_offsets,33],[__consumer_offsets,37],[__consumer_offsets,21],[__consumer_offsets,6],[__consumer_offsets,11],[__consumer_offsets,20],[__consumer_offsets,47],[__consumer_offsets,2],[__consumer_offsets,27],[__consumer_offsets,34],[__consumer_offsets,9],[__consumer_offsets,22],[__consumer_offsets,42],[__consumer_offsets,14],[__consumer_offsets,25],[__consumer_offsets,10],[__consumer_offsets,48],[__consumer_offsets,31],[__consumer_offsets,18],[__consumer_offsets,19],[__consumer_offsets,12],[__consumer_offsets,46],[__consumer_offsets,43],[__consumer_offsets,1],[__consumer_offsets,26],[__consumer_offsets,30] (kafka.controller.KafkaController)
[2017-10-21 23:42:54,396] INFO [Controller 0]: New partition creation callback for [__consumer_offsets,32],[__consumer_offsets,16],[__consumer_offsets,49],[__consumer_offsets,44],[__consumer_offsets,28],[__consumer_offsets,17],[__consumer_offsets,23],[__consumer_offsets,7],[__consumer_offsets,4],[__consumer_offsets,29],[__consumer_offsets,35],[__consumer_offsets,3],[__consumer_offsets,24],[__consumer_offsets,41],[__consumer_offsets,0],[__consumer_offsets,38],[__consumer_offsets,13],[__consumer_offsets,8],[__consumer_offsets,5],[__consumer_offsets,39],[__consumer_offsets,36],[__consumer_offsets,40],[__consumer_offsets,45],[__consumer_offsets,15],[__consumer_offsets,33],[__consumer_offsets,37],[__consumer_offsets,21],[__consumer_offsets,6],[__consumer_offsets,11],[__consumer_offsets,20],[__consumer_offsets,47],[__consumer_offsets,2],[__consumer_offsets,27],[__consumer_offsets,34],[__consumer_offsets,9],[__consumer_offsets,22],[__consumer_offsets,42],[__consumer_offsets,14],[__consumer_offsets,25],[__consumer_offsets,10],[__consumer_offsets,48],[__consumer_offsets,31],[__consumer_offsets,18],[__consumer_offsets,19],[__consumer_offsets,12],[__consumer_offsets,46],[__consumer_offsets,43],[__consumer_offsets,1],[__consumer_offsets,26],[__consumer_offsets,30] (kafka.controller.KafkaController)
[2017-10-21 23:42:54,397] INFO [Partition state machine on Controller 0]: Invoking state change to NewPartition for partitions [__consumer_offsets,32],[__consumer_offsets,16],[__consumer_offsets,49],[__consumer_offsets,44],[__consumer_offsets,28],[__consumer_offsets,17],[__consumer_offsets,23],[__consumer_offsets,7],[__consumer_offsets,4],[__consumer_offsets,29],[__consumer_offsets,35],[__consumer_offsets,3],[__consumer_offsets,24],[__consumer_offsets,41],[__consumer_offsets,0],[__consumer_offsets,38],[__consumer_offsets,13],[__consumer_offsets,8],[__consumer_offsets,5],[__consumer_offsets,39],[__consumer_offsets,36],[__consumer_offsets,40],[__consumer_offsets,45],[__consumer_offsets,15],[__consumer_offsets,33],[__consumer_offsets,37],[__consumer_offsets,21],[__consumer_offsets,6],[__consumer_offsets,11],[__consumer_offsets,20],[__consumer_offsets,47],[__consumer_offsets,2],[__consumer_offsets,27],[__consumer_offsets,34],[__consumer_offsets,9],[__consumer_offsets,22],[__consumer_offsets,42],[__consumer_offsets,14],[__consumer_offsets,25],[__consumer_offsets,10],[__consumer_offsets,48],[__consumer_offsets,31],[__consumer_offsets,18],[__consumer_offsets,19],[__consumer_offsets,12],[__consumer_offsets,46],[__consumer_offsets,43],[__consumer_offsets,1],[__consumer_offsets,26],[__consumer_offsets,30] (kafka.controller.PartitionStateMachine)
[2017-10-21 23:42:54,414] INFO [Replica state machine on controller 0]: Invoking state change to NewReplica for replicas [Topic=__consumer_offsets,Partition=25,Replica=0],[Topic=__consumer_offsets,Partition=12,Replica=0],[Topic=__consumer_offsets,Partition=31,Replica=0],[Topic=__consumer_offsets,Partition=40,Replica=0],[Topic=__consumer_offsets,Partition=35,Replica=0],[Topic=__consumer_offsets,Partition=9,Replica=0],[Topic=__consumer_offsets,Partition=43,Replica=0],[Topic=__consumer_offsets,Partition=2,Replica=0],[Topic=__consumer_offsets,Partition=11,Replica=0],[Topic=__consumer_offsets,Partition=29,Replica=0],[Topic=__consumer_offsets,Partition=30,Replica=0],[Topic=__consumer_offsets,Partition=4,Replica=0],[Topic=__consumer_offsets,Partition=42,Replica=0],[Topic=__consumer_offsets,Partition=26,Replica=0],[Topic=__consumer_offsets,Partition=34,Replica=0],[Topic=__consumer_offsets,Partition=17,Replica=0],[Topic=__consumer_offsets,Partition=37,Replica=0],[Topic=__consumer_offsets,Partition=27,Replica=0],[Topic=__consumer_offsets,Partition=10,Replica=0],[Topic=__consumer_offsets,Partition=41,Replica=0],[Topic=__consumer_offsets,Partition=20,Replica=0],[Topic=__consumer_offsets,Partition=28,Replica=0],[Topic=__consumer_offsets,Partition=46,Replica=0],[Topic=__consumer_offsets,Partition=39,Replica=0],[Topic=__consumer_offsets,Partition=47,Replica=0],[Topic=__consumer_offsets,Partition=49,Replica=0],[Topic=__consumer_offsets,Partition=22,Replica=0],[Topic=__consumer_offsets,Partition=1,Replica=0],[Topic=__consumer_offsets,Partition=24,Replica=0],[Topic=__consumer_offsets,Partition=6,Replica=0],[Topic=__consumer_offsets,Partition=36,Replica=0],[Topic=__consumer_offsets,Partition=8,Replica=0],[Topic=__consumer_offsets,Partition=38,Replica=0],[Topic=__consumer_offsets,Partition=16,Replica=0],[Topic=__consumer_offsets,Partition=21,Replica=0],[Topic=__consumer_offsets,Partition=18,Replica=0],[Topic=__consumer_offsets,Partition=0,Replica=0],[Topic=__consumer_offsets,Partition=48,Replica=0],[Topic=__consumer_offsets,Partition=5,Replica=0],[Topic=__consumer_offsets,Partition=13,Replica=0],[Topic=__consumer_offsets,Partition=3,Replica=0],[Topic=__consumer_offsets,Partition=44,Replica=0],[Topic=__consumer_offsets,Partition=15,Replica=0],[Topic=__consumer_offsets,Partition=7,Replica=0],[Topic=__consumer_offsets,Partition=19,Replica=0],[Topic=__consumer_offsets,Partition=33,Replica=0],[Topic=__consumer_offsets,Partition=45,Replica=0],[Topic=__consumer_offsets,Partition=23,Replica=0],[Topic=__consumer_offsets,Partition=32,Replica=0],[Topic=__consumer_offsets,Partition=14,Replica=0] (kafka.controller.ReplicaStateMachine)
[2017-10-21 23:42:54,529] INFO [Partition state machine on Controller 0]: Invoking state change to OnlinePartition for partitions [__consumer_offsets,32],[__consumer_offsets,16],[__consumer_offsets,49],[__consumer_offsets,44],[__consumer_offsets,28],[__consumer_offsets,17],[__consumer_offsets,23],[__consumer_offsets,7],[__consumer_offsets,4],[__consumer_offsets,29],[__consumer_offsets,35],[__consumer_offsets,3],[__consumer_offsets,24],[__consumer_offsets,41],[__consumer_offsets,0],[__consumer_offsets,38],[__consumer_offsets,13],[__consumer_offsets,8],[__consumer_offsets,5],[__consumer_offsets,39],[__consumer_offsets,36],[__consumer_offsets,40],[__consumer_offsets,45],[__consumer_offsets,15],[__consumer_offsets,33],[__consumer_offsets,37],[__consumer_offsets,21],[__consumer_offsets,6],[__consumer_offsets,11],[__consumer_offsets,20],[__consumer_offsets,47],[__consumer_offsets,2],[__consumer_offsets,27],[__consumer_offsets,34],[__consumer_offsets,9],[__consumer_offsets,22],[__consumer_offsets,42],[__consumer_offsets,14],[__consumer_offsets,25],[__consumer_offsets,10],[__consumer_offsets,48],[__consumer_offsets,31],[__consumer_offsets,18],[__consumer_offsets,19],[__consumer_offsets,12],[__consumer_offsets,46],[__consumer_offsets,43],[__consumer_offsets,1],[__consumer_offsets,26],[__consumer_offsets,30] (kafka.controller.PartitionStateMachine)
[2017-10-21 23:42:54,530] DEBUG [Partition state machine on Controller 0]: Live assigned replicas for partition [__consumer_offsets,32] are: [List(0)] (kafka.controller.PartitionStateMachine)
[2017-10-21 23:42:54,535] DEBUG [Partition state machine on Controller 0]: Initializing leader and isr for partition [__consumer_offsets,32] to (Leader:0,ISR:0,LeaderEpoch:0,ControllerEpoch:2) (kafka.controller.PartitionStateMachine)
[2017-10-21 23:42:54,544] DEBUG [Partition state machine on Controller 0]: Live assigned replicas for partition [__consumer_offsets,16] are: [List(0)] (kafka.controller.PartitionStateMachine)
[2017-10-21 23:42:54,544] DEBUG [Partition state machine on Controller 0]: Initializing leader and isr for partition [__consumer_offsets,16] to (Leader:0,ISR:0,LeaderEpoch:0,ControllerEpoch:2) (kafka.controller.PartitionStateMachine)
[2017-10-21 23:42:54,555] DEBUG [Partition state machine on Controller 0]: Live assigned replicas for partition [__consumer_offsets,49] are: [List(0)] (kafka.controller.PartitionStateMachine)
[2017-10-21 23:42:54,555] DEBUG [Partition state machine on Controller 0]: Initializing leader and isr for partition [__consumer_offsets,49] to (Leader:0,ISR:0,LeaderEpoch:0,ControllerEpoch:2) (kafka.controller.PartitionStateMachine)
[2017-10-21 23:42:54,566] DEBUG [Partition state machine on Controller 0]: Live assigned replicas for partition [__consumer_offsets,44] are: [List(0)] (kafka.controller.PartitionStateMachine)
[2017-10-21 23:42:54,566] DEBUG [Partition state machine on Controller 0]: Initializing leader and isr for partition [__consumer_offsets,44] to (Leader:0,ISR:0,LeaderEpoch:0,ControllerEpoch:2) (kafka.controller.PartitionStateMachine)
[2017-10-21 23:42:54,576] DEBUG [Partition state machine on Controller 0]: Live assigned replicas for partition [__consumer_offsets,28] are: [List(0)] (kafka.controller.PartitionStateMachine)
[2017-10-21 23:42:54,576] DEBUG [Partition state machine on Controller 0]: Initializing leader and isr for partition [__consumer_offsets,28] to (Leader:0,ISR:0,LeaderEpoch:0,ControllerEpoch:2) (kafka.controller.PartitionStateMachine)
[2017-10-21 23:42:54,591] DEBUG [Partition state machine on Controller 0]: Live assigned replicas for partition [__consumer_offsets,17] are: [List(0)] (kafka.controller.PartitionStateMachine)
[2017-10-21 23:42:54,591] DEBUG [Partition state machine on Controller 0]: Initializing leader and isr for partition [__consumer_offsets,17] to (Leader:0,ISR:0,LeaderEpoch:0,ControllerEpoch:2) (kafka.controller.PartitionStateMachine)
[2017-10-21 23:42:54,596] DEBUG [Partition state machine on Controller 0]: Live assigned replicas for partition [__consumer_offsets,23] are: [List(0)] (kafka.controller.PartitionStateMachine)
[2017-10-21 23:42:54,596] DEBUG [Partition state machine on Controller 0]: Initializing leader and isr for partition [__consumer_offsets,23] to (Leader:0,ISR:0,LeaderEpoch:0,ControllerEpoch:2) (kafka.controller.PartitionStateMachine)
[2017-10-21 23:42:54,607] DEBUG [Partition state machine on Controller 0]: Live assigned replicas for partition [__consumer_offsets,7] are: [List(0)] (kafka.controller.PartitionStateMachine)
[2017-10-21 23:42:54,607] DEBUG [Partition state machine on Controller 0]: Initializing leader and isr for partition [__consumer_offsets,7] to (Leader:0,ISR:0,LeaderEpoch:0,ControllerEpoch:2) (kafka.controller.PartitionStateMachine)
[2017-10-21 23:42:54,624] DEBUG [Partition state machine on Controller 0]: Live assigned replicas for partition [__consumer_offsets,4] are: [List(0)] (kafka.controller.PartitionStateMachine)
[2017-10-21 23:42:54,624] DEBUG [Partition state machine on Controller 0]: Initializing leader and isr for partition [__consumer_offsets,4] to (Leader:0,ISR:0,LeaderEpoch:0,ControllerEpoch:2) (kafka.controller.PartitionStateMachine)
[2017-10-21 23:42:54,631] DEBUG [Partition state machine on Controller 0]: Live assigned replicas for partition [__consumer_offsets,29] are: [List(0)] (kafka.controller.PartitionStateMachine)
[2017-10-21 23:42:54,631] DEBUG [Partition state machine on Controller 0]: Initializing leader and isr for partition [__consumer_offsets,29] to (Leader:0,ISR:0,LeaderEpoch:0,ControllerEpoch:2) (kafka.controller.PartitionStateMachine)
[2017-10-21 23:42:54,639] DEBUG [Partition state machine on Controller 0]: Live assigned replicas for partition [__consumer_offsets,35] are: [List(0)] (kafka.controller.PartitionStateMachine)
[2017-10-21 23:42:54,639] DEBUG [Partition state machine on Controller 0]: Initializing leader and isr for partition [__consumer_offsets,35] to (Leader:0,ISR:0,LeaderEpoch:0,ControllerEpoch:2) (kafka.controller.PartitionStateMachine)
[2017-10-21 23:42:54,647] DEBUG [Partition state machine on Controller 0]: Live assigned replicas for partition [__consumer_offsets,3] are: [List(0)] (kafka.controller.PartitionStateMachine)
[2017-10-21 23:42:54,647] DEBUG [Partition state machine on Controller 0]: Initializing leader and isr for partition [__consumer_offsets,3] to (Leader:0,ISR:0,LeaderEpoch:0,ControllerEpoch:2) (kafka.controller.PartitionStateMachine)
[2017-10-21 23:42:54,657] DEBUG [Partition state machine on Controller 0]: Live assigned replicas for partition [__consumer_offsets,24] are: [List(0)] (kafka.controller.PartitionStateMachine)
[2017-10-21 23:42:54,657] DEBUG [Partition state machine on Controller 0]: Initializing leader and isr for partition [__consumer_offsets,24] to (Leader:0,ISR:0,LeaderEpoch:0,ControllerEpoch:2) (kafka.controller.PartitionStateMachine)
[2017-10-21 23:42:54,666] DEBUG [Partition state machine on Controller 0]: Live assigned replicas for partition [__consumer_offsets,41] are: [List(0)] (kafka.controller.PartitionStateMachine)
[2017-10-21 23:42:54,666] DEBUG [Partition state machine on Controller 0]: Initializing leader and isr for partition [__consumer_offsets,41] to (Leader:0,ISR:0,LeaderEpoch:0,ControllerEpoch:2) (kafka.controller.PartitionStateMachine)
[2017-10-21 23:42:54,671] DEBUG [Partition state machine on Controller 0]: Live assigned replicas for partition [__consumer_offsets,0] are: [List(0)] (kafka.controller.PartitionStateMachine)
[2017-10-21 23:42:54,671] DEBUG [Partition state machine on Controller 0]: Initializing leader and isr for partition [__consumer_offsets,0] to (Leader:0,ISR:0,LeaderEpoch:0,ControllerEpoch:2) (kafka.controller.PartitionStateMachine)
[2017-10-21 23:42:54,688] DEBUG [Partition state machine on Controller 0]: Live assigned replicas for partition [__consumer_offsets,38] are: [List(0)] (kafka.controller.PartitionStateMachine)
[2017-10-21 23:42:54,688] DEBUG [Partition state machine on Controller 0]: Initializing leader and isr for partition [__consumer_offsets,38] to (Leader:0,ISR:0,LeaderEpoch:0,ControllerEpoch:2) (kafka.controller.PartitionStateMachine)
[2017-10-21 23:42:54,696] DEBUG [Partition state machine on Controller 0]: Live assigned replicas for partition [__consumer_offsets,13] are: [List(0)] (kafka.controller.PartitionStateMachine)
[2017-10-21 23:42:54,696] DEBUG [Partition state machine on Controller 0]: Initializing leader and isr for partition [__consumer_offsets,13] to (Leader:0,ISR:0,LeaderEpoch:0,ControllerEpoch:2) (kafka.controller.PartitionStateMachine)
[2017-10-21 23:42:54,699] DEBUG [Partition state machine on Controller 0]: Live assigned replicas for partition [__consumer_offsets,8] are: [List(0)] (kafka.controller.PartitionStateMachine)
[2017-10-21 23:42:54,699] DEBUG [Partition state machine on Controller 0]: Initializing leader and isr for partition [__consumer_offsets,8] to (Leader:0,ISR:0,LeaderEpoch:0,ControllerEpoch:2) (kafka.controller.PartitionStateMachine)
[2017-10-21 23:42:54,703] DEBUG [Partition state machine on Controller 0]: Live assigned replicas for partition [__consumer_offsets,5] are: [List(0)] (kafka.controller.PartitionStateMachine)
[2017-10-21 23:42:54,703] DEBUG [Partition state machine on Controller 0]: Initializing leader and isr for partition [__consumer_offsets,5] to (Leader:0,ISR:0,LeaderEpoch:0,ControllerEpoch:2) (kafka.controller.PartitionStateMachine)
[2017-10-21 23:42:54,709] DEBUG [Partition state machine on Controller 0]: Live assigned replicas for partition [__consumer_offsets,39] are: [List(0)] (kafka.controller.PartitionStateMachine)
[2017-10-21 23:42:54,718] DEBUG [Partition state machine on Controller 0]: Initializing leader and isr for partition [__consumer_offsets,39] to (Leader:0,ISR:0,LeaderEpoch:0,ControllerEpoch:2) (kafka.controller.PartitionStateMachine)
[2017-10-21 23:42:54,726] DEBUG [Partition state machine on Controller 0]: Live assigned replicas for partition [__consumer_offsets,36] are: [List(0)] (kafka.controller.PartitionStateMachine)
[2017-10-21 23:42:54,727] DEBUG [Partition state machine on Controller 0]: Initializing leader and isr for partition [__consumer_offsets,36] to (Leader:0,ISR:0,LeaderEpoch:0,ControllerEpoch:2) (kafka.controller.PartitionStateMachine)
[2017-10-21 23:42:54,732] DEBUG [Partition state machine on Controller 0]: Live assigned replicas for partition [__consumer_offsets,40] are: [List(0)] (kafka.controller.PartitionStateMachine)
[2017-10-21 23:42:54,732] DEBUG [Partition state machine on Controller 0]: Initializing leader and isr for partition [__consumer_offsets,40] to (Leader:0,ISR:0,LeaderEpoch:0,ControllerEpoch:2) (kafka.controller.PartitionStateMachine)
[2017-10-21 23:42:54,737] DEBUG [Partition state machine on Controller 0]: Live assigned replicas for partition [__consumer_offsets,45] are: [List(0)] (kafka.controller.PartitionStateMachine)
[2017-10-21 23:42:54,737] DEBUG [Partition state machine on Controller 0]: Initializing leader and isr for partition [__consumer_offsets,45] to (Leader:0,ISR:0,LeaderEpoch:0,ControllerEpoch:2) (kafka.controller.PartitionStateMachine)
[2017-10-21 23:42:54,745] DEBUG [Partition state machine on Controller 0]: Live assigned replicas for partition [__consumer_offsets,15] are: [List(0)] (kafka.controller.PartitionStateMachine)
[2017-10-21 23:42:54,745] DEBUG [Partition state machine on Controller 0]: Initializing leader and isr for partition [__consumer_offsets,15] to (Leader:0,ISR:0,LeaderEpoch:0,ControllerEpoch:2) (kafka.controller.PartitionStateMachine)
[2017-10-21 23:42:54,759] DEBUG [Partition state machine on Controller 0]: Live assigned replicas for partition [__consumer_offsets,33] are: [List(0)] (kafka.controller.PartitionStateMachine)
[2017-10-21 23:42:54,759] DEBUG [Partition state machine on Controller 0]: Initializing leader and isr for partition [__consumer_offsets,33] to (Leader:0,ISR:0,LeaderEpoch:0,ControllerEpoch:2) (kafka.controller.PartitionStateMachine)
[2017-10-21 23:42:54,775] DEBUG [Partition state machine on Controller 0]: Live assigned replicas for partition [__consumer_offsets,37] are: [List(0)] (kafka.controller.PartitionStateMachine)
[2017-10-21 23:42:54,775] DEBUG [Partition state machine on Controller 0]: Initializing leader and isr for partition [__consumer_offsets,37] to (Leader:0,ISR:0,LeaderEpoch:0,ControllerEpoch:2) (kafka.controller.PartitionStateMachine)
[2017-10-21 23:42:54,784] DEBUG [Partition state machine on Controller 0]: Live assigned replicas for partition [__consumer_offsets,21] are: [List(0)] (kafka.controller.PartitionStateMachine)
[2017-10-21 23:42:54,784] DEBUG [Partition state machine on Controller 0]: Initializing leader and isr for partition [__consumer_offsets,21] to (Leader:0,ISR:0,LeaderEpoch:0,ControllerEpoch:2) (kafka.controller.PartitionStateMachine)
[2017-10-21 23:42:54,789] DEBUG [Partition state machine on Controller 0]: Live assigned replicas for partition [__consumer_offsets,6] are: [List(0)] (kafka.controller.PartitionStateMachine)
[2017-10-21 23:42:54,789] DEBUG [Partition state machine on Controller 0]: Initializing leader and isr for partition [__consumer_offsets,6] to (Leader:0,ISR:0,LeaderEpoch:0,ControllerEpoch:2) (kafka.controller.PartitionStateMachine)
[2017-10-21 23:42:54,796] DEBUG [Partition state machine on Controller 0]: Live assigned replicas for partition [__consumer_offsets,11] are: [List(0)] (kafka.controller.PartitionStateMachine)
[2017-10-21 23:42:54,796] DEBUG [Partition state machine on Controller 0]: Initializing leader and isr for partition [__consumer_offsets,11] to (Leader:0,ISR:0,LeaderEpoch:0,ControllerEpoch:2) (kafka.controller.PartitionStateMachine)
[2017-10-21 23:42:54,802] DEBUG [Partition state machine on Controller 0]: Live assigned replicas for partition [__consumer_offsets,20] are: [List(0)] (kafka.controller.PartitionStateMachine)
[2017-10-21 23:42:54,802] DEBUG [Partition state machine on Controller 0]: Initializing leader and isr for partition [__consumer_offsets,20] to (Leader:0,ISR:0,LeaderEpoch:0,ControllerEpoch:2) (kafka.controller.PartitionStateMachine)
[2017-10-21 23:42:54,808] DEBUG [Partition state machine on Controller 0]: Live assigned replicas for partition [__consumer_offsets,47] are: [List(0)] (kafka.controller.PartitionStateMachine)
[2017-10-21 23:42:54,808] DEBUG [Partition state machine on Controller 0]: Initializing leader and isr for partition [__consumer_offsets,47] to (Leader:0,ISR:0,LeaderEpoch:0,ControllerEpoch:2) (kafka.controller.PartitionStateMachine)
[2017-10-21 23:42:54,815] DEBUG [Partition state machine on Controller 0]: Live assigned replicas for partition [__consumer_offsets,2] are: [List(0)] (kafka.controller.PartitionStateMachine)
[2017-10-21 23:42:54,815] DEBUG [Partition state machine on Controller 0]: Initializing leader and isr for partition [__consumer_offsets,2] to (Leader:0,ISR:0,LeaderEpoch:0,ControllerEpoch:2) (kafka.controller.PartitionStateMachine)
[2017-10-21 23:42:54,818] DEBUG [Partition state machine on Controller 0]: Live assigned replicas for partition [__consumer_offsets,27] are: [List(0)] (kafka.controller.PartitionStateMachine)
[2017-10-21 23:42:54,818] DEBUG [Partition state machine on Controller 0]: Initializing leader and isr for partition [__consumer_offsets,27] to (Leader:0,ISR:0,LeaderEpoch:0,ControllerEpoch:2) (kafka.controller.PartitionStateMachine)
[2017-10-21 23:42:54,825] DEBUG [Partition state machine on Controller 0]: Live assigned replicas for partition [__consumer_offsets,34] are: [List(0)] (kafka.controller.PartitionStateMachine)
[2017-10-21 23:42:54,826] DEBUG [Partition state machine on Controller 0]: Initializing leader and isr for partition [__consumer_offsets,34] to (Leader:0,ISR:0,LeaderEpoch:0,ControllerEpoch:2) (kafka.controller.PartitionStateMachine)
[2017-10-21 23:42:54,835] DEBUG [Partition state machine on Controller 0]: Live assigned replicas for partition [__consumer_offsets,9] are: [List(0)] (kafka.controller.PartitionStateMachine)
[2017-10-21 23:42:54,835] DEBUG [Partition state machine on Controller 0]: Initializing leader and isr for partition [__consumer_offsets,9] to (Leader:0,ISR:0,LeaderEpoch:0,ControllerEpoch:2) (kafka.controller.PartitionStateMachine)
[2017-10-21 23:42:54,839] DEBUG [Partition state machine on Controller 0]: Live assigned replicas for partition [__consumer_offsets,22] are: [List(0)] (kafka.controller.PartitionStateMachine)
[2017-10-21 23:42:54,839] DEBUG [Partition state machine on Controller 0]: Initializing leader and isr for partition [__consumer_offsets,22] to (Leader:0,ISR:0,LeaderEpoch:0,ControllerEpoch:2) (kafka.controller.PartitionStateMachine)
[2017-10-21 23:42:54,856] DEBUG [Partition state machine on Controller 0]: Live assigned replicas for partition [__consumer_offsets,42] are: [List(0)] (kafka.controller.PartitionStateMachine)
[2017-10-21 23:42:54,856] DEBUG [Partition state machine on Controller 0]: Initializing leader and isr for partition [__consumer_offsets,42] to (Leader:0,ISR:0,LeaderEpoch:0,ControllerEpoch:2) (kafka.controller.PartitionStateMachine)
[2017-10-21 23:42:54,862] DEBUG [Partition state machine on Controller 0]: Live assigned replicas for partition [__consumer_offsets,14] are: [List(0)] (kafka.controller.PartitionStateMachine)
[2017-10-21 23:42:54,862] DEBUG [Partition state machine on Controller 0]: Initializing leader and isr for partition [__consumer_offsets,14] to (Leader:0,ISR:0,LeaderEpoch:0,ControllerEpoch:2) (kafka.controller.PartitionStateMachine)
[2017-10-21 23:42:54,872] DEBUG [Partition state machine on Controller 0]: Live assigned replicas for partition [__consumer_offsets,25] are: [List(0)] (kafka.controller.PartitionStateMachine)
[2017-10-21 23:42:54,872] DEBUG [Partition state machine on Controller 0]: Initializing leader and isr for partition [__consumer_offsets,25] to (Leader:0,ISR:0,LeaderEpoch:0,ControllerEpoch:2) (kafka.controller.PartitionStateMachine)
[2017-10-21 23:42:54,879] DEBUG [Partition state machine on Controller 0]: Live assigned replicas for partition [__consumer_offsets,10] are: [List(0)] (kafka.controller.PartitionStateMachine)
[2017-10-21 23:42:54,879] DEBUG [Partition state machine on Controller 0]: Initializing leader and isr for partition [__consumer_offsets,10] to (Leader:0,ISR:0,LeaderEpoch:0,ControllerEpoch:2) (kafka.controller.PartitionStateMachine)
[2017-10-21 23:42:54,888] DEBUG [Partition state machine on Controller 0]: Live assigned replicas for partition [__consumer_offsets,48] are: [List(0)] (kafka.controller.PartitionStateMachine)
[2017-10-21 23:42:54,888] DEBUG [Partition state machine on Controller 0]: Initializing leader and isr for partition [__consumer_offsets,48] to (Leader:0,ISR:0,LeaderEpoch:0,ControllerEpoch:2) (kafka.controller.PartitionStateMachine)
[2017-10-21 23:42:54,893] DEBUG [Partition state machine on Controller 0]: Live assigned replicas for partition [__consumer_offsets,31] are: [List(0)] (kafka.controller.PartitionStateMachine)
[2017-10-21 23:42:54,893] DEBUG [Partition state machine on Controller 0]: Initializing leader and isr for partition [__consumer_offsets,31] to (Leader:0,ISR:0,LeaderEpoch:0,ControllerEpoch:2) (kafka.controller.PartitionStateMachine)
[2017-10-21 23:42:54,905] DEBUG [Partition state machine on Controller 0]: Live assigned replicas for partition [__consumer_offsets,18] are: [List(0)] (kafka.controller.PartitionStateMachine)
[2017-10-21 23:42:54,905] DEBUG [Partition state machine on Controller 0]: Initializing leader and isr for partition [__consumer_offsets,18] to (Leader:0,ISR:0,LeaderEpoch:0,ControllerEpoch:2) (kafka.controller.PartitionStateMachine)
[2017-10-21 23:42:54,909] DEBUG [Partition state machine on Controller 0]: Live assigned replicas for partition [__consumer_offsets,19] are: [List(0)] (kafka.controller.PartitionStateMachine)
[2017-10-21 23:42:54,910] DEBUG [Partition state machine on Controller 0]: Initializing leader and isr for partition [__consumer_offsets,19] to (Leader:0,ISR:0,LeaderEpoch:0,ControllerEpoch:2) (kafka.controller.PartitionStateMachine)
[2017-10-21 23:42:54,913] DEBUG [Partition state machine on Controller 0]: Live assigned replicas for partition [__consumer_offsets,12] are: [List(0)] (kafka.controller.PartitionStateMachine)
[2017-10-21 23:42:54,913] DEBUG [Partition state machine on Controller 0]: Initializing leader and isr for partition [__consumer_offsets,12] to (Leader:0,ISR:0,LeaderEpoch:0,ControllerEpoch:2) (kafka.controller.PartitionStateMachine)
[2017-10-21 23:42:54,918] DEBUG [Partition state machine on Controller 0]: Live assigned replicas for partition [__consumer_offsets,46] are: [List(0)] (kafka.controller.PartitionStateMachine)
[2017-10-21 23:42:54,918] DEBUG [Partition state machine on Controller 0]: Initializing leader and isr for partition [__consumer_offsets,46] to (Leader:0,ISR:0,LeaderEpoch:0,ControllerEpoch:2) (kafka.controller.PartitionStateMachine)
[2017-10-21 23:42:54,921] DEBUG [Partition state machine on Controller 0]: Live assigned replicas for partition [__consumer_offsets,43] are: [List(0)] (kafka.controller.PartitionStateMachine)
[2017-10-21 23:42:54,921] DEBUG [Partition state machine on Controller 0]: Initializing leader and isr for partition [__consumer_offsets,43] to (Leader:0,ISR:0,LeaderEpoch:0,ControllerEpoch:2) (kafka.controller.PartitionStateMachine)
[2017-10-21 23:42:54,925] DEBUG [Partition state machine on Controller 0]: Live assigned replicas for partition [__consumer_offsets,1] are: [List(0)] (kafka.controller.PartitionStateMachine)
[2017-10-21 23:42:54,926] DEBUG [Partition state machine on Controller 0]: Initializing leader and isr for partition [__consumer_offsets,1] to (Leader:0,ISR:0,LeaderEpoch:0,ControllerEpoch:2) (kafka.controller.PartitionStateMachine)
[2017-10-21 23:42:54,931] DEBUG [Partition state machine on Controller 0]: Live assigned replicas for partition [__consumer_offsets,26] are: [List(0)] (kafka.controller.PartitionStateMachine)
[2017-10-21 23:42:54,931] DEBUG [Partition state machine on Controller 0]: Initializing leader and isr for partition [__consumer_offsets,26] to (Leader:0,ISR:0,LeaderEpoch:0,ControllerEpoch:2) (kafka.controller.PartitionStateMachine)
[2017-10-21 23:42:54,934] DEBUG [Partition state machine on Controller 0]: Live assigned replicas for partition [__consumer_offsets,30] are: [List(0)] (kafka.controller.PartitionStateMachine)
[2017-10-21 23:42:54,934] DEBUG [Partition state machine on Controller 0]: Initializing leader and isr for partition [__consumer_offsets,30] to (Leader:0,ISR:0,LeaderEpoch:0,ControllerEpoch:2) (kafka.controller.PartitionStateMachine)
[2017-10-21 23:42:55,017] INFO [Replica state machine on controller 0]: Invoking state change to OnlineReplica for replicas [Topic=__consumer_offsets,Partition=25,Replica=0],[Topic=__consumer_offsets,Partition=12,Replica=0],[Topic=__consumer_offsets,Partition=31,Replica=0],[Topic=__consumer_offsets,Partition=40,Replica=0],[Topic=__consumer_offsets,Partition=35,Replica=0],[Topic=__consumer_offsets,Partition=9,Replica=0],[Topic=__consumer_offsets,Partition=43,Replica=0],[Topic=__consumer_offsets,Partition=2,Replica=0],[Topic=__consumer_offsets,Partition=11,Replica=0],[Topic=__consumer_offsets,Partition=29,Replica=0],[Topic=__consumer_offsets,Partition=30,Replica=0],[Topic=__consumer_offsets,Partition=4,Replica=0],[Topic=__consumer_offsets,Partition=42,Replica=0],[Topic=__consumer_offsets,Partition=26,Replica=0],[Topic=__consumer_offsets,Partition=34,Replica=0],[Topic=__consumer_offsets,Partition=17,Replica=0],[Topic=__consumer_offsets,Partition=37,Replica=0],[Topic=__consumer_offsets,Partition=27,Replica=0],[Topic=__consumer_offsets,Partition=10,Replica=0],[Topic=__consumer_offsets,Partition=41,Replica=0],[Topic=__consumer_offsets,Partition=20,Replica=0],[Topic=__consumer_offsets,Partition=28,Replica=0],[Topic=__consumer_offsets,Partition=46,Replica=0],[Topic=__consumer_offsets,Partition=39,Replica=0],[Topic=__consumer_offsets,Partition=47,Replica=0],[Topic=__consumer_offsets,Partition=49,Replica=0],[Topic=__consumer_offsets,Partition=22,Replica=0],[Topic=__consumer_offsets,Partition=1,Replica=0],[Topic=__consumer_offsets,Partition=24,Replica=0],[Topic=__consumer_offsets,Partition=6,Replica=0],[Topic=__consumer_offsets,Partition=36,Replica=0],[Topic=__consumer_offsets,Partition=8,Replica=0],[Topic=__consumer_offsets,Partition=38,Replica=0],[Topic=__consumer_offsets,Partition=16,Replica=0],[Topic=__consumer_offsets,Partition=21,Replica=0],[Topic=__consumer_offsets,Partition=18,Replica=0],[Topic=__consumer_offsets,Partition=0,Replica=0],[Topic=__consumer_offsets,Partition=48,Replica=0],[Topic=__consumer_offsets,Partition=5,Replica=0],[Topic=__consumer_offsets,Partition=13,Replica=0],[Topic=__consumer_offsets,Partition=3,Replica=0],[Topic=__consumer_offsets,Partition=44,Replica=0],[Topic=__consumer_offsets,Partition=15,Replica=0],[Topic=__consumer_offsets,Partition=7,Replica=0],[Topic=__consumer_offsets,Partition=19,Replica=0],[Topic=__consumer_offsets,Partition=33,Replica=0],[Topic=__consumer_offsets,Partition=45,Replica=0],[Topic=__consumer_offsets,Partition=23,Replica=0],[Topic=__consumer_offsets,Partition=32,Replica=0],[Topic=__consumer_offsets,Partition=14,Replica=0] (kafka.controller.ReplicaStateMachine)
[2017-10-21 23:46:16,655] TRACE [Controller 0]: checking need to trigger partition rebalance (kafka.controller.KafkaController)
[2017-10-21 23:46:16,657] DEBUG [Controller 0]: preferred replicas by broker Map(0 -> Map([__consumer_offsets,19] -> List(0), [test1,0] -> List(0), [__consumer_offsets,30] -> List(0), [__consumer_offsets,47] -> List(0), [__consumer_offsets,29] -> List(0), [__consumer_offsets,41] -> List(0), [__consumer_offsets,39] -> List(0), [__consumer_offsets,10] -> List(0), [__consumer_offsets,17] -> List(0), [__consumer_offsets,14] -> List(0), [__consumer_offsets,40] -> List(0), [__consumer_offsets,18] -> List(0), [__consumer_offsets,26] -> List(0), [__consumer_offsets,0] -> List(0), [__consumer_offsets,24] -> List(0), [__consumer_offsets,33] -> List(0), [__consumer_offsets,20] -> List(0), [__consumer_offsets,21] -> List(0), [__consumer_offsets,3] -> List(0), [__consumer_offsets,5] -> List(0), [__consumer_offsets,22] -> List(0), [__consumer_offsets,12] -> List(0), [__consumer_offsets,8] -> List(0), [__consumer_offsets,23] -> List(0), [__consumer_offsets,15] -> List(0), [__consumer_offsets,48] -> List(0), [__consumer_offsets,11] -> List(0), [__consumer_offsets,13] -> List(0), [__consumer_offsets,49] -> List(0), [__consumer_offsets,6] -> List(0), [__consumer_offsets,28] -> List(0), [__consumer_offsets,4] -> List(0), [__consumer_offsets,37] -> List(0), [__consumer_offsets,31] -> List(0), [__consumer_offsets,44] -> List(0), [__consumer_offsets,42] -> List(0), [__consumer_offsets,34] -> List(0), [__consumer_offsets,46] -> List(0), [__consumer_offsets,25] -> List(0), [__consumer_offsets,45] -> List(0), [__consumer_offsets,27] -> List(0), [__consumer_offsets,32] -> List(0), [__consumer_offsets,43] -> List(0), [__consumer_offsets,36] -> List(0), [__consumer_offsets,35] -> List(0), [__consumer_offsets,7] -> List(0), [__consumer_offsets,9] -> List(0), [__consumer_offsets,38] -> List(0), [__consumer_offsets,1] -> List(0), [__consumer_offsets,16] -> List(0), [__consumer_offsets,2] -> List(0))) (kafka.controller.KafkaController)
[2017-10-21 23:46:16,657] DEBUG [Controller 0]: topics not in preferred replica Map() (kafka.controller.KafkaController)
[2017-10-21 23:46:16,657] TRACE [Controller 0]: leader imbalance ratio for broker 0 is 0.000000 (kafka.controller.KafkaController)
[2017-10-21 23:51:16,655] TRACE [Controller 0]: checking need to trigger partition rebalance (kafka.controller.KafkaController)
[2017-10-21 23:51:16,656] DEBUG [Controller 0]: preferred replicas by broker Map(0 -> Map([__consumer_offsets,19] -> List(0), [test1,0] -> List(0), [__consumer_offsets,30] -> List(0), [__consumer_offsets,47] -> List(0), [__consumer_offsets,29] -> List(0), [__consumer_offsets,41] -> List(0), [__consumer_offsets,39] -> List(0), [__consumer_offsets,10] -> List(0), [__consumer_offsets,17] -> List(0), [__consumer_offsets,14] -> List(0), [__consumer_offsets,40] -> List(0), [__consumer_offsets,18] -> List(0), [__consumer_offsets,26] -> List(0), [__consumer_offsets,0] -> List(0), [__consumer_offsets,24] -> List(0), [__consumer_offsets,33] -> List(0), [__consumer_offsets,20] -> List(0), [__consumer_offsets,21] -> List(0), [__consumer_offsets,3] -> List(0), [__consumer_offsets,5] -> List(0), [__consumer_offsets,22] -> List(0), [__consumer_offsets,12] -> List(0), [__consumer_offsets,8] -> List(0), [__consumer_offsets,23] -> List(0), [__consumer_offsets,15] -> List(0), [__consumer_offsets,48] -> List(0), [__consumer_offsets,11] -> List(0), [__consumer_offsets,13] -> List(0), [__consumer_offsets,49] -> List(0), [__consumer_offsets,6] -> List(0), [__consumer_offsets,28] -> List(0), [__consumer_offsets,4] -> List(0), [__consumer_offsets,37] -> List(0), [__consumer_offsets,31] -> List(0), [__consumer_offsets,44] -> List(0), [__consumer_offsets,42] -> List(0), [__consumer_offsets,34] -> List(0), [__consumer_offsets,46] -> List(0), [__consumer_offsets,25] -> List(0), [__consumer_offsets,45] -> List(0), [__consumer_offsets,27] -> List(0), [__consumer_offsets,32] -> List(0), [__consumer_offsets,43] -> List(0), [__consumer_offsets,36] -> List(0), [__consumer_offsets,35] -> List(0), [__consumer_offsets,7] -> List(0), [__consumer_offsets,9] -> List(0), [__consumer_offsets,38] -> List(0), [__consumer_offsets,1] -> List(0), [__consumer_offsets,16] -> List(0), [__consumer_offsets,2] -> List(0))) (kafka.controller.KafkaController)
[2017-10-21 23:51:16,656] DEBUG [Controller 0]: topics not in preferred replica Map() (kafka.controller.KafkaController)
[2017-10-21 23:51:16,656] TRACE [Controller 0]: leader imbalance ratio for broker 0 is 0.000000 (kafka.controller.KafkaController)
[2017-10-21 23:52:17,974] INFO [Controller 0]: Shutting down broker 0 (kafka.controller.KafkaController)
[2017-10-21 23:52:17,975] DEBUG [Controller 0]: All shutting down brokers: 0 (kafka.controller.KafkaController)
[2017-10-21 23:52:17,975] DEBUG [Controller 0]: Live brokers:  (kafka.controller.KafkaController)
[2017-10-21 23:52:17,985] TRACE [Controller 0]: All leaders = [__consumer_offsets,19] -> (Leader:0,ISR:0,LeaderEpoch:0,ControllerEpoch:2),[test1,0] -> (Leader:0,ISR:0,LeaderEpoch:1,ControllerEpoch:2),[__consumer_offsets,30] -> (Leader:0,ISR:0,LeaderEpoch:0,ControllerEpoch:2),[__consumer_offsets,47] -> (Leader:0,ISR:0,LeaderEpoch:0,ControllerEpoch:2),[__consumer_offsets,29] -> (Leader:0,ISR:0,LeaderEpoch:0,ControllerEpoch:2),[__consumer_offsets,41] -> (Leader:0,ISR:0,LeaderEpoch:0,ControllerEpoch:2),[__consumer_offsets,39] -> (Leader:0,ISR:0,LeaderEpoch:0,ControllerEpoch:2),[__consumer_offsets,17] -> (Leader:0,ISR:0,LeaderEpoch:0,ControllerEpoch:2),[__consumer_offsets,10] -> (Leader:0,ISR:0,LeaderEpoch:0,ControllerEpoch:2),[__consumer_offsets,14] -> (Leader:0,ISR:0,LeaderEpoch:0,ControllerEpoch:2),[__consumer_offsets,40] -> (Leader:0,ISR:0,LeaderEpoch:0,ControllerEpoch:2),[__consumer_offsets,18] -> (Leader:0,ISR:0,LeaderEpoch:0,ControllerEpoch:2),[__consumer_offsets,26] -> (Leader:0,ISR:0,LeaderEpoch:0,ControllerEpoch:2),[__consumer_offsets,0] -> (Leader:0,ISR:0,LeaderEpoch:0,ControllerEpoch:2),[__consumer_offsets,24] -> (Leader:0,ISR:0,LeaderEpoch:0,ControllerEpoch:2),[__consumer_offsets,33] -> (Leader:0,ISR:0,LeaderEpoch:0,ControllerEpoch:2),[__consumer_offsets,20] -> (Leader:0,ISR:0,LeaderEpoch:0,ControllerEpoch:2),[__consumer_offsets,3] -> (Leader:0,ISR:0,LeaderEpoch:0,ControllerEpoch:2),[__consumer_offsets,21] -> (Leader:0,ISR:0,LeaderEpoch:0,ControllerEpoch:2),[__consumer_offsets,5] -> (Leader:0,ISR:0,LeaderEpoch:0,ControllerEpoch:2),[__consumer_offsets,22] -> (Leader:0,ISR:0,LeaderEpoch:0,ControllerEpoch:2),[__consumer_offsets,12] -> (Leader:0,ISR:0,LeaderEpoch:0,ControllerEpoch:2),[__consumer_offsets,8] -> (Leader:0,ISR:0,LeaderEpoch:0,ControllerEpoch:2),[__consumer_offsets,23] -> (Leader:0,ISR:0,LeaderEpoch:0,ControllerEpoch:2),[__consumer_offsets,15] -> (Leader:0,ISR:0,LeaderEpoch:0,ControllerEpoch:2),[__consumer_offsets,11] -> (Leader:0,ISR:0,LeaderEpoch:0,ControllerEpoch:2),[__consumer_offsets,48] -> (Leader:0,ISR:0,LeaderEpoch:0,ControllerEpoch:2),[__consumer_offsets,13] -> (Leader:0,ISR:0,LeaderEpoch:0,ControllerEpoch:2),[__consumer_offsets,49] -> (Leader:0,ISR:0,LeaderEpoch:0,ControllerEpoch:2),[__consumer_offsets,6] -> (Leader:0,ISR:0,LeaderEpoch:0,ControllerEpoch:2),[__consumer_offsets,28] -> (Leader:0,ISR:0,LeaderEpoch:0,ControllerEpoch:2),[__consumer_offsets,4] -> (Leader:0,ISR:0,LeaderEpoch:0,ControllerEpoch:2),[__consumer_offsets,37] -> (Leader:0,ISR:0,LeaderEpoch:0,ControllerEpoch:2),[__consumer_offsets,31] -> (Leader:0,ISR:0,LeaderEpoch:0,ControllerEpoch:2),[__consumer_offsets,44] -> (Leader:0,ISR:0,LeaderEpoch:0,ControllerEpoch:2),[__consumer_offsets,42] -> (Leader:0,ISR:0,LeaderEpoch:0,ControllerEpoch:2),[__consumer_offsets,34] -> (Leader:0,ISR:0,LeaderEpoch:0,ControllerEpoch:2),[__consumer_offsets,46] -> (Leader:0,ISR:0,LeaderEpoch:0,ControllerEpoch:2),[__consumer_offsets,25] -> (Leader:0,ISR:0,LeaderEpoch:0,ControllerEpoch:2),[__consumer_offsets,45] -> (Leader:0,ISR:0,LeaderEpoch:0,ControllerEpoch:2),[__consumer_offsets,27] -> (Leader:0,ISR:0,LeaderEpoch:0,ControllerEpoch:2),[__consumer_offsets,32] -> (Leader:0,ISR:0,LeaderEpoch:0,ControllerEpoch:2),[__consumer_offsets,43] -> (Leader:0,ISR:0,LeaderEpoch:0,ControllerEpoch:2),[__consumer_offsets,36] -> (Leader:0,ISR:0,LeaderEpoch:0,ControllerEpoch:2),[__consumer_offsets,35] -> (Leader:0,ISR:0,LeaderEpoch:0,ControllerEpoch:2),[__consumer_offsets,7] -> (Leader:0,ISR:0,LeaderEpoch:0,ControllerEpoch:2),[__consumer_offsets,38] -> (Leader:0,ISR:0,LeaderEpoch:0,ControllerEpoch:2),[__consumer_offsets,9] -> (Leader:0,ISR:0,LeaderEpoch:0,ControllerEpoch:2),[__consumer_offsets,1] -> (Leader:0,ISR:0,LeaderEpoch:0,ControllerEpoch:2),[__consumer_offsets,16] -> (Leader:0,ISR:0,LeaderEpoch:0,ControllerEpoch:2),[__consumer_offsets,2] -> (Leader:0,ISR:0,LeaderEpoch:0,ControllerEpoch:2) (kafka.controller.KafkaController)
[2017-10-21 23:52:19,352] DEBUG [Controller 0]: Controller resigning, broker id 0 (kafka.controller.KafkaController)
[2017-10-21 23:52:19,352] DEBUG [Controller 0]: De-registering IsrChangeNotificationListener (kafka.controller.KafkaController)
[2017-10-21 23:52:19,354] INFO [Partition state machine on Controller 0]: Stopped partition state machine (kafka.controller.PartitionStateMachine)
[2017-10-21 23:52:19,354] INFO [Replica state machine on controller 0]: Stopped replica state machine (kafka.controller.ReplicaStateMachine)
[2017-10-21 23:52:19,355] INFO [Controller-0-to-broker-0-send-thread], Shutting down (kafka.controller.RequestSendThread)
[2017-10-21 23:52:19,355] INFO [Controller-0-to-broker-0-send-thread], Stopped  (kafka.controller.RequestSendThread)
[2017-10-21 23:52:19,364] INFO [Controller-0-to-broker-0-send-thread], Shutdown completed (kafka.controller.RequestSendThread)
[2017-10-21 23:52:19,367] INFO [Controller 0]: Broker 0 resigned as the controller (kafka.controller.KafkaController)
