[2017-10-21 23:18:09,003] INFO KafkaConfig values: 
	advertised.host.name = null
	metric.reporters = []
	quota.producer.default = 9223372036854775807
	offsets.topic.num.partitions = 50
	log.flush.interval.messages = 9223372036854775807
	auto.create.topics.enable = true
	controller.socket.timeout.ms = 30000
	log.flush.interval.ms = null
	principal.builder.class = class org.apache.kafka.common.security.auth.DefaultPrincipalBuilder
	replica.socket.receive.buffer.bytes = 65536
	min.insync.replicas = 1
	replica.fetch.wait.max.ms = 500
	num.recovery.threads.per.data.dir = 1
	ssl.keystore.type = JKS
	default.replication.factor = 1
	ssl.truststore.password = null
	log.preallocate = false
	sasl.kerberos.principal.to.local.rules = [DEFAULT]
	fetch.purgatory.purge.interval.requests = 1000
	ssl.endpoint.identification.algorithm = null
	replica.socket.timeout.ms = 30000
	message.max.bytes = 1000012
	num.io.threads = 8
	offsets.commit.required.acks = -1
	log.flush.offset.checkpoint.interval.ms = 60000
	delete.topic.enable = false
	quota.window.size.seconds = 1
	ssl.truststore.type = JKS
	offsets.commit.timeout.ms = 5000
	quota.window.num = 11
	zookeeper.connect = localhost:2181
	authorizer.class.name = 
	num.replica.fetchers = 1
	log.retention.ms = null
	log.roll.jitter.hours = 0
	log.cleaner.enable = false
	offsets.load.buffer.size = 5242880
	log.cleaner.delete.retention.ms = 86400000
	ssl.client.auth = none
	controlled.shutdown.max.retries = 3
	queued.max.requests = 500
	offsets.topic.replication.factor = 3
	log.cleaner.threads = 1
	sasl.kerberos.service.name = null
	sasl.kerberos.ticket.renew.jitter = 0.05
	socket.request.max.bytes = 104857600
	ssl.trustmanager.algorithm = PKIX
	zookeeper.session.timeout.ms = 6000
	log.retention.bytes = -1
	sasl.kerberos.min.time.before.relogin = 60000
	zookeeper.set.acl = false
	connections.max.idle.ms = 600000
	offsets.retention.minutes = 1440
	replica.fetch.backoff.ms = 1000
	inter.broker.protocol.version = 0.9.0.X
	log.retention.hours = 168
	num.partitions = 1
	listeners = PLAINTEXT://:9092
	ssl.provider = null
	ssl.enabled.protocols = [TLSv1.2, TLSv1.1, TLSv1]
	log.roll.ms = null
	log.flush.scheduler.interval.ms = 9223372036854775807
	ssl.cipher.suites = null
	log.index.size.max.bytes = 10485760
	ssl.keymanager.algorithm = SunX509
	security.inter.broker.protocol = PLAINTEXT
	replica.fetch.max.bytes = 1048576
	advertised.port = null
	log.cleaner.dedupe.buffer.size = 524288000
	replica.high.watermark.checkpoint.interval.ms = 5000
	log.cleaner.io.buffer.size = 524288
	sasl.kerberos.ticket.renew.window.factor = 0.8
	zookeeper.connection.timeout.ms = 6000
	controlled.shutdown.retry.backoff.ms = 5000
	log.roll.hours = 168
	log.cleanup.policy = delete
	host.name = 
	log.roll.jitter.ms = null
	max.connections.per.ip = 2147483647
	offsets.topic.segment.bytes = 104857600
	background.threads = 10
	quota.consumer.default = 9223372036854775807
	request.timeout.ms = 30000
	log.index.interval.bytes = 4096
	log.dir = /tmp/kafka-logs
	log.segment.bytes = 1073741824
	log.cleaner.backoff.ms = 15000
	offset.metadata.max.bytes = 4096
	ssl.truststore.location = null
	group.max.session.timeout.ms = 30000
	ssl.keystore.password = null
	zookeeper.sync.time.ms = 2000
	port = 9092
	log.retention.minutes = null
	log.segment.delete.delay.ms = 60000
	log.dirs = /tmp/kafka-logs
	controlled.shutdown.enable = true
	compression.type = producer
	max.connections.per.ip.overrides = 
	sasl.kerberos.kinit.cmd = /usr/bin/kinit
	log.cleaner.io.max.bytes.per.second = 1.7976931348623157E308
	auto.leader.rebalance.enable = true
	leader.imbalance.check.interval.seconds = 300
	log.cleaner.min.cleanable.ratio = 0.5
	replica.lag.time.max.ms = 10000
	num.network.threads = 3
	ssl.key.password = null
	reserved.broker.max.id = 1000
	metrics.num.samples = 2
	socket.send.buffer.bytes = 102400
	ssl.protocol = TLS
	socket.receive.buffer.bytes = 102400
	ssl.keystore.location = null
	replica.fetch.min.bytes = 1
	unclean.leader.election.enable = true
	group.min.session.timeout.ms = 6000
	log.cleaner.io.buffer.load.factor = 0.9
	offsets.retention.check.interval.ms = 600000
	producer.purgatory.purge.interval.requests = 1000
	metrics.sample.window.ms = 30000
	broker.id = 0
	offsets.topic.compression.codec = 0
	log.retention.check.interval.ms = 300000
	advertised.listeners = null
	leader.imbalance.per.broker.percentage = 10
 (kafka.server.KafkaConfig)
[2017-10-21 23:18:09,104] INFO starting (kafka.server.KafkaServer)
[2017-10-21 23:18:09,110] INFO Connecting to zookeeper on localhost:2181 (kafka.server.KafkaServer)
[2017-10-21 23:18:09,314] INFO Log directory '/tmp/kafka-logs' not found, creating it. (kafka.log.LogManager)
[2017-10-21 23:18:09,320] INFO Loading logs. (kafka.log.LogManager)
[2017-10-21 23:18:09,326] INFO Logs loading complete. (kafka.log.LogManager)
[2017-10-21 23:18:09,327] INFO Starting log cleanup with a period of 300000 ms. (kafka.log.LogManager)
[2017-10-21 23:18:09,329] INFO Starting log flusher with a default period of 9223372036854775807 ms. (kafka.log.LogManager)
[2017-10-21 23:18:09,331] WARN No meta.properties file under dir /tmp/kafka-logs/meta.properties (kafka.server.BrokerMetadataCheckpoint)
[2017-10-21 23:18:09,428] INFO Awaiting socket connections on 0.0.0.0:9092. (kafka.network.Acceptor)
[2017-10-21 23:18:09,431] INFO [Socket Server on Broker 0], Started 1 acceptor threads (kafka.network.SocketServer)
[2017-10-21 23:18:09,484] INFO [ExpirationReaper-0], Starting  (kafka.server.DelayedOperationPurgatory$ExpiredOperationReaper)
[2017-10-21 23:18:09,485] INFO [ExpirationReaper-0], Starting  (kafka.server.DelayedOperationPurgatory$ExpiredOperationReaper)
[2017-10-21 23:18:09,548] INFO Creating /controller (is it secure? false) (kafka.utils.ZKCheckedEphemeral)
[2017-10-21 23:18:09,553] INFO Result of znode creation is: OK (kafka.utils.ZKCheckedEphemeral)
[2017-10-21 23:18:09,556] INFO 0 successfully elected as leader (kafka.server.ZookeeperLeaderElector)
[2017-10-21 23:18:09,842] INFO [GroupCoordinator 0]: Starting up. (kafka.coordinator.GroupCoordinator)
[2017-10-21 23:18:09,845] INFO [ExpirationReaper-0], Starting  (kafka.server.DelayedOperationPurgatory$ExpiredOperationReaper)
[2017-10-21 23:18:09,845] INFO [ExpirationReaper-0], Starting  (kafka.server.DelayedOperationPurgatory$ExpiredOperationReaper)
[2017-10-21 23:18:09,851] INFO [GroupCoordinator 0]: Startup complete. (kafka.coordinator.GroupCoordinator)
[2017-10-21 23:18:09,874] INFO [Group Metadata Manager on Broker 0]: Removed 0 expired offsets in 32 milliseconds. (kafka.coordinator.GroupMetadataManager)
[2017-10-21 23:18:09,884] INFO New leader is 0 (kafka.server.ZookeeperLeaderElector$LeaderChangeListener)
[2017-10-21 23:18:09,910] INFO [ThrottledRequestReaper-Produce], Starting  (kafka.server.ClientQuotaManager$ThrottledRequestReaper)
[2017-10-21 23:18:09,910] INFO [ThrottledRequestReaper-Fetch], Starting  (kafka.server.ClientQuotaManager$ThrottledRequestReaper)
[2017-10-21 23:18:09,918] INFO Will not load MX4J, mx4j-tools.jar is not in the classpath (kafka.utils.Mx4jLoader$)
[2017-10-21 23:18:09,929] INFO Creating /brokers/ids/0 (is it secure? false) (kafka.utils.ZKCheckedEphemeral)
[2017-10-21 23:18:09,932] INFO Result of znode creation is: OK (kafka.utils.ZKCheckedEphemeral)
[2017-10-21 23:18:09,937] INFO Registered broker 0 at path /brokers/ids/0 with addresses: PLAINTEXT -> EndPoint(localhost,9092,PLAINTEXT) (kafka.utils.ZkUtils)
[2017-10-21 23:18:09,950] INFO [Kafka Server 0], started (kafka.server.KafkaServer)
[2017-10-21 23:18:39,304] INFO Topic creation {"version":1,"partitions":{"0":[0]}} (kafka.admin.AdminUtils$)
[2017-10-21 23:18:39,308] INFO [KafkaApi-0] Auto creation of topic test1 with 1 partitions and replication factor 1 is successful! (kafka.server.KafkaApis)
[2017-10-21 23:18:39,527] INFO [ReplicaFetcherManager on broker 0] Removed fetcher for partitions [test1,0] (kafka.server.ReplicaFetcherManager)
[2017-10-21 23:18:39,695] INFO Completed load of log test1-0 with log end offset 0 (kafka.log.Log)
[2017-10-21 23:18:39,726] INFO Created log for partition [test1,0] in /tmp/kafka-logs with properties {compression.type -> producer, file.delete.delay.ms -> 60000, max.message.bytes -> 1000012, min.insync.replicas -> 1, segment.jitter.ms -> 0, preallocate -> false, min.cleanable.dirty.ratio -> 0.5, index.interval.bytes -> 4096, unclean.leader.election.enable -> true, retention.bytes -> -1, delete.retention.ms -> 86400000, cleanup.policy -> delete, flush.ms -> 9223372036854775807, segment.ms -> 604800000, segment.bytes -> 1073741824, retention.ms -> 604800000, segment.index.bytes -> 10485760, flush.messages -> 9223372036854775807}. (kafka.log.LogManager)
[2017-10-21 23:18:39,733] INFO Partition [test1,0] on broker 0: No checkpointed highwatermark is found for partition [test1,0] (kafka.cluster.Partition)
[2017-10-21 23:19:52,977] INFO [Kafka Server 0], shutting down (kafka.server.KafkaServer)
[2017-10-21 23:19:52,982] INFO [Kafka Server 0], Starting controlled shutdown (kafka.server.KafkaServer)
[2017-10-21 23:19:53,038] INFO [Kafka Server 0], Controlled shutdown succeeded (kafka.server.KafkaServer)
[2017-10-21 23:19:53,041] INFO [Socket Server on Broker 0], Shutting down (kafka.network.SocketServer)
[2017-10-21 23:19:53,052] INFO [Socket Server on Broker 0], Shutdown completed (kafka.network.SocketServer)
[2017-10-21 23:19:53,053] INFO [Kafka Request Handler on Broker 0], shutting down (kafka.server.KafkaRequestHandlerPool)
[2017-10-21 23:19:53,055] INFO [Kafka Request Handler on Broker 0], shut down completely (kafka.server.KafkaRequestHandlerPool)
[2017-10-21 23:19:53,058] INFO [ThrottledRequestReaper-Produce], Shutting down (kafka.server.ClientQuotaManager$ThrottledRequestReaper)
[2017-10-21 23:19:53,928] INFO [ThrottledRequestReaper-Produce], Stopped  (kafka.server.ClientQuotaManager$ThrottledRequestReaper)
[2017-10-21 23:19:53,928] INFO [ThrottledRequestReaper-Produce], Shutdown completed (kafka.server.ClientQuotaManager$ThrottledRequestReaper)
[2017-10-21 23:19:53,928] INFO [ThrottledRequestReaper-Fetch], Shutting down (kafka.server.ClientQuotaManager$ThrottledRequestReaper)
[2017-10-21 23:19:53,930] INFO [ThrottledRequestReaper-Fetch], Stopped  (kafka.server.ClientQuotaManager$ThrottledRequestReaper)
[2017-10-21 23:19:53,930] INFO [ThrottledRequestReaper-Fetch], Shutdown completed (kafka.server.ClientQuotaManager$ThrottledRequestReaper)
[2017-10-21 23:19:53,931] INFO [KafkaApi-0] Shutdown complete. (kafka.server.KafkaApis)
[2017-10-21 23:19:53,934] INFO [Replica Manager on Broker 0]: Shutting down (kafka.server.ReplicaManager)
[2017-10-21 23:19:53,935] INFO [ReplicaFetcherManager on broker 0] shutting down (kafka.server.ReplicaFetcherManager)
[2017-10-21 23:19:53,938] INFO [ReplicaFetcherManager on broker 0] shutdown completed (kafka.server.ReplicaFetcherManager)
[2017-10-21 23:19:53,938] INFO [ExpirationReaper-0], Shutting down (kafka.server.DelayedOperationPurgatory$ExpiredOperationReaper)
[2017-10-21 23:19:54,035] INFO [ExpirationReaper-0], Stopped  (kafka.server.DelayedOperationPurgatory$ExpiredOperationReaper)
[2017-10-21 23:19:54,035] INFO [ExpirationReaper-0], Shutdown completed (kafka.server.DelayedOperationPurgatory$ExpiredOperationReaper)
[2017-10-21 23:19:54,036] INFO [ExpirationReaper-0], Shutting down (kafka.server.DelayedOperationPurgatory$ExpiredOperationReaper)
[2017-10-21 23:19:54,171] INFO [ExpirationReaper-0], Stopped  (kafka.server.DelayedOperationPurgatory$ExpiredOperationReaper)
[2017-10-21 23:19:54,171] INFO [ExpirationReaper-0], Shutdown completed (kafka.server.DelayedOperationPurgatory$ExpiredOperationReaper)
[2017-10-21 23:19:54,173] INFO [Replica Manager on Broker 0]: Shut down completely (kafka.server.ReplicaManager)
[2017-10-21 23:19:54,176] INFO Shutting down. (kafka.log.LogManager)
[2017-10-21 23:19:54,239] INFO Shutdown complete. (kafka.log.LogManager)
[2017-10-21 23:19:54,241] INFO [GroupCoordinator 0]: Shutting down. (kafka.coordinator.GroupCoordinator)
[2017-10-21 23:19:54,242] INFO [ExpirationReaper-0], Shutting down (kafka.server.DelayedOperationPurgatory$ExpiredOperationReaper)
[2017-10-21 23:19:54,334] INFO [ExpirationReaper-0], Stopped  (kafka.server.DelayedOperationPurgatory$ExpiredOperationReaper)
[2017-10-21 23:19:54,334] INFO [ExpirationReaper-0], Shutdown completed (kafka.server.DelayedOperationPurgatory$ExpiredOperationReaper)
[2017-10-21 23:19:54,335] INFO [ExpirationReaper-0], Shutting down (kafka.server.DelayedOperationPurgatory$ExpiredOperationReaper)
[2017-10-21 23:19:54,535] INFO [ExpirationReaper-0], Stopped  (kafka.server.DelayedOperationPurgatory$ExpiredOperationReaper)
[2017-10-21 23:19:54,535] INFO [ExpirationReaper-0], Shutdown completed (kafka.server.DelayedOperationPurgatory$ExpiredOperationReaper)
[2017-10-21 23:19:54,536] INFO [GroupCoordinator 0]: Shutdown complete. (kafka.coordinator.GroupCoordinator)
[2017-10-21 23:19:54,566] INFO [Kafka Server 0], shut down completed (kafka.server.KafkaServer)
[2017-10-21 23:41:10,462] INFO KafkaConfig values: 
	advertised.host.name = null
	metric.reporters = []
	quota.producer.default = 9223372036854775807
	offsets.topic.num.partitions = 50
	log.flush.interval.messages = 9223372036854775807
	auto.create.topics.enable = true
	controller.socket.timeout.ms = 30000
	log.flush.interval.ms = null
	principal.builder.class = class org.apache.kafka.common.security.auth.DefaultPrincipalBuilder
	replica.socket.receive.buffer.bytes = 65536
	min.insync.replicas = 1
	replica.fetch.wait.max.ms = 500
	num.recovery.threads.per.data.dir = 1
	ssl.keystore.type = JKS
	default.replication.factor = 1
	ssl.truststore.password = null
	log.preallocate = false
	sasl.kerberos.principal.to.local.rules = [DEFAULT]
	fetch.purgatory.purge.interval.requests = 1000
	ssl.endpoint.identification.algorithm = null
	replica.socket.timeout.ms = 30000
	message.max.bytes = 1000012
	num.io.threads = 8
	offsets.commit.required.acks = -1
	log.flush.offset.checkpoint.interval.ms = 60000
	delete.topic.enable = false
	quota.window.size.seconds = 1
	ssl.truststore.type = JKS
	offsets.commit.timeout.ms = 5000
	quota.window.num = 11
	zookeeper.connect = localhost:2181
	authorizer.class.name = 
	num.replica.fetchers = 1
	log.retention.ms = null
	log.roll.jitter.hours = 0
	log.cleaner.enable = false
	offsets.load.buffer.size = 5242880
	log.cleaner.delete.retention.ms = 86400000
	ssl.client.auth = none
	controlled.shutdown.max.retries = 3
	queued.max.requests = 500
	offsets.topic.replication.factor = 3
	log.cleaner.threads = 1
	sasl.kerberos.service.name = null
	sasl.kerberos.ticket.renew.jitter = 0.05
	socket.request.max.bytes = 104857600
	ssl.trustmanager.algorithm = PKIX
	zookeeper.session.timeout.ms = 6000
	log.retention.bytes = -1
	sasl.kerberos.min.time.before.relogin = 60000
	zookeeper.set.acl = false
	connections.max.idle.ms = 600000
	offsets.retention.minutes = 1440
	replica.fetch.backoff.ms = 1000
	inter.broker.protocol.version = 0.9.0.X
	log.retention.hours = 168
	num.partitions = 1
	listeners = PLAINTEXT://:9092
	ssl.provider = null
	ssl.enabled.protocols = [TLSv1.2, TLSv1.1, TLSv1]
	log.roll.ms = null
	log.flush.scheduler.interval.ms = 9223372036854775807
	ssl.cipher.suites = null
	log.index.size.max.bytes = 10485760
	ssl.keymanager.algorithm = SunX509
	security.inter.broker.protocol = PLAINTEXT
	replica.fetch.max.bytes = 1048576
	advertised.port = null
	log.cleaner.dedupe.buffer.size = 524288000
	replica.high.watermark.checkpoint.interval.ms = 5000
	log.cleaner.io.buffer.size = 524288
	sasl.kerberos.ticket.renew.window.factor = 0.8
	zookeeper.connection.timeout.ms = 6000
	controlled.shutdown.retry.backoff.ms = 5000
	log.roll.hours = 168
	log.cleanup.policy = delete
	host.name = 
	log.roll.jitter.ms = null
	max.connections.per.ip = 2147483647
	offsets.topic.segment.bytes = 104857600
	background.threads = 10
	quota.consumer.default = 9223372036854775807
	request.timeout.ms = 30000
	log.index.interval.bytes = 4096
	log.dir = /tmp/kafka-logs
	log.segment.bytes = 1073741824
	log.cleaner.backoff.ms = 15000
	offset.metadata.max.bytes = 4096
	ssl.truststore.location = null
	group.max.session.timeout.ms = 30000
	ssl.keystore.password = null
	zookeeper.sync.time.ms = 2000
	port = 9092
	log.retention.minutes = null
	log.segment.delete.delay.ms = 60000
	log.dirs = /tmp/kafka-logs
	controlled.shutdown.enable = true
	compression.type = producer
	max.connections.per.ip.overrides = 
	sasl.kerberos.kinit.cmd = /usr/bin/kinit
	log.cleaner.io.max.bytes.per.second = 1.7976931348623157E308
	auto.leader.rebalance.enable = true
	leader.imbalance.check.interval.seconds = 300
	log.cleaner.min.cleanable.ratio = 0.5
	replica.lag.time.max.ms = 10000
	num.network.threads = 3
	ssl.key.password = null
	reserved.broker.max.id = 1000
	metrics.num.samples = 2
	socket.send.buffer.bytes = 102400
	ssl.protocol = TLS
	socket.receive.buffer.bytes = 102400
	ssl.keystore.location = null
	replica.fetch.min.bytes = 1
	unclean.leader.election.enable = true
	group.min.session.timeout.ms = 6000
	log.cleaner.io.buffer.load.factor = 0.9
	offsets.retention.check.interval.ms = 600000
	producer.purgatory.purge.interval.requests = 1000
	metrics.sample.window.ms = 30000
	broker.id = 0
	offsets.topic.compression.codec = 0
	log.retention.check.interval.ms = 300000
	advertised.listeners = null
	leader.imbalance.per.broker.percentage = 10
 (kafka.server.KafkaConfig)
[2017-10-21 23:41:10,616] INFO starting (kafka.server.KafkaServer)
[2017-10-21 23:41:10,622] INFO Connecting to zookeeper on localhost:2181 (kafka.server.KafkaServer)
[2017-10-21 23:41:10,973] INFO Loading logs. (kafka.log.LogManager)
[2017-10-21 23:41:11,059] INFO Completed load of log test1-0 with log end offset 5 (kafka.log.Log)
[2017-10-21 23:41:11,065] INFO Logs loading complete. (kafka.log.LogManager)
[2017-10-21 23:41:11,065] INFO Starting log cleanup with a period of 300000 ms. (kafka.log.LogManager)
[2017-10-21 23:41:11,067] INFO Starting log flusher with a default period of 9223372036854775807 ms. (kafka.log.LogManager)
[2017-10-21 23:41:11,133] INFO Awaiting socket connections on 0.0.0.0:9092. (kafka.network.Acceptor)
[2017-10-21 23:41:11,149] INFO [Socket Server on Broker 0], Started 1 acceptor threads (kafka.network.SocketServer)
[2017-10-21 23:41:11,226] INFO [ExpirationReaper-0], Starting  (kafka.server.DelayedOperationPurgatory$ExpiredOperationReaper)
[2017-10-21 23:41:11,227] INFO [ExpirationReaper-0], Starting  (kafka.server.DelayedOperationPurgatory$ExpiredOperationReaper)
[2017-10-21 23:41:11,339] INFO Creating /controller (is it secure? false) (kafka.utils.ZKCheckedEphemeral)
[2017-10-21 23:41:11,382] INFO Result of znode creation is: OK (kafka.utils.ZKCheckedEphemeral)
[2017-10-21 23:41:11,383] INFO 0 successfully elected as leader (kafka.server.ZookeeperLeaderElector)
[2017-10-21 23:41:11,662] INFO New leader is 0 (kafka.server.ZookeeperLeaderElector$LeaderChangeListener)
[2017-10-21 23:41:11,703] INFO [GroupCoordinator 0]: Starting up. (kafka.coordinator.GroupCoordinator)
[2017-10-21 23:41:11,707] INFO [ExpirationReaper-0], Starting  (kafka.server.DelayedOperationPurgatory$ExpiredOperationReaper)
[2017-10-21 23:41:11,708] INFO [GroupCoordinator 0]: Startup complete. (kafka.coordinator.GroupCoordinator)
[2017-10-21 23:41:11,711] INFO [ExpirationReaper-0], Starting  (kafka.server.DelayedOperationPurgatory$ExpiredOperationReaper)
[2017-10-21 23:41:11,723] INFO [Group Metadata Manager on Broker 0]: Removed 0 expired offsets in 20 milliseconds. (kafka.coordinator.GroupMetadataManager)
[2017-10-21 23:41:11,747] INFO [ThrottledRequestReaper-Produce], Starting  (kafka.server.ClientQuotaManager$ThrottledRequestReaper)
[2017-10-21 23:41:11,751] INFO [ThrottledRequestReaper-Fetch], Starting  (kafka.server.ClientQuotaManager$ThrottledRequestReaper)
[2017-10-21 23:41:11,789] INFO Will not load MX4J, mx4j-tools.jar is not in the classpath (kafka.utils.Mx4jLoader$)
[2017-10-21 23:41:11,845] INFO Creating /brokers/ids/0 (is it secure? false) (kafka.utils.ZKCheckedEphemeral)
[2017-10-21 23:41:11,862] INFO Result of znode creation is: OK (kafka.utils.ZKCheckedEphemeral)
[2017-10-21 23:41:11,894] INFO Registered broker 0 at path /brokers/ids/0 with addresses: PLAINTEXT -> EndPoint(localhost,9092,PLAINTEXT) (kafka.utils.ZkUtils)
[2017-10-21 23:41:11,918] INFO [Kafka Server 0], started (kafka.server.KafkaServer)
[2017-10-21 23:41:11,937] ERROR [KafkaApi-0] error when handling request Name: TopicMetadataRequest; Version: 0; CorrelationId: 10; ClientId: KafkaExampleProducer; Topics: test1 (kafka.server.KafkaApis)
kafka.admin.AdminOperationException: replication factor: 1 larger than available brokers: 0
	at kafka.admin.AdminUtils$.assignReplicasToBrokers(AdminUtils.scala:77)
	at kafka.admin.AdminUtils$.createTopic(AdminUtils.scala:236)
	at kafka.server.KafkaApis$$anonfun$19.apply(KafkaApis.scala:575)
	at kafka.server.KafkaApis$$anonfun$19.apply(KafkaApis.scala:558)
	at scala.collection.TraversableLike$$anonfun$map$1.apply(TraversableLike.scala:245)
	at scala.collection.TraversableLike$$anonfun$map$1.apply(TraversableLike.scala:245)
	at scala.collection.immutable.Set$Set1.foreach(Set.scala:79)
	at scala.collection.TraversableLike$class.map(TraversableLike.scala:245)
	at scala.collection.AbstractSet.scala$collection$SetLike$$super$map(Set.scala:47)
	at scala.collection.SetLike$class.map(SetLike.scala:92)
	at scala.collection.AbstractSet.map(Set.scala:47)
	at kafka.server.KafkaApis.getTopicMetadata(KafkaApis.scala:558)
	at kafka.server.KafkaApis.handleTopicMetadataRequest(KafkaApis.scala:627)
	at kafka.server.KafkaApis.handle(KafkaApis.scala:71)
	at kafka.server.KafkaRequestHandler.run(KafkaRequestHandler.scala:60)
	at java.lang.Thread.run(Thread.java:748)
[2017-10-21 23:41:12,512] INFO [ReplicaFetcherManager on broker 0] Removed fetcher for partitions [test1,0] (kafka.server.ReplicaFetcherManager)
[2017-10-21 23:41:12,543] INFO [ReplicaFetcherManager on broker 0] Removed fetcher for partitions [test1,0] (kafka.server.ReplicaFetcherManager)
[2017-10-21 23:42:54,295] INFO Topic creation {"version":1,"partitions":{"45":[0],"34":[0],"12":[0],"8":[0],"19":[0],"23":[0],"4":[0],"40":[0],"15":[0],"11":[0],"9":[0],"44":[0],"33":[0],"22":[0],"26":[0],"37":[0],"13":[0],"46":[0],"24":[0],"35":[0],"16":[0],"5":[0],"10":[0],"48":[0],"21":[0],"43":[0],"32":[0],"49":[0],"6":[0],"36":[0],"1":[0],"39":[0],"17":[0],"25":[0],"14":[0],"47":[0],"31":[0],"42":[0],"0":[0],"20":[0],"27":[0],"2":[0],"38":[0],"18":[0],"30":[0],"7":[0],"29":[0],"41":[0],"3":[0],"28":[0]}} (kafka.admin.AdminUtils$)
[2017-10-21 23:42:54,305] INFO [KafkaApi-0] Auto creation of topic __consumer_offsets with 50 partitions and replication factor 1 is successful! (kafka.server.KafkaApis)
[2017-10-21 23:42:54,994] INFO [ReplicaFetcherManager on broker 0] Removed fetcher for partitions [__consumer_offsets,32],[__consumer_offsets,16],[__consumer_offsets,49],[__consumer_offsets,44],[__consumer_offsets,28],[__consumer_offsets,17],[__consumer_offsets,23],[__consumer_offsets,7],[__consumer_offsets,4],[__consumer_offsets,29],[__consumer_offsets,35],[__consumer_offsets,3],[__consumer_offsets,24],[__consumer_offsets,41],[__consumer_offsets,0],[__consumer_offsets,38],[__consumer_offsets,13],[__consumer_offsets,8],[__consumer_offsets,5],[__consumer_offsets,39],[__consumer_offsets,36],[__consumer_offsets,40],[__consumer_offsets,45],[__consumer_offsets,15],[__consumer_offsets,33],[__consumer_offsets,37],[__consumer_offsets,21],[__consumer_offsets,6],[__consumer_offsets,11],[__consumer_offsets,20],[__consumer_offsets,47],[__consumer_offsets,2],[__consumer_offsets,27],[__consumer_offsets,34],[__consumer_offsets,9],[__consumer_offsets,22],[__consumer_offsets,42],[__consumer_offsets,14],[__consumer_offsets,25],[__consumer_offsets,10],[__consumer_offsets,48],[__consumer_offsets,31],[__consumer_offsets,18],[__consumer_offsets,19],[__consumer_offsets,12],[__consumer_offsets,46],[__consumer_offsets,43],[__consumer_offsets,1],[__consumer_offsets,26],[__consumer_offsets,30] (kafka.server.ReplicaFetcherManager)
[2017-10-21 23:42:55,032] INFO Completed load of log __consumer_offsets-0 with log end offset 0 (kafka.log.Log)
[2017-10-21 23:42:55,035] INFO Created log for partition [__consumer_offsets,0] in /tmp/kafka-logs with properties {compression.type -> uncompressed, file.delete.delay.ms -> 60000, max.message.bytes -> 1000012, min.insync.replicas -> 1, segment.jitter.ms -> 0, preallocate -> false, min.cleanable.dirty.ratio -> 0.5, index.interval.bytes -> 4096, unclean.leader.election.enable -> true, retention.bytes -> -1, delete.retention.ms -> 86400000, cleanup.policy -> compact, flush.ms -> 9223372036854775807, segment.ms -> 604800000, segment.bytes -> 104857600, retention.ms -> 604800000, segment.index.bytes -> 10485760, flush.messages -> 9223372036854775807}. (kafka.log.LogManager)
[2017-10-21 23:42:55,043] INFO Partition [__consumer_offsets,0] on broker 0: No checkpointed highwatermark is found for partition [__consumer_offsets,0] (kafka.cluster.Partition)
[2017-10-21 23:42:55,051] INFO Completed load of log __consumer_offsets-29 with log end offset 0 (kafka.log.Log)
[2017-10-21 23:42:55,060] INFO Created log for partition [__consumer_offsets,29] in /tmp/kafka-logs with properties {compression.type -> uncompressed, file.delete.delay.ms -> 60000, max.message.bytes -> 1000012, min.insync.replicas -> 1, segment.jitter.ms -> 0, preallocate -> false, min.cleanable.dirty.ratio -> 0.5, index.interval.bytes -> 4096, unclean.leader.election.enable -> true, retention.bytes -> -1, delete.retention.ms -> 86400000, cleanup.policy -> compact, flush.ms -> 9223372036854775807, segment.ms -> 604800000, segment.bytes -> 104857600, retention.ms -> 604800000, segment.index.bytes -> 10485760, flush.messages -> 9223372036854775807}. (kafka.log.LogManager)
[2017-10-21 23:42:55,060] INFO Partition [__consumer_offsets,29] on broker 0: No checkpointed highwatermark is found for partition [__consumer_offsets,29] (kafka.cluster.Partition)
[2017-10-21 23:42:55,120] INFO Completed load of log __consumer_offsets-48 with log end offset 0 (kafka.log.Log)
[2017-10-21 23:42:55,122] INFO Created log for partition [__consumer_offsets,48] in /tmp/kafka-logs with properties {compression.type -> uncompressed, file.delete.delay.ms -> 60000, max.message.bytes -> 1000012, min.insync.replicas -> 1, segment.jitter.ms -> 0, preallocate -> false, min.cleanable.dirty.ratio -> 0.5, index.interval.bytes -> 4096, unclean.leader.election.enable -> true, retention.bytes -> -1, delete.retention.ms -> 86400000, cleanup.policy -> compact, flush.ms -> 9223372036854775807, segment.ms -> 604800000, segment.bytes -> 104857600, retention.ms -> 604800000, segment.index.bytes -> 10485760, flush.messages -> 9223372036854775807}. (kafka.log.LogManager)
[2017-10-21 23:42:55,122] INFO Partition [__consumer_offsets,48] on broker 0: No checkpointed highwatermark is found for partition [__consumer_offsets,48] (kafka.cluster.Partition)
[2017-10-21 23:42:55,136] INFO Completed load of log __consumer_offsets-10 with log end offset 0 (kafka.log.Log)
[2017-10-21 23:42:55,144] INFO Created log for partition [__consumer_offsets,10] in /tmp/kafka-logs with properties {compression.type -> uncompressed, file.delete.delay.ms -> 60000, max.message.bytes -> 1000012, min.insync.replicas -> 1, segment.jitter.ms -> 0, preallocate -> false, min.cleanable.dirty.ratio -> 0.5, index.interval.bytes -> 4096, unclean.leader.election.enable -> true, retention.bytes -> -1, delete.retention.ms -> 86400000, cleanup.policy -> compact, flush.ms -> 9223372036854775807, segment.ms -> 604800000, segment.bytes -> 104857600, retention.ms -> 604800000, segment.index.bytes -> 10485760, flush.messages -> 9223372036854775807}. (kafka.log.LogManager)
[2017-10-21 23:42:55,145] INFO Partition [__consumer_offsets,10] on broker 0: No checkpointed highwatermark is found for partition [__consumer_offsets,10] (kafka.cluster.Partition)
[2017-10-21 23:42:55,162] INFO Completed load of log __consumer_offsets-45 with log end offset 0 (kafka.log.Log)
[2017-10-21 23:42:55,163] INFO Created log for partition [__consumer_offsets,45] in /tmp/kafka-logs with properties {compression.type -> uncompressed, file.delete.delay.ms -> 60000, max.message.bytes -> 1000012, min.insync.replicas -> 1, segment.jitter.ms -> 0, preallocate -> false, min.cleanable.dirty.ratio -> 0.5, index.interval.bytes -> 4096, unclean.leader.election.enable -> true, retention.bytes -> -1, delete.retention.ms -> 86400000, cleanup.policy -> compact, flush.ms -> 9223372036854775807, segment.ms -> 604800000, segment.bytes -> 104857600, retention.ms -> 604800000, segment.index.bytes -> 10485760, flush.messages -> 9223372036854775807}. (kafka.log.LogManager)
[2017-10-21 23:42:55,163] INFO Partition [__consumer_offsets,45] on broker 0: No checkpointed highwatermark is found for partition [__consumer_offsets,45] (kafka.cluster.Partition)
[2017-10-21 23:42:55,180] INFO Completed load of log __consumer_offsets-26 with log end offset 0 (kafka.log.Log)
[2017-10-21 23:42:55,181] INFO Created log for partition [__consumer_offsets,26] in /tmp/kafka-logs with properties {compression.type -> uncompressed, file.delete.delay.ms -> 60000, max.message.bytes -> 1000012, min.insync.replicas -> 1, segment.jitter.ms -> 0, preallocate -> false, min.cleanable.dirty.ratio -> 0.5, index.interval.bytes -> 4096, unclean.leader.election.enable -> true, retention.bytes -> -1, delete.retention.ms -> 86400000, cleanup.policy -> compact, flush.ms -> 9223372036854775807, segment.ms -> 604800000, segment.bytes -> 104857600, retention.ms -> 604800000, segment.index.bytes -> 10485760, flush.messages -> 9223372036854775807}. (kafka.log.LogManager)
[2017-10-21 23:42:55,184] INFO Partition [__consumer_offsets,26] on broker 0: No checkpointed highwatermark is found for partition [__consumer_offsets,26] (kafka.cluster.Partition)
[2017-10-21 23:42:55,191] INFO Completed load of log __consumer_offsets-7 with log end offset 0 (kafka.log.Log)
[2017-10-21 23:42:55,193] INFO Created log for partition [__consumer_offsets,7] in /tmp/kafka-logs with properties {compression.type -> uncompressed, file.delete.delay.ms -> 60000, max.message.bytes -> 1000012, min.insync.replicas -> 1, segment.jitter.ms -> 0, preallocate -> false, min.cleanable.dirty.ratio -> 0.5, index.interval.bytes -> 4096, unclean.leader.election.enable -> true, retention.bytes -> -1, delete.retention.ms -> 86400000, cleanup.policy -> compact, flush.ms -> 9223372036854775807, segment.ms -> 604800000, segment.bytes -> 104857600, retention.ms -> 604800000, segment.index.bytes -> 10485760, flush.messages -> 9223372036854775807}. (kafka.log.LogManager)
[2017-10-21 23:42:55,193] INFO Partition [__consumer_offsets,7] on broker 0: No checkpointed highwatermark is found for partition [__consumer_offsets,7] (kafka.cluster.Partition)
[2017-10-21 23:42:55,203] INFO Completed load of log __consumer_offsets-42 with log end offset 0 (kafka.log.Log)
[2017-10-21 23:42:55,206] INFO Created log for partition [__consumer_offsets,42] in /tmp/kafka-logs with properties {compression.type -> uncompressed, file.delete.delay.ms -> 60000, max.message.bytes -> 1000012, min.insync.replicas -> 1, segment.jitter.ms -> 0, preallocate -> false, min.cleanable.dirty.ratio -> 0.5, index.interval.bytes -> 4096, unclean.leader.election.enable -> true, retention.bytes -> -1, delete.retention.ms -> 86400000, cleanup.policy -> compact, flush.ms -> 9223372036854775807, segment.ms -> 604800000, segment.bytes -> 104857600, retention.ms -> 604800000, segment.index.bytes -> 10485760, flush.messages -> 9223372036854775807}. (kafka.log.LogManager)
[2017-10-21 23:42:55,208] INFO Partition [__consumer_offsets,42] on broker 0: No checkpointed highwatermark is found for partition [__consumer_offsets,42] (kafka.cluster.Partition)
[2017-10-21 23:42:55,214] INFO Completed load of log __consumer_offsets-4 with log end offset 0 (kafka.log.Log)
[2017-10-21 23:42:55,222] INFO Created log for partition [__consumer_offsets,4] in /tmp/kafka-logs with properties {compression.type -> uncompressed, file.delete.delay.ms -> 60000, max.message.bytes -> 1000012, min.insync.replicas -> 1, segment.jitter.ms -> 0, preallocate -> false, min.cleanable.dirty.ratio -> 0.5, index.interval.bytes -> 4096, unclean.leader.election.enable -> true, retention.bytes -> -1, delete.retention.ms -> 86400000, cleanup.policy -> compact, flush.ms -> 9223372036854775807, segment.ms -> 604800000, segment.bytes -> 104857600, retention.ms -> 604800000, segment.index.bytes -> 10485760, flush.messages -> 9223372036854775807}. (kafka.log.LogManager)
[2017-10-21 23:42:55,222] INFO Partition [__consumer_offsets,4] on broker 0: No checkpointed highwatermark is found for partition [__consumer_offsets,4] (kafka.cluster.Partition)
[2017-10-21 23:42:55,227] INFO Completed load of log __consumer_offsets-23 with log end offset 0 (kafka.log.Log)
[2017-10-21 23:42:55,229] INFO Created log for partition [__consumer_offsets,23] in /tmp/kafka-logs with properties {compression.type -> uncompressed, file.delete.delay.ms -> 60000, max.message.bytes -> 1000012, min.insync.replicas -> 1, segment.jitter.ms -> 0, preallocate -> false, min.cleanable.dirty.ratio -> 0.5, index.interval.bytes -> 4096, unclean.leader.election.enable -> true, retention.bytes -> -1, delete.retention.ms -> 86400000, cleanup.policy -> compact, flush.ms -> 9223372036854775807, segment.ms -> 604800000, segment.bytes -> 104857600, retention.ms -> 604800000, segment.index.bytes -> 10485760, flush.messages -> 9223372036854775807}. (kafka.log.LogManager)
[2017-10-21 23:42:55,229] INFO Partition [__consumer_offsets,23] on broker 0: No checkpointed highwatermark is found for partition [__consumer_offsets,23] (kafka.cluster.Partition)
[2017-10-21 23:42:55,235] INFO Completed load of log __consumer_offsets-1 with log end offset 0 (kafka.log.Log)
[2017-10-21 23:42:55,240] INFO Created log for partition [__consumer_offsets,1] in /tmp/kafka-logs with properties {compression.type -> uncompressed, file.delete.delay.ms -> 60000, max.message.bytes -> 1000012, min.insync.replicas -> 1, segment.jitter.ms -> 0, preallocate -> false, min.cleanable.dirty.ratio -> 0.5, index.interval.bytes -> 4096, unclean.leader.election.enable -> true, retention.bytes -> -1, delete.retention.ms -> 86400000, cleanup.policy -> compact, flush.ms -> 9223372036854775807, segment.ms -> 604800000, segment.bytes -> 104857600, retention.ms -> 604800000, segment.index.bytes -> 10485760, flush.messages -> 9223372036854775807}. (kafka.log.LogManager)
[2017-10-21 23:42:55,245] INFO Partition [__consumer_offsets,1] on broker 0: No checkpointed highwatermark is found for partition [__consumer_offsets,1] (kafka.cluster.Partition)
[2017-10-21 23:42:55,256] INFO Completed load of log __consumer_offsets-39 with log end offset 0 (kafka.log.Log)
[2017-10-21 23:42:55,264] INFO Created log for partition [__consumer_offsets,39] in /tmp/kafka-logs with properties {compression.type -> uncompressed, file.delete.delay.ms -> 60000, max.message.bytes -> 1000012, min.insync.replicas -> 1, segment.jitter.ms -> 0, preallocate -> false, min.cleanable.dirty.ratio -> 0.5, index.interval.bytes -> 4096, unclean.leader.election.enable -> true, retention.bytes -> -1, delete.retention.ms -> 86400000, cleanup.policy -> compact, flush.ms -> 9223372036854775807, segment.ms -> 604800000, segment.bytes -> 104857600, retention.ms -> 604800000, segment.index.bytes -> 10485760, flush.messages -> 9223372036854775807}. (kafka.log.LogManager)
[2017-10-21 23:42:55,264] INFO Partition [__consumer_offsets,39] on broker 0: No checkpointed highwatermark is found for partition [__consumer_offsets,39] (kafka.cluster.Partition)
[2017-10-21 23:42:55,270] INFO Completed load of log __consumer_offsets-20 with log end offset 0 (kafka.log.Log)
[2017-10-21 23:42:55,276] INFO Created log for partition [__consumer_offsets,20] in /tmp/kafka-logs with properties {compression.type -> uncompressed, file.delete.delay.ms -> 60000, max.message.bytes -> 1000012, min.insync.replicas -> 1, segment.jitter.ms -> 0, preallocate -> false, min.cleanable.dirty.ratio -> 0.5, index.interval.bytes -> 4096, unclean.leader.election.enable -> true, retention.bytes -> -1, delete.retention.ms -> 86400000, cleanup.policy -> compact, flush.ms -> 9223372036854775807, segment.ms -> 604800000, segment.bytes -> 104857600, retention.ms -> 604800000, segment.index.bytes -> 10485760, flush.messages -> 9223372036854775807}. (kafka.log.LogManager)
[2017-10-21 23:42:55,276] INFO Partition [__consumer_offsets,20] on broker 0: No checkpointed highwatermark is found for partition [__consumer_offsets,20] (kafka.cluster.Partition)
[2017-10-21 23:42:55,296] INFO Completed load of log __consumer_offsets-17 with log end offset 0 (kafka.log.Log)
[2017-10-21 23:42:55,305] INFO Created log for partition [__consumer_offsets,17] in /tmp/kafka-logs with properties {compression.type -> uncompressed, file.delete.delay.ms -> 60000, max.message.bytes -> 1000012, min.insync.replicas -> 1, segment.jitter.ms -> 0, preallocate -> false, min.cleanable.dirty.ratio -> 0.5, index.interval.bytes -> 4096, unclean.leader.election.enable -> true, retention.bytes -> -1, delete.retention.ms -> 86400000, cleanup.policy -> compact, flush.ms -> 9223372036854775807, segment.ms -> 604800000, segment.bytes -> 104857600, retention.ms -> 604800000, segment.index.bytes -> 10485760, flush.messages -> 9223372036854775807}. (kafka.log.LogManager)
[2017-10-21 23:42:55,305] INFO Partition [__consumer_offsets,17] on broker 0: No checkpointed highwatermark is found for partition [__consumer_offsets,17] (kafka.cluster.Partition)
[2017-10-21 23:42:55,312] INFO Completed load of log __consumer_offsets-36 with log end offset 0 (kafka.log.Log)
[2017-10-21 23:42:55,328] INFO Created log for partition [__consumer_offsets,36] in /tmp/kafka-logs with properties {compression.type -> uncompressed, file.delete.delay.ms -> 60000, max.message.bytes -> 1000012, min.insync.replicas -> 1, segment.jitter.ms -> 0, preallocate -> false, min.cleanable.dirty.ratio -> 0.5, index.interval.bytes -> 4096, unclean.leader.election.enable -> true, retention.bytes -> -1, delete.retention.ms -> 86400000, cleanup.policy -> compact, flush.ms -> 9223372036854775807, segment.ms -> 604800000, segment.bytes -> 104857600, retention.ms -> 604800000, segment.index.bytes -> 10485760, flush.messages -> 9223372036854775807}. (kafka.log.LogManager)
[2017-10-21 23:42:55,329] INFO Partition [__consumer_offsets,36] on broker 0: No checkpointed highwatermark is found for partition [__consumer_offsets,36] (kafka.cluster.Partition)
[2017-10-21 23:42:55,346] INFO Completed load of log __consumer_offsets-14 with log end offset 0 (kafka.log.Log)
[2017-10-21 23:42:55,348] INFO Created log for partition [__consumer_offsets,14] in /tmp/kafka-logs with properties {compression.type -> uncompressed, file.delete.delay.ms -> 60000, max.message.bytes -> 1000012, min.insync.replicas -> 1, segment.jitter.ms -> 0, preallocate -> false, min.cleanable.dirty.ratio -> 0.5, index.interval.bytes -> 4096, unclean.leader.election.enable -> true, retention.bytes -> -1, delete.retention.ms -> 86400000, cleanup.policy -> compact, flush.ms -> 9223372036854775807, segment.ms -> 604800000, segment.bytes -> 104857600, retention.ms -> 604800000, segment.index.bytes -> 10485760, flush.messages -> 9223372036854775807}. (kafka.log.LogManager)
[2017-10-21 23:42:55,348] INFO Partition [__consumer_offsets,14] on broker 0: No checkpointed highwatermark is found for partition [__consumer_offsets,14] (kafka.cluster.Partition)
[2017-10-21 23:42:55,367] INFO Completed load of log __consumer_offsets-33 with log end offset 0 (kafka.log.Log)
[2017-10-21 23:42:55,371] INFO Created log for partition [__consumer_offsets,33] in /tmp/kafka-logs with properties {compression.type -> uncompressed, file.delete.delay.ms -> 60000, max.message.bytes -> 1000012, min.insync.replicas -> 1, segment.jitter.ms -> 0, preallocate -> false, min.cleanable.dirty.ratio -> 0.5, index.interval.bytes -> 4096, unclean.leader.election.enable -> true, retention.bytes -> -1, delete.retention.ms -> 86400000, cleanup.policy -> compact, flush.ms -> 9223372036854775807, segment.ms -> 604800000, segment.bytes -> 104857600, retention.ms -> 604800000, segment.index.bytes -> 10485760, flush.messages -> 9223372036854775807}. (kafka.log.LogManager)
[2017-10-21 23:42:55,371] INFO Partition [__consumer_offsets,33] on broker 0: No checkpointed highwatermark is found for partition [__consumer_offsets,33] (kafka.cluster.Partition)
[2017-10-21 23:42:55,420] INFO Completed load of log __consumer_offsets-49 with log end offset 0 (kafka.log.Log)
[2017-10-21 23:42:55,428] INFO Created log for partition [__consumer_offsets,49] in /tmp/kafka-logs with properties {compression.type -> uncompressed, file.delete.delay.ms -> 60000, max.message.bytes -> 1000012, min.insync.replicas -> 1, segment.jitter.ms -> 0, preallocate -> false, min.cleanable.dirty.ratio -> 0.5, index.interval.bytes -> 4096, unclean.leader.election.enable -> true, retention.bytes -> -1, delete.retention.ms -> 86400000, cleanup.policy -> compact, flush.ms -> 9223372036854775807, segment.ms -> 604800000, segment.bytes -> 104857600, retention.ms -> 604800000, segment.index.bytes -> 10485760, flush.messages -> 9223372036854775807}. (kafka.log.LogManager)
[2017-10-21 23:42:55,430] INFO Partition [__consumer_offsets,49] on broker 0: No checkpointed highwatermark is found for partition [__consumer_offsets,49] (kafka.cluster.Partition)
[2017-10-21 23:42:55,444] INFO Completed load of log __consumer_offsets-11 with log end offset 0 (kafka.log.Log)
[2017-10-21 23:42:55,452] INFO Created log for partition [__consumer_offsets,11] in /tmp/kafka-logs with properties {compression.type -> uncompressed, file.delete.delay.ms -> 60000, max.message.bytes -> 1000012, min.insync.replicas -> 1, segment.jitter.ms -> 0, preallocate -> false, min.cleanable.dirty.ratio -> 0.5, index.interval.bytes -> 4096, unclean.leader.election.enable -> true, retention.bytes -> -1, delete.retention.ms -> 86400000, cleanup.policy -> compact, flush.ms -> 9223372036854775807, segment.ms -> 604800000, segment.bytes -> 104857600, retention.ms -> 604800000, segment.index.bytes -> 10485760, flush.messages -> 9223372036854775807}. (kafka.log.LogManager)
[2017-10-21 23:42:55,455] INFO Partition [__consumer_offsets,11] on broker 0: No checkpointed highwatermark is found for partition [__consumer_offsets,11] (kafka.cluster.Partition)
[2017-10-21 23:42:55,461] INFO Completed load of log __consumer_offsets-30 with log end offset 0 (kafka.log.Log)
[2017-10-21 23:42:55,467] INFO Created log for partition [__consumer_offsets,30] in /tmp/kafka-logs with properties {compression.type -> uncompressed, file.delete.delay.ms -> 60000, max.message.bytes -> 1000012, min.insync.replicas -> 1, segment.jitter.ms -> 0, preallocate -> false, min.cleanable.dirty.ratio -> 0.5, index.interval.bytes -> 4096, unclean.leader.election.enable -> true, retention.bytes -> -1, delete.retention.ms -> 86400000, cleanup.policy -> compact, flush.ms -> 9223372036854775807, segment.ms -> 604800000, segment.bytes -> 104857600, retention.ms -> 604800000, segment.index.bytes -> 10485760, flush.messages -> 9223372036854775807}. (kafka.log.LogManager)
[2017-10-21 23:42:55,467] INFO Partition [__consumer_offsets,30] on broker 0: No checkpointed highwatermark is found for partition [__consumer_offsets,30] (kafka.cluster.Partition)
[2017-10-21 23:42:55,474] INFO Completed load of log __consumer_offsets-46 with log end offset 0 (kafka.log.Log)
[2017-10-21 23:42:55,494] INFO Created log for partition [__consumer_offsets,46] in /tmp/kafka-logs with properties {compression.type -> uncompressed, file.delete.delay.ms -> 60000, max.message.bytes -> 1000012, min.insync.replicas -> 1, segment.jitter.ms -> 0, preallocate -> false, min.cleanable.dirty.ratio -> 0.5, index.interval.bytes -> 4096, unclean.leader.election.enable -> true, retention.bytes -> -1, delete.retention.ms -> 86400000, cleanup.policy -> compact, flush.ms -> 9223372036854775807, segment.ms -> 604800000, segment.bytes -> 104857600, retention.ms -> 604800000, segment.index.bytes -> 10485760, flush.messages -> 9223372036854775807}. (kafka.log.LogManager)
[2017-10-21 23:42:55,496] INFO Partition [__consumer_offsets,46] on broker 0: No checkpointed highwatermark is found for partition [__consumer_offsets,46] (kafka.cluster.Partition)
[2017-10-21 23:42:55,509] INFO Completed load of log __consumer_offsets-27 with log end offset 0 (kafka.log.Log)
[2017-10-21 23:42:55,525] INFO Created log for partition [__consumer_offsets,27] in /tmp/kafka-logs with properties {compression.type -> uncompressed, file.delete.delay.ms -> 60000, max.message.bytes -> 1000012, min.insync.replicas -> 1, segment.jitter.ms -> 0, preallocate -> false, min.cleanable.dirty.ratio -> 0.5, index.interval.bytes -> 4096, unclean.leader.election.enable -> true, retention.bytes -> -1, delete.retention.ms -> 86400000, cleanup.policy -> compact, flush.ms -> 9223372036854775807, segment.ms -> 604800000, segment.bytes -> 104857600, retention.ms -> 604800000, segment.index.bytes -> 10485760, flush.messages -> 9223372036854775807}. (kafka.log.LogManager)
[2017-10-21 23:42:55,530] INFO Partition [__consumer_offsets,27] on broker 0: No checkpointed highwatermark is found for partition [__consumer_offsets,27] (kafka.cluster.Partition)
[2017-10-21 23:42:55,535] INFO Completed load of log __consumer_offsets-8 with log end offset 0 (kafka.log.Log)
[2017-10-21 23:42:55,540] INFO Created log for partition [__consumer_offsets,8] in /tmp/kafka-logs with properties {compression.type -> uncompressed, file.delete.delay.ms -> 60000, max.message.bytes -> 1000012, min.insync.replicas -> 1, segment.jitter.ms -> 0, preallocate -> false, min.cleanable.dirty.ratio -> 0.5, index.interval.bytes -> 4096, unclean.leader.election.enable -> true, retention.bytes -> -1, delete.retention.ms -> 86400000, cleanup.policy -> compact, flush.ms -> 9223372036854775807, segment.ms -> 604800000, segment.bytes -> 104857600, retention.ms -> 604800000, segment.index.bytes -> 10485760, flush.messages -> 9223372036854775807}. (kafka.log.LogManager)
[2017-10-21 23:42:55,542] INFO Partition [__consumer_offsets,8] on broker 0: No checkpointed highwatermark is found for partition [__consumer_offsets,8] (kafka.cluster.Partition)
[2017-10-21 23:42:55,555] INFO Completed load of log __consumer_offsets-24 with log end offset 0 (kafka.log.Log)
[2017-10-21 23:42:55,558] INFO Created log for partition [__consumer_offsets,24] in /tmp/kafka-logs with properties {compression.type -> uncompressed, file.delete.delay.ms -> 60000, max.message.bytes -> 1000012, min.insync.replicas -> 1, segment.jitter.ms -> 0, preallocate -> false, min.cleanable.dirty.ratio -> 0.5, index.interval.bytes -> 4096, unclean.leader.election.enable -> true, retention.bytes -> -1, delete.retention.ms -> 86400000, cleanup.policy -> compact, flush.ms -> 9223372036854775807, segment.ms -> 604800000, segment.bytes -> 104857600, retention.ms -> 604800000, segment.index.bytes -> 10485760, flush.messages -> 9223372036854775807}. (kafka.log.LogManager)
[2017-10-21 23:42:55,559] INFO Partition [__consumer_offsets,24] on broker 0: No checkpointed highwatermark is found for partition [__consumer_offsets,24] (kafka.cluster.Partition)
[2017-10-21 23:42:55,563] INFO Completed load of log __consumer_offsets-43 with log end offset 0 (kafka.log.Log)
[2017-10-21 23:42:55,590] INFO Created log for partition [__consumer_offsets,43] in /tmp/kafka-logs with properties {compression.type -> uncompressed, file.delete.delay.ms -> 60000, max.message.bytes -> 1000012, min.insync.replicas -> 1, segment.jitter.ms -> 0, preallocate -> false, min.cleanable.dirty.ratio -> 0.5, index.interval.bytes -> 4096, unclean.leader.election.enable -> true, retention.bytes -> -1, delete.retention.ms -> 86400000, cleanup.policy -> compact, flush.ms -> 9223372036854775807, segment.ms -> 604800000, segment.bytes -> 104857600, retention.ms -> 604800000, segment.index.bytes -> 10485760, flush.messages -> 9223372036854775807}. (kafka.log.LogManager)
[2017-10-21 23:42:55,590] INFO Partition [__consumer_offsets,43] on broker 0: No checkpointed highwatermark is found for partition [__consumer_offsets,43] (kafka.cluster.Partition)
[2017-10-21 23:42:55,601] INFO Completed load of log __consumer_offsets-5 with log end offset 0 (kafka.log.Log)
[2017-10-21 23:42:55,603] INFO Created log for partition [__consumer_offsets,5] in /tmp/kafka-logs with properties {compression.type -> uncompressed, file.delete.delay.ms -> 60000, max.message.bytes -> 1000012, min.insync.replicas -> 1, segment.jitter.ms -> 0, preallocate -> false, min.cleanable.dirty.ratio -> 0.5, index.interval.bytes -> 4096, unclean.leader.election.enable -> true, retention.bytes -> -1, delete.retention.ms -> 86400000, cleanup.policy -> compact, flush.ms -> 9223372036854775807, segment.ms -> 604800000, segment.bytes -> 104857600, retention.ms -> 604800000, segment.index.bytes -> 10485760, flush.messages -> 9223372036854775807}. (kafka.log.LogManager)
[2017-10-21 23:42:55,605] INFO Partition [__consumer_offsets,5] on broker 0: No checkpointed highwatermark is found for partition [__consumer_offsets,5] (kafka.cluster.Partition)
[2017-10-21 23:42:55,633] INFO Completed load of log __consumer_offsets-21 with log end offset 0 (kafka.log.Log)
[2017-10-21 23:42:55,634] INFO Created log for partition [__consumer_offsets,21] in /tmp/kafka-logs with properties {compression.type -> uncompressed, file.delete.delay.ms -> 60000, max.message.bytes -> 1000012, min.insync.replicas -> 1, segment.jitter.ms -> 0, preallocate -> false, min.cleanable.dirty.ratio -> 0.5, index.interval.bytes -> 4096, unclean.leader.election.enable -> true, retention.bytes -> -1, delete.retention.ms -> 86400000, cleanup.policy -> compact, flush.ms -> 9223372036854775807, segment.ms -> 604800000, segment.bytes -> 104857600, retention.ms -> 604800000, segment.index.bytes -> 10485760, flush.messages -> 9223372036854775807}. (kafka.log.LogManager)
[2017-10-21 23:42:55,635] INFO Partition [__consumer_offsets,21] on broker 0: No checkpointed highwatermark is found for partition [__consumer_offsets,21] (kafka.cluster.Partition)
[2017-10-21 23:42:55,644] INFO Completed load of log __consumer_offsets-40 with log end offset 0 (kafka.log.Log)
[2017-10-21 23:42:55,645] INFO Created log for partition [__consumer_offsets,40] in /tmp/kafka-logs with properties {compression.type -> uncompressed, file.delete.delay.ms -> 60000, max.message.bytes -> 1000012, min.insync.replicas -> 1, segment.jitter.ms -> 0, preallocate -> false, min.cleanable.dirty.ratio -> 0.5, index.interval.bytes -> 4096, unclean.leader.election.enable -> true, retention.bytes -> -1, delete.retention.ms -> 86400000, cleanup.policy -> compact, flush.ms -> 9223372036854775807, segment.ms -> 604800000, segment.bytes -> 104857600, retention.ms -> 604800000, segment.index.bytes -> 10485760, flush.messages -> 9223372036854775807}. (kafka.log.LogManager)
[2017-10-21 23:42:55,645] INFO Partition [__consumer_offsets,40] on broker 0: No checkpointed highwatermark is found for partition [__consumer_offsets,40] (kafka.cluster.Partition)
[2017-10-21 23:42:55,649] INFO Completed load of log __consumer_offsets-2 with log end offset 0 (kafka.log.Log)
[2017-10-21 23:42:55,651] INFO Created log for partition [__consumer_offsets,2] in /tmp/kafka-logs with properties {compression.type -> uncompressed, file.delete.delay.ms -> 60000, max.message.bytes -> 1000012, min.insync.replicas -> 1, segment.jitter.ms -> 0, preallocate -> false, min.cleanable.dirty.ratio -> 0.5, index.interval.bytes -> 4096, unclean.leader.election.enable -> true, retention.bytes -> -1, delete.retention.ms -> 86400000, cleanup.policy -> compact, flush.ms -> 9223372036854775807, segment.ms -> 604800000, segment.bytes -> 104857600, retention.ms -> 604800000, segment.index.bytes -> 10485760, flush.messages -> 9223372036854775807}. (kafka.log.LogManager)
[2017-10-21 23:42:55,659] INFO Partition [__consumer_offsets,2] on broker 0: No checkpointed highwatermark is found for partition [__consumer_offsets,2] (kafka.cluster.Partition)
[2017-10-21 23:42:55,667] INFO Completed load of log __consumer_offsets-37 with log end offset 0 (kafka.log.Log)
[2017-10-21 23:42:55,670] INFO Created log for partition [__consumer_offsets,37] in /tmp/kafka-logs with properties {compression.type -> uncompressed, file.delete.delay.ms -> 60000, max.message.bytes -> 1000012, min.insync.replicas -> 1, segment.jitter.ms -> 0, preallocate -> false, min.cleanable.dirty.ratio -> 0.5, index.interval.bytes -> 4096, unclean.leader.election.enable -> true, retention.bytes -> -1, delete.retention.ms -> 86400000, cleanup.policy -> compact, flush.ms -> 9223372036854775807, segment.ms -> 604800000, segment.bytes -> 104857600, retention.ms -> 604800000, segment.index.bytes -> 10485760, flush.messages -> 9223372036854775807}. (kafka.log.LogManager)
[2017-10-21 23:42:55,670] INFO Partition [__consumer_offsets,37] on broker 0: No checkpointed highwatermark is found for partition [__consumer_offsets,37] (kafka.cluster.Partition)
[2017-10-21 23:42:55,684] INFO Completed load of log __consumer_offsets-18 with log end offset 0 (kafka.log.Log)
[2017-10-21 23:42:55,688] INFO Created log for partition [__consumer_offsets,18] in /tmp/kafka-logs with properties {compression.type -> uncompressed, file.delete.delay.ms -> 60000, max.message.bytes -> 1000012, min.insync.replicas -> 1, segment.jitter.ms -> 0, preallocate -> false, min.cleanable.dirty.ratio -> 0.5, index.interval.bytes -> 4096, unclean.leader.election.enable -> true, retention.bytes -> -1, delete.retention.ms -> 86400000, cleanup.policy -> compact, flush.ms -> 9223372036854775807, segment.ms -> 604800000, segment.bytes -> 104857600, retention.ms -> 604800000, segment.index.bytes -> 10485760, flush.messages -> 9223372036854775807}. (kafka.log.LogManager)
[2017-10-21 23:42:55,692] INFO Partition [__consumer_offsets,18] on broker 0: No checkpointed highwatermark is found for partition [__consumer_offsets,18] (kafka.cluster.Partition)
[2017-10-21 23:42:55,701] INFO Completed load of log __consumer_offsets-15 with log end offset 0 (kafka.log.Log)
[2017-10-21 23:42:55,705] INFO Created log for partition [__consumer_offsets,15] in /tmp/kafka-logs with properties {compression.type -> uncompressed, file.delete.delay.ms -> 60000, max.message.bytes -> 1000012, min.insync.replicas -> 1, segment.jitter.ms -> 0, preallocate -> false, min.cleanable.dirty.ratio -> 0.5, index.interval.bytes -> 4096, unclean.leader.election.enable -> true, retention.bytes -> -1, delete.retention.ms -> 86400000, cleanup.policy -> compact, flush.ms -> 9223372036854775807, segment.ms -> 604800000, segment.bytes -> 104857600, retention.ms -> 604800000, segment.index.bytes -> 10485760, flush.messages -> 9223372036854775807}. (kafka.log.LogManager)
[2017-10-21 23:42:55,705] INFO Partition [__consumer_offsets,15] on broker 0: No checkpointed highwatermark is found for partition [__consumer_offsets,15] (kafka.cluster.Partition)
[2017-10-21 23:42:55,746] INFO Completed load of log __consumer_offsets-34 with log end offset 0 (kafka.log.Log)
[2017-10-21 23:42:55,751] INFO Created log for partition [__consumer_offsets,34] in /tmp/kafka-logs with properties {compression.type -> uncompressed, file.delete.delay.ms -> 60000, max.message.bytes -> 1000012, min.insync.replicas -> 1, segment.jitter.ms -> 0, preallocate -> false, min.cleanable.dirty.ratio -> 0.5, index.interval.bytes -> 4096, unclean.leader.election.enable -> true, retention.bytes -> -1, delete.retention.ms -> 86400000, cleanup.policy -> compact, flush.ms -> 9223372036854775807, segment.ms -> 604800000, segment.bytes -> 104857600, retention.ms -> 604800000, segment.index.bytes -> 10485760, flush.messages -> 9223372036854775807}. (kafka.log.LogManager)
[2017-10-21 23:42:55,751] INFO Partition [__consumer_offsets,34] on broker 0: No checkpointed highwatermark is found for partition [__consumer_offsets,34] (kafka.cluster.Partition)
[2017-10-21 23:42:55,761] INFO Completed load of log __consumer_offsets-12 with log end offset 0 (kafka.log.Log)
[2017-10-21 23:42:55,768] INFO Created log for partition [__consumer_offsets,12] in /tmp/kafka-logs with properties {compression.type -> uncompressed, file.delete.delay.ms -> 60000, max.message.bytes -> 1000012, min.insync.replicas -> 1, segment.jitter.ms -> 0, preallocate -> false, min.cleanable.dirty.ratio -> 0.5, index.interval.bytes -> 4096, unclean.leader.election.enable -> true, retention.bytes -> -1, delete.retention.ms -> 86400000, cleanup.policy -> compact, flush.ms -> 9223372036854775807, segment.ms -> 604800000, segment.bytes -> 104857600, retention.ms -> 604800000, segment.index.bytes -> 10485760, flush.messages -> 9223372036854775807}. (kafka.log.LogManager)
[2017-10-21 23:42:55,772] INFO Partition [__consumer_offsets,12] on broker 0: No checkpointed highwatermark is found for partition [__consumer_offsets,12] (kafka.cluster.Partition)
[2017-10-21 23:42:55,777] INFO Completed load of log __consumer_offsets-31 with log end offset 0 (kafka.log.Log)
[2017-10-21 23:42:55,778] INFO Created log for partition [__consumer_offsets,31] in /tmp/kafka-logs with properties {compression.type -> uncompressed, file.delete.delay.ms -> 60000, max.message.bytes -> 1000012, min.insync.replicas -> 1, segment.jitter.ms -> 0, preallocate -> false, min.cleanable.dirty.ratio -> 0.5, index.interval.bytes -> 4096, unclean.leader.election.enable -> true, retention.bytes -> -1, delete.retention.ms -> 86400000, cleanup.policy -> compact, flush.ms -> 9223372036854775807, segment.ms -> 604800000, segment.bytes -> 104857600, retention.ms -> 604800000, segment.index.bytes -> 10485760, flush.messages -> 9223372036854775807}. (kafka.log.LogManager)
[2017-10-21 23:42:55,778] INFO Partition [__consumer_offsets,31] on broker 0: No checkpointed highwatermark is found for partition [__consumer_offsets,31] (kafka.cluster.Partition)
[2017-10-21 23:42:55,781] INFO Completed load of log __consumer_offsets-9 with log end offset 0 (kafka.log.Log)
[2017-10-21 23:42:55,785] INFO Created log for partition [__consumer_offsets,9] in /tmp/kafka-logs with properties {compression.type -> uncompressed, file.delete.delay.ms -> 60000, max.message.bytes -> 1000012, min.insync.replicas -> 1, segment.jitter.ms -> 0, preallocate -> false, min.cleanable.dirty.ratio -> 0.5, index.interval.bytes -> 4096, unclean.leader.election.enable -> true, retention.bytes -> -1, delete.retention.ms -> 86400000, cleanup.policy -> compact, flush.ms -> 9223372036854775807, segment.ms -> 604800000, segment.bytes -> 104857600, retention.ms -> 604800000, segment.index.bytes -> 10485760, flush.messages -> 9223372036854775807}. (kafka.log.LogManager)
[2017-10-21 23:42:55,786] INFO Partition [__consumer_offsets,9] on broker 0: No checkpointed highwatermark is found for partition [__consumer_offsets,9] (kafka.cluster.Partition)
[2017-10-21 23:42:55,797] INFO Completed load of log __consumer_offsets-47 with log end offset 0 (kafka.log.Log)
[2017-10-21 23:42:55,800] INFO Created log for partition [__consumer_offsets,47] in /tmp/kafka-logs with properties {compression.type -> uncompressed, file.delete.delay.ms -> 60000, max.message.bytes -> 1000012, min.insync.replicas -> 1, segment.jitter.ms -> 0, preallocate -> false, min.cleanable.dirty.ratio -> 0.5, index.interval.bytes -> 4096, unclean.leader.election.enable -> true, retention.bytes -> -1, delete.retention.ms -> 86400000, cleanup.policy -> compact, flush.ms -> 9223372036854775807, segment.ms -> 604800000, segment.bytes -> 104857600, retention.ms -> 604800000, segment.index.bytes -> 10485760, flush.messages -> 9223372036854775807}. (kafka.log.LogManager)
[2017-10-21 23:42:55,807] INFO Partition [__consumer_offsets,47] on broker 0: No checkpointed highwatermark is found for partition [__consumer_offsets,47] (kafka.cluster.Partition)
[2017-10-21 23:42:55,814] INFO Completed load of log __consumer_offsets-19 with log end offset 0 (kafka.log.Log)
[2017-10-21 23:42:55,815] INFO Created log for partition [__consumer_offsets,19] in /tmp/kafka-logs with properties {compression.type -> uncompressed, file.delete.delay.ms -> 60000, max.message.bytes -> 1000012, min.insync.replicas -> 1, segment.jitter.ms -> 0, preallocate -> false, min.cleanable.dirty.ratio -> 0.5, index.interval.bytes -> 4096, unclean.leader.election.enable -> true, retention.bytes -> -1, delete.retention.ms -> 86400000, cleanup.policy -> compact, flush.ms -> 9223372036854775807, segment.ms -> 604800000, segment.bytes -> 104857600, retention.ms -> 604800000, segment.index.bytes -> 10485760, flush.messages -> 9223372036854775807}. (kafka.log.LogManager)
[2017-10-21 23:42:55,817] INFO Partition [__consumer_offsets,19] on broker 0: No checkpointed highwatermark is found for partition [__consumer_offsets,19] (kafka.cluster.Partition)
[2017-10-21 23:42:55,820] INFO Completed load of log __consumer_offsets-28 with log end offset 0 (kafka.log.Log)
[2017-10-21 23:42:55,821] INFO Created log for partition [__consumer_offsets,28] in /tmp/kafka-logs with properties {compression.type -> uncompressed, file.delete.delay.ms -> 60000, max.message.bytes -> 1000012, min.insync.replicas -> 1, segment.jitter.ms -> 0, preallocate -> false, min.cleanable.dirty.ratio -> 0.5, index.interval.bytes -> 4096, unclean.leader.election.enable -> true, retention.bytes -> -1, delete.retention.ms -> 86400000, cleanup.policy -> compact, flush.ms -> 9223372036854775807, segment.ms -> 604800000, segment.bytes -> 104857600, retention.ms -> 604800000, segment.index.bytes -> 10485760, flush.messages -> 9223372036854775807}. (kafka.log.LogManager)
[2017-10-21 23:42:55,822] INFO Partition [__consumer_offsets,28] on broker 0: No checkpointed highwatermark is found for partition [__consumer_offsets,28] (kafka.cluster.Partition)
[2017-10-21 23:42:55,825] INFO Completed load of log __consumer_offsets-38 with log end offset 0 (kafka.log.Log)
[2017-10-21 23:42:55,831] INFO Created log for partition [__consumer_offsets,38] in /tmp/kafka-logs with properties {compression.type -> uncompressed, file.delete.delay.ms -> 60000, max.message.bytes -> 1000012, min.insync.replicas -> 1, segment.jitter.ms -> 0, preallocate -> false, min.cleanable.dirty.ratio -> 0.5, index.interval.bytes -> 4096, unclean.leader.election.enable -> true, retention.bytes -> -1, delete.retention.ms -> 86400000, cleanup.policy -> compact, flush.ms -> 9223372036854775807, segment.ms -> 604800000, segment.bytes -> 104857600, retention.ms -> 604800000, segment.index.bytes -> 10485760, flush.messages -> 9223372036854775807}. (kafka.log.LogManager)
[2017-10-21 23:42:55,832] INFO Partition [__consumer_offsets,38] on broker 0: No checkpointed highwatermark is found for partition [__consumer_offsets,38] (kafka.cluster.Partition)
[2017-10-21 23:42:55,835] INFO Completed load of log __consumer_offsets-35 with log end offset 0 (kafka.log.Log)
[2017-10-21 23:42:55,836] INFO Created log for partition [__consumer_offsets,35] in /tmp/kafka-logs with properties {compression.type -> uncompressed, file.delete.delay.ms -> 60000, max.message.bytes -> 1000012, min.insync.replicas -> 1, segment.jitter.ms -> 0, preallocate -> false, min.cleanable.dirty.ratio -> 0.5, index.interval.bytes -> 4096, unclean.leader.election.enable -> true, retention.bytes -> -1, delete.retention.ms -> 86400000, cleanup.policy -> compact, flush.ms -> 9223372036854775807, segment.ms -> 604800000, segment.bytes -> 104857600, retention.ms -> 604800000, segment.index.bytes -> 10485760, flush.messages -> 9223372036854775807}. (kafka.log.LogManager)
[2017-10-21 23:42:55,836] INFO Partition [__consumer_offsets,35] on broker 0: No checkpointed highwatermark is found for partition [__consumer_offsets,35] (kafka.cluster.Partition)
[2017-10-21 23:42:55,840] INFO Completed load of log __consumer_offsets-44 with log end offset 0 (kafka.log.Log)
[2017-10-21 23:42:55,842] INFO Created log for partition [__consumer_offsets,44] in /tmp/kafka-logs with properties {compression.type -> uncompressed, file.delete.delay.ms -> 60000, max.message.bytes -> 1000012, min.insync.replicas -> 1, segment.jitter.ms -> 0, preallocate -> false, min.cleanable.dirty.ratio -> 0.5, index.interval.bytes -> 4096, unclean.leader.election.enable -> true, retention.bytes -> -1, delete.retention.ms -> 86400000, cleanup.policy -> compact, flush.ms -> 9223372036854775807, segment.ms -> 604800000, segment.bytes -> 104857600, retention.ms -> 604800000, segment.index.bytes -> 10485760, flush.messages -> 9223372036854775807}. (kafka.log.LogManager)
[2017-10-21 23:42:55,843] INFO Partition [__consumer_offsets,44] on broker 0: No checkpointed highwatermark is found for partition [__consumer_offsets,44] (kafka.cluster.Partition)
[2017-10-21 23:42:55,853] INFO Completed load of log __consumer_offsets-6 with log end offset 0 (kafka.log.Log)
[2017-10-21 23:42:55,854] INFO Created log for partition [__consumer_offsets,6] in /tmp/kafka-logs with properties {compression.type -> uncompressed, file.delete.delay.ms -> 60000, max.message.bytes -> 1000012, min.insync.replicas -> 1, segment.jitter.ms -> 0, preallocate -> false, min.cleanable.dirty.ratio -> 0.5, index.interval.bytes -> 4096, unclean.leader.election.enable -> true, retention.bytes -> -1, delete.retention.ms -> 86400000, cleanup.policy -> compact, flush.ms -> 9223372036854775807, segment.ms -> 604800000, segment.bytes -> 104857600, retention.ms -> 604800000, segment.index.bytes -> 10485760, flush.messages -> 9223372036854775807}. (kafka.log.LogManager)
[2017-10-21 23:42:55,854] INFO Partition [__consumer_offsets,6] on broker 0: No checkpointed highwatermark is found for partition [__consumer_offsets,6] (kafka.cluster.Partition)
[2017-10-21 23:42:55,858] INFO Completed load of log __consumer_offsets-25 with log end offset 0 (kafka.log.Log)
[2017-10-21 23:42:55,876] INFO Created log for partition [__consumer_offsets,25] in /tmp/kafka-logs with properties {compression.type -> uncompressed, file.delete.delay.ms -> 60000, max.message.bytes -> 1000012, min.insync.replicas -> 1, segment.jitter.ms -> 0, preallocate -> false, min.cleanable.dirty.ratio -> 0.5, index.interval.bytes -> 4096, unclean.leader.election.enable -> true, retention.bytes -> -1, delete.retention.ms -> 86400000, cleanup.policy -> compact, flush.ms -> 9223372036854775807, segment.ms -> 604800000, segment.bytes -> 104857600, retention.ms -> 604800000, segment.index.bytes -> 10485760, flush.messages -> 9223372036854775807}. (kafka.log.LogManager)
[2017-10-21 23:42:55,877] INFO Partition [__consumer_offsets,25] on broker 0: No checkpointed highwatermark is found for partition [__consumer_offsets,25] (kafka.cluster.Partition)
[2017-10-21 23:42:55,886] INFO Completed load of log __consumer_offsets-16 with log end offset 0 (kafka.log.Log)
[2017-10-21 23:42:55,888] INFO Created log for partition [__consumer_offsets,16] in /tmp/kafka-logs with properties {compression.type -> uncompressed, file.delete.delay.ms -> 60000, max.message.bytes -> 1000012, min.insync.replicas -> 1, segment.jitter.ms -> 0, preallocate -> false, min.cleanable.dirty.ratio -> 0.5, index.interval.bytes -> 4096, unclean.leader.election.enable -> true, retention.bytes -> -1, delete.retention.ms -> 86400000, cleanup.policy -> compact, flush.ms -> 9223372036854775807, segment.ms -> 604800000, segment.bytes -> 104857600, retention.ms -> 604800000, segment.index.bytes -> 10485760, flush.messages -> 9223372036854775807}. (kafka.log.LogManager)
[2017-10-21 23:42:55,897] INFO Partition [__consumer_offsets,16] on broker 0: No checkpointed highwatermark is found for partition [__consumer_offsets,16] (kafka.cluster.Partition)
[2017-10-21 23:42:55,902] INFO Completed load of log __consumer_offsets-22 with log end offset 0 (kafka.log.Log)
[2017-10-21 23:42:55,908] INFO Created log for partition [__consumer_offsets,22] in /tmp/kafka-logs with properties {compression.type -> uncompressed, file.delete.delay.ms -> 60000, max.message.bytes -> 1000012, min.insync.replicas -> 1, segment.jitter.ms -> 0, preallocate -> false, min.cleanable.dirty.ratio -> 0.5, index.interval.bytes -> 4096, unclean.leader.election.enable -> true, retention.bytes -> -1, delete.retention.ms -> 86400000, cleanup.policy -> compact, flush.ms -> 9223372036854775807, segment.ms -> 604800000, segment.bytes -> 104857600, retention.ms -> 604800000, segment.index.bytes -> 10485760, flush.messages -> 9223372036854775807}. (kafka.log.LogManager)
[2017-10-21 23:42:55,908] INFO Partition [__consumer_offsets,22] on broker 0: No checkpointed highwatermark is found for partition [__consumer_offsets,22] (kafka.cluster.Partition)
[2017-10-21 23:42:55,917] INFO Completed load of log __consumer_offsets-41 with log end offset 0 (kafka.log.Log)
[2017-10-21 23:42:55,918] INFO Created log for partition [__consumer_offsets,41] in /tmp/kafka-logs with properties {compression.type -> uncompressed, file.delete.delay.ms -> 60000, max.message.bytes -> 1000012, min.insync.replicas -> 1, segment.jitter.ms -> 0, preallocate -> false, min.cleanable.dirty.ratio -> 0.5, index.interval.bytes -> 4096, unclean.leader.election.enable -> true, retention.bytes -> -1, delete.retention.ms -> 86400000, cleanup.policy -> compact, flush.ms -> 9223372036854775807, segment.ms -> 604800000, segment.bytes -> 104857600, retention.ms -> 604800000, segment.index.bytes -> 10485760, flush.messages -> 9223372036854775807}. (kafka.log.LogManager)
[2017-10-21 23:42:55,919] INFO Partition [__consumer_offsets,41] on broker 0: No checkpointed highwatermark is found for partition [__consumer_offsets,41] (kafka.cluster.Partition)
[2017-10-21 23:42:55,936] INFO Completed load of log __consumer_offsets-32 with log end offset 0 (kafka.log.Log)
[2017-10-21 23:42:55,943] INFO Created log for partition [__consumer_offsets,32] in /tmp/kafka-logs with properties {compression.type -> uncompressed, file.delete.delay.ms -> 60000, max.message.bytes -> 1000012, min.insync.replicas -> 1, segment.jitter.ms -> 0, preallocate -> false, min.cleanable.dirty.ratio -> 0.5, index.interval.bytes -> 4096, unclean.leader.election.enable -> true, retention.bytes -> -1, delete.retention.ms -> 86400000, cleanup.policy -> compact, flush.ms -> 9223372036854775807, segment.ms -> 604800000, segment.bytes -> 104857600, retention.ms -> 604800000, segment.index.bytes -> 10485760, flush.messages -> 9223372036854775807}. (kafka.log.LogManager)
[2017-10-21 23:42:55,943] INFO Partition [__consumer_offsets,32] on broker 0: No checkpointed highwatermark is found for partition [__consumer_offsets,32] (kafka.cluster.Partition)
[2017-10-21 23:42:55,949] INFO Completed load of log __consumer_offsets-3 with log end offset 0 (kafka.log.Log)
[2017-10-21 23:42:55,952] INFO Created log for partition [__consumer_offsets,3] in /tmp/kafka-logs with properties {compression.type -> uncompressed, file.delete.delay.ms -> 60000, max.message.bytes -> 1000012, min.insync.replicas -> 1, segment.jitter.ms -> 0, preallocate -> false, min.cleanable.dirty.ratio -> 0.5, index.interval.bytes -> 4096, unclean.leader.election.enable -> true, retention.bytes -> -1, delete.retention.ms -> 86400000, cleanup.policy -> compact, flush.ms -> 9223372036854775807, segment.ms -> 604800000, segment.bytes -> 104857600, retention.ms -> 604800000, segment.index.bytes -> 10485760, flush.messages -> 9223372036854775807}. (kafka.log.LogManager)
[2017-10-21 23:42:55,953] INFO Partition [__consumer_offsets,3] on broker 0: No checkpointed highwatermark is found for partition [__consumer_offsets,3] (kafka.cluster.Partition)
[2017-10-21 23:42:55,962] INFO Completed load of log __consumer_offsets-13 with log end offset 0 (kafka.log.Log)
[2017-10-21 23:42:55,962] INFO Created log for partition [__consumer_offsets,13] in /tmp/kafka-logs with properties {compression.type -> uncompressed, file.delete.delay.ms -> 60000, max.message.bytes -> 1000012, min.insync.replicas -> 1, segment.jitter.ms -> 0, preallocate -> false, min.cleanable.dirty.ratio -> 0.5, index.interval.bytes -> 4096, unclean.leader.election.enable -> true, retention.bytes -> -1, delete.retention.ms -> 86400000, cleanup.policy -> compact, flush.ms -> 9223372036854775807, segment.ms -> 604800000, segment.bytes -> 104857600, retention.ms -> 604800000, segment.index.bytes -> 10485760, flush.messages -> 9223372036854775807}. (kafka.log.LogManager)
[2017-10-21 23:42:55,963] INFO Partition [__consumer_offsets,13] on broker 0: No checkpointed highwatermark is found for partition [__consumer_offsets,13] (kafka.cluster.Partition)
[2017-10-21 23:42:55,984] INFO [Group Metadata Manager on Broker 0]: Loading offsets and group metadata from [__consumer_offsets,22] (kafka.coordinator.GroupMetadataManager)
[2017-10-21 23:42:55,995] INFO [Group Metadata Manager on Broker 0]: Finished loading offsets from [__consumer_offsets,22] in 11 milliseconds. (kafka.coordinator.GroupMetadataManager)
[2017-10-21 23:42:55,997] INFO [Group Metadata Manager on Broker 0]: Loading offsets and group metadata from [__consumer_offsets,25] (kafka.coordinator.GroupMetadataManager)
[2017-10-21 23:42:56,004] INFO [Group Metadata Manager on Broker 0]: Finished loading offsets from [__consumer_offsets,25] in 3 milliseconds. (kafka.coordinator.GroupMetadataManager)
[2017-10-21 23:42:56,013] INFO [Group Metadata Manager on Broker 0]: Loading offsets and group metadata from [__consumer_offsets,28] (kafka.coordinator.GroupMetadataManager)
[2017-10-21 23:42:56,015] INFO [Group Metadata Manager on Broker 0]: Finished loading offsets from [__consumer_offsets,28] in 2 milliseconds. (kafka.coordinator.GroupMetadataManager)
[2017-10-21 23:42:56,035] INFO [Group Metadata Manager on Broker 0]: Loading offsets and group metadata from [__consumer_offsets,31] (kafka.coordinator.GroupMetadataManager)
[2017-10-21 23:42:56,037] INFO [Group Metadata Manager on Broker 0]: Finished loading offsets from [__consumer_offsets,31] in 2 milliseconds. (kafka.coordinator.GroupMetadataManager)
[2017-10-21 23:42:56,040] INFO [Group Metadata Manager on Broker 0]: Loading offsets and group metadata from [__consumer_offsets,34] (kafka.coordinator.GroupMetadataManager)
[2017-10-21 23:42:56,043] INFO [Group Metadata Manager on Broker 0]: Finished loading offsets from [__consumer_offsets,34] in 3 milliseconds. (kafka.coordinator.GroupMetadataManager)
[2017-10-21 23:42:56,047] INFO [Group Metadata Manager on Broker 0]: Loading offsets and group metadata from [__consumer_offsets,37] (kafka.coordinator.GroupMetadataManager)
[2017-10-21 23:42:56,050] INFO [Group Metadata Manager on Broker 0]: Finished loading offsets from [__consumer_offsets,37] in 3 milliseconds. (kafka.coordinator.GroupMetadataManager)
[2017-10-21 23:42:56,069] INFO [Group Metadata Manager on Broker 0]: Loading offsets and group metadata from [__consumer_offsets,40] (kafka.coordinator.GroupMetadataManager)
[2017-10-21 23:42:56,072] INFO [Group Metadata Manager on Broker 0]: Finished loading offsets from [__consumer_offsets,40] in 2 milliseconds. (kafka.coordinator.GroupMetadataManager)
[2017-10-21 23:42:56,077] INFO [Group Metadata Manager on Broker 0]: Loading offsets and group metadata from [__consumer_offsets,43] (kafka.coordinator.GroupMetadataManager)
[2017-10-21 23:42:56,085] INFO [Group Metadata Manager on Broker 0]: Finished loading offsets from [__consumer_offsets,43] in 8 milliseconds. (kafka.coordinator.GroupMetadataManager)
[2017-10-21 23:42:56,089] INFO [Group Metadata Manager on Broker 0]: Loading offsets and group metadata from [__consumer_offsets,46] (kafka.coordinator.GroupMetadataManager)
[2017-10-21 23:42:56,091] INFO [Group Metadata Manager on Broker 0]: Finished loading offsets from [__consumer_offsets,46] in 2 milliseconds. (kafka.coordinator.GroupMetadataManager)
[2017-10-21 23:42:56,103] INFO [Group Metadata Manager on Broker 0]: Loading offsets and group metadata from [__consumer_offsets,49] (kafka.coordinator.GroupMetadataManager)
[2017-10-21 23:42:56,105] INFO [Group Metadata Manager on Broker 0]: Finished loading offsets from [__consumer_offsets,49] in 2 milliseconds. (kafka.coordinator.GroupMetadataManager)
[2017-10-21 23:42:56,106] INFO [Group Metadata Manager on Broker 0]: Loading offsets and group metadata from [__consumer_offsets,41] (kafka.coordinator.GroupMetadataManager)
[2017-10-21 23:42:56,108] INFO [Group Metadata Manager on Broker 0]: Finished loading offsets from [__consumer_offsets,41] in 2 milliseconds. (kafka.coordinator.GroupMetadataManager)
[2017-10-21 23:42:56,117] INFO [Group Metadata Manager on Broker 0]: Loading offsets and group metadata from [__consumer_offsets,44] (kafka.coordinator.GroupMetadataManager)
[2017-10-21 23:42:56,124] INFO [Group Metadata Manager on Broker 0]: Finished loading offsets from [__consumer_offsets,44] in 7 milliseconds. (kafka.coordinator.GroupMetadataManager)
[2017-10-21 23:42:56,124] INFO [Group Metadata Manager on Broker 0]: Loading offsets and group metadata from [__consumer_offsets,47] (kafka.coordinator.GroupMetadataManager)
[2017-10-21 23:42:56,126] INFO [Group Metadata Manager on Broker 0]: Finished loading offsets from [__consumer_offsets,47] in 2 milliseconds. (kafka.coordinator.GroupMetadataManager)
[2017-10-21 23:42:56,126] INFO [Group Metadata Manager on Broker 0]: Loading offsets and group metadata from [__consumer_offsets,1] (kafka.coordinator.GroupMetadataManager)
[2017-10-21 23:42:56,137] INFO [Group Metadata Manager on Broker 0]: Finished loading offsets from [__consumer_offsets,1] in 11 milliseconds. (kafka.coordinator.GroupMetadataManager)
[2017-10-21 23:42:56,137] INFO [Group Metadata Manager on Broker 0]: Loading offsets and group metadata from [__consumer_offsets,4] (kafka.coordinator.GroupMetadataManager)
[2017-10-21 23:42:56,139] INFO [Group Metadata Manager on Broker 0]: Finished loading offsets from [__consumer_offsets,4] in 2 milliseconds. (kafka.coordinator.GroupMetadataManager)
[2017-10-21 23:42:56,139] INFO [Group Metadata Manager on Broker 0]: Loading offsets and group metadata from [__consumer_offsets,7] (kafka.coordinator.GroupMetadataManager)
[2017-10-21 23:42:56,142] INFO [Group Metadata Manager on Broker 0]: Finished loading offsets from [__consumer_offsets,7] in 3 milliseconds. (kafka.coordinator.GroupMetadataManager)
[2017-10-21 23:42:56,143] INFO [Group Metadata Manager on Broker 0]: Loading offsets and group metadata from [__consumer_offsets,10] (kafka.coordinator.GroupMetadataManager)
[2017-10-21 23:42:56,145] INFO [Group Metadata Manager on Broker 0]: Finished loading offsets from [__consumer_offsets,10] in 2 milliseconds. (kafka.coordinator.GroupMetadataManager)
[2017-10-21 23:42:56,146] INFO [Group Metadata Manager on Broker 0]: Loading offsets and group metadata from [__consumer_offsets,13] (kafka.coordinator.GroupMetadataManager)
[2017-10-21 23:42:56,150] INFO [Group Metadata Manager on Broker 0]: Finished loading offsets from [__consumer_offsets,13] in 3 milliseconds. (kafka.coordinator.GroupMetadataManager)
[2017-10-21 23:42:56,151] INFO [Group Metadata Manager on Broker 0]: Loading offsets and group metadata from [__consumer_offsets,16] (kafka.coordinator.GroupMetadataManager)
[2017-10-21 23:42:56,153] INFO [Group Metadata Manager on Broker 0]: Finished loading offsets from [__consumer_offsets,16] in 2 milliseconds. (kafka.coordinator.GroupMetadataManager)
[2017-10-21 23:42:56,154] INFO [Group Metadata Manager on Broker 0]: Loading offsets and group metadata from [__consumer_offsets,19] (kafka.coordinator.GroupMetadataManager)
[2017-10-21 23:42:56,156] INFO [Group Metadata Manager on Broker 0]: Finished loading offsets from [__consumer_offsets,19] in 2 milliseconds. (kafka.coordinator.GroupMetadataManager)
[2017-10-21 23:42:56,156] INFO [Group Metadata Manager on Broker 0]: Loading offsets and group metadata from [__consumer_offsets,2] (kafka.coordinator.GroupMetadataManager)
[2017-10-21 23:42:56,159] INFO [Group Metadata Manager on Broker 0]: Finished loading offsets from [__consumer_offsets,2] in 2 milliseconds. (kafka.coordinator.GroupMetadataManager)
[2017-10-21 23:42:56,159] INFO [Group Metadata Manager on Broker 0]: Loading offsets and group metadata from [__consumer_offsets,5] (kafka.coordinator.GroupMetadataManager)
[2017-10-21 23:42:56,161] INFO [Group Metadata Manager on Broker 0]: Finished loading offsets from [__consumer_offsets,5] in 2 milliseconds. (kafka.coordinator.GroupMetadataManager)
[2017-10-21 23:42:56,162] INFO [Group Metadata Manager on Broker 0]: Loading offsets and group metadata from [__consumer_offsets,8] (kafka.coordinator.GroupMetadataManager)
[2017-10-21 23:42:56,165] INFO [Group Metadata Manager on Broker 0]: Finished loading offsets from [__consumer_offsets,8] in 3 milliseconds. (kafka.coordinator.GroupMetadataManager)
[2017-10-21 23:42:56,166] INFO [Group Metadata Manager on Broker 0]: Loading offsets and group metadata from [__consumer_offsets,11] (kafka.coordinator.GroupMetadataManager)
[2017-10-21 23:42:56,172] INFO [GroupCoordinator 0]: Preparing to restabilize group KafkaExampleConsumer with old generation 0 (kafka.coordinator.GroupCoordinator)
[2017-10-21 23:42:56,173] INFO [Group Metadata Manager on Broker 0]: Finished loading offsets from [__consumer_offsets,11] in 7 milliseconds. (kafka.coordinator.GroupMetadataManager)
[2017-10-21 23:42:56,179] INFO [Group Metadata Manager on Broker 0]: Loading offsets and group metadata from [__consumer_offsets,14] (kafka.coordinator.GroupMetadataManager)
[2017-10-21 23:42:56,180] INFO [GroupCoordinator 0]: Stabilized group KafkaExampleConsumer generation 1 (kafka.coordinator.GroupCoordinator)
[2017-10-21 23:42:56,181] INFO [Group Metadata Manager on Broker 0]: Finished loading offsets from [__consumer_offsets,14] in 2 milliseconds. (kafka.coordinator.GroupMetadataManager)
[2017-10-21 23:42:56,185] INFO [Group Metadata Manager on Broker 0]: Loading offsets and group metadata from [__consumer_offsets,17] (kafka.coordinator.GroupMetadataManager)
[2017-10-21 23:42:56,187] INFO [Group Metadata Manager on Broker 0]: Finished loading offsets from [__consumer_offsets,17] in 2 milliseconds. (kafka.coordinator.GroupMetadataManager)
[2017-10-21 23:42:56,190] INFO [Group Metadata Manager on Broker 0]: Loading offsets and group metadata from [__consumer_offsets,20] (kafka.coordinator.GroupMetadataManager)
[2017-10-21 23:42:56,200] INFO [Group Metadata Manager on Broker 0]: Finished loading offsets from [__consumer_offsets,20] in 10 milliseconds. (kafka.coordinator.GroupMetadataManager)
[2017-10-21 23:42:56,204] INFO [Group Metadata Manager on Broker 0]: Loading offsets and group metadata from [__consumer_offsets,23] (kafka.coordinator.GroupMetadataManager)
[2017-10-21 23:42:56,211] INFO [Group Metadata Manager on Broker 0]: Finished loading offsets from [__consumer_offsets,23] in 7 milliseconds. (kafka.coordinator.GroupMetadataManager)
[2017-10-21 23:42:56,212] INFO [Group Metadata Manager on Broker 0]: Loading offsets and group metadata from [__consumer_offsets,26] (kafka.coordinator.GroupMetadataManager)
[2017-10-21 23:42:56,214] INFO [GroupCoordinator 0]: Assignment received from leader for group KafkaExampleConsumer for generation 1 (kafka.coordinator.GroupCoordinator)
[2017-10-21 23:42:56,249] INFO [Group Metadata Manager on Broker 0]: Finished loading offsets from [__consumer_offsets,26] in 9 milliseconds. (kafka.coordinator.GroupMetadataManager)
[2017-10-21 23:42:56,249] INFO [Group Metadata Manager on Broker 0]: Loading offsets and group metadata from [__consumer_offsets,29] (kafka.coordinator.GroupMetadataManager)
[2017-10-21 23:42:56,251] INFO [Group Metadata Manager on Broker 0]: Finished loading offsets from [__consumer_offsets,29] in 2 milliseconds. (kafka.coordinator.GroupMetadataManager)
[2017-10-21 23:42:56,252] INFO [Group Metadata Manager on Broker 0]: Loading offsets and group metadata from [__consumer_offsets,32] (kafka.coordinator.GroupMetadataManager)
[2017-10-21 23:42:56,260] INFO [Group Metadata Manager on Broker 0]: Finished loading offsets from [__consumer_offsets,32] in 7 milliseconds. (kafka.coordinator.GroupMetadataManager)
[2017-10-21 23:42:56,260] INFO [Group Metadata Manager on Broker 0]: Loading offsets and group metadata from [__consumer_offsets,35] (kafka.coordinator.GroupMetadataManager)
[2017-10-21 23:42:56,262] INFO [Group Metadata Manager on Broker 0]: Finished loading offsets from [__consumer_offsets,35] in 2 milliseconds. (kafka.coordinator.GroupMetadataManager)
[2017-10-21 23:42:56,262] INFO [Group Metadata Manager on Broker 0]: Loading offsets and group metadata from [__consumer_offsets,38] (kafka.coordinator.GroupMetadataManager)
[2017-10-21 23:42:56,265] INFO [Group Metadata Manager on Broker 0]: Finished loading offsets from [__consumer_offsets,38] in 3 milliseconds. (kafka.coordinator.GroupMetadataManager)
[2017-10-21 23:42:56,266] INFO [Group Metadata Manager on Broker 0]: Loading offsets and group metadata from [__consumer_offsets,0] (kafka.coordinator.GroupMetadataManager)
[2017-10-21 23:42:56,271] INFO [Group Metadata Manager on Broker 0]: Finished loading offsets from [__consumer_offsets,0] in 2 milliseconds. (kafka.coordinator.GroupMetadataManager)
[2017-10-21 23:42:56,272] INFO [Group Metadata Manager on Broker 0]: Loading offsets and group metadata from [__consumer_offsets,3] (kafka.coordinator.GroupMetadataManager)
[2017-10-21 23:42:56,277] INFO [Group Metadata Manager on Broker 0]: Finished loading offsets from [__consumer_offsets,3] in 5 milliseconds. (kafka.coordinator.GroupMetadataManager)
[2017-10-21 23:42:56,277] INFO [Group Metadata Manager on Broker 0]: Loading offsets and group metadata from [__consumer_offsets,6] (kafka.coordinator.GroupMetadataManager)
[2017-10-21 23:42:56,280] INFO [Group Metadata Manager on Broker 0]: Finished loading offsets from [__consumer_offsets,6] in 3 milliseconds. (kafka.coordinator.GroupMetadataManager)
[2017-10-21 23:42:56,281] INFO [Group Metadata Manager on Broker 0]: Loading offsets and group metadata from [__consumer_offsets,9] (kafka.coordinator.GroupMetadataManager)
[2017-10-21 23:42:56,283] INFO [Group Metadata Manager on Broker 0]: Finished loading offsets from [__consumer_offsets,9] in 2 milliseconds. (kafka.coordinator.GroupMetadataManager)
[2017-10-21 23:42:56,283] INFO [Group Metadata Manager on Broker 0]: Loading offsets and group metadata from [__consumer_offsets,12] (kafka.coordinator.GroupMetadataManager)
[2017-10-21 23:42:56,285] INFO [Group Metadata Manager on Broker 0]: Finished loading offsets from [__consumer_offsets,12] in 2 milliseconds. (kafka.coordinator.GroupMetadataManager)
[2017-10-21 23:42:56,289] INFO [Group Metadata Manager on Broker 0]: Loading offsets and group metadata from [__consumer_offsets,15] (kafka.coordinator.GroupMetadataManager)
[2017-10-21 23:42:56,291] INFO [Group Metadata Manager on Broker 0]: Finished loading offsets from [__consumer_offsets,15] in 2 milliseconds. (kafka.coordinator.GroupMetadataManager)
[2017-10-21 23:42:56,291] INFO [Group Metadata Manager on Broker 0]: Loading offsets and group metadata from [__consumer_offsets,18] (kafka.coordinator.GroupMetadataManager)
[2017-10-21 23:42:56,294] INFO [Group Metadata Manager on Broker 0]: Finished loading offsets from [__consumer_offsets,18] in 3 milliseconds. (kafka.coordinator.GroupMetadataManager)
[2017-10-21 23:42:56,294] INFO [Group Metadata Manager on Broker 0]: Loading offsets and group metadata from [__consumer_offsets,21] (kafka.coordinator.GroupMetadataManager)
[2017-10-21 23:42:56,299] INFO [Group Metadata Manager on Broker 0]: Finished loading offsets from [__consumer_offsets,21] in 4 milliseconds. (kafka.coordinator.GroupMetadataManager)
[2017-10-21 23:42:56,306] INFO [Group Metadata Manager on Broker 0]: Loading offsets and group metadata from [__consumer_offsets,24] (kafka.coordinator.GroupMetadataManager)
[2017-10-21 23:42:56,318] INFO [Group Metadata Manager on Broker 0]: Finished loading offsets from [__consumer_offsets,24] in 2 milliseconds. (kafka.coordinator.GroupMetadataManager)
[2017-10-21 23:42:56,318] INFO [Group Metadata Manager on Broker 0]: Loading offsets and group metadata from [__consumer_offsets,27] (kafka.coordinator.GroupMetadataManager)
[2017-10-21 23:42:56,320] INFO [Group Metadata Manager on Broker 0]: Finished loading offsets from [__consumer_offsets,27] in 2 milliseconds. (kafka.coordinator.GroupMetadataManager)
[2017-10-21 23:42:56,320] INFO [Group Metadata Manager on Broker 0]: Loading offsets and group metadata from [__consumer_offsets,30] (kafka.coordinator.GroupMetadataManager)
[2017-10-21 23:42:56,324] INFO [Group Metadata Manager on Broker 0]: Finished loading offsets from [__consumer_offsets,30] in 4 milliseconds. (kafka.coordinator.GroupMetadataManager)
[2017-10-21 23:42:56,325] INFO [Group Metadata Manager on Broker 0]: Loading offsets and group metadata from [__consumer_offsets,33] (kafka.coordinator.GroupMetadataManager)
[2017-10-21 23:42:56,327] INFO [Group Metadata Manager on Broker 0]: Finished loading offsets from [__consumer_offsets,33] in 2 milliseconds. (kafka.coordinator.GroupMetadataManager)
[2017-10-21 23:42:56,332] INFO [Group Metadata Manager on Broker 0]: Loading offsets and group metadata from [__consumer_offsets,36] (kafka.coordinator.GroupMetadataManager)
[2017-10-21 23:42:56,341] INFO [Group Metadata Manager on Broker 0]: Finished loading offsets from [__consumer_offsets,36] in 9 milliseconds. (kafka.coordinator.GroupMetadataManager)
[2017-10-21 23:42:56,342] INFO [Group Metadata Manager on Broker 0]: Loading offsets and group metadata from [__consumer_offsets,39] (kafka.coordinator.GroupMetadataManager)
[2017-10-21 23:42:56,345] INFO [Group Metadata Manager on Broker 0]: Finished loading offsets from [__consumer_offsets,39] in 3 milliseconds. (kafka.coordinator.GroupMetadataManager)
[2017-10-21 23:42:56,355] INFO [Group Metadata Manager on Broker 0]: Loading offsets and group metadata from [__consumer_offsets,42] (kafka.coordinator.GroupMetadataManager)
[2017-10-21 23:42:56,363] INFO [Group Metadata Manager on Broker 0]: Finished loading offsets from [__consumer_offsets,42] in 6 milliseconds. (kafka.coordinator.GroupMetadataManager)
[2017-10-21 23:42:56,363] INFO [Group Metadata Manager on Broker 0]: Loading offsets and group metadata from [__consumer_offsets,45] (kafka.coordinator.GroupMetadataManager)
[2017-10-21 23:42:56,369] INFO [Group Metadata Manager on Broker 0]: Finished loading offsets from [__consumer_offsets,45] in 6 milliseconds. (kafka.coordinator.GroupMetadataManager)
[2017-10-21 23:42:56,369] INFO [Group Metadata Manager on Broker 0]: Loading offsets and group metadata from [__consumer_offsets,48] (kafka.coordinator.GroupMetadataManager)
[2017-10-21 23:42:56,379] INFO [Group Metadata Manager on Broker 0]: Finished loading offsets from [__consumer_offsets,48] in 10 milliseconds. (kafka.coordinator.GroupMetadataManager)
[2017-10-21 23:43:59,307] INFO [GroupCoordinator 0]: Preparing to restabilize group KafkaExampleConsumer with old generation 1 (kafka.coordinator.GroupCoordinator)
[2017-10-21 23:43:59,310] INFO [GroupCoordinator 0]: Group KafkaExampleConsumer generation 1 is dead and removed (kafka.coordinator.GroupCoordinator)
[2017-10-21 23:44:00,222] INFO [GroupCoordinator 0]: Preparing to restabilize group KafkaExampleConsumer with old generation 0 (kafka.coordinator.GroupCoordinator)
[2017-10-21 23:44:00,222] INFO [GroupCoordinator 0]: Stabilized group KafkaExampleConsumer generation 1 (kafka.coordinator.GroupCoordinator)
[2017-10-21 23:44:00,233] INFO [GroupCoordinator 0]: Assignment received from leader for group KafkaExampleConsumer for generation 1 (kafka.coordinator.GroupCoordinator)
[2017-10-21 23:44:30,234] INFO [GroupCoordinator 0]: Preparing to restabilize group KafkaExampleConsumer with old generation 1 (kafka.coordinator.GroupCoordinator)
[2017-10-21 23:44:30,235] INFO [GroupCoordinator 0]: Group KafkaExampleConsumer generation 1 is dead and removed (kafka.coordinator.GroupCoordinator)
[2017-10-21 23:45:51,461] INFO [GroupCoordinator 0]: Preparing to restabilize group KafkaExampleConsumer with old generation 0 (kafka.coordinator.GroupCoordinator)
[2017-10-21 23:45:51,461] INFO [GroupCoordinator 0]: Stabilized group KafkaExampleConsumer generation 1 (kafka.coordinator.GroupCoordinator)
[2017-10-21 23:45:51,474] INFO [GroupCoordinator 0]: Assignment received from leader for group KafkaExampleConsumer for generation 1 (kafka.coordinator.GroupCoordinator)
[2017-10-21 23:46:04,884] INFO [GroupCoordinator 0]: Preparing to restabilize group KafkaExampleConsumer with old generation 1 (kafka.coordinator.GroupCoordinator)
[2017-10-21 23:46:21,475] INFO [GroupCoordinator 0]: Stabilized group KafkaExampleConsumer generation 2 (kafka.coordinator.GroupCoordinator)
[2017-10-21 23:46:21,486] INFO [GroupCoordinator 0]: Assignment received from leader for group KafkaExampleConsumer for generation 2 (kafka.coordinator.GroupCoordinator)
[2017-10-21 23:46:51,559] INFO [GroupCoordinator 0]: Preparing to restabilize group KafkaExampleConsumer with old generation 2 (kafka.coordinator.GroupCoordinator)
[2017-10-21 23:46:51,560] INFO [GroupCoordinator 0]: Group KafkaExampleConsumer generation 2 is dead and removed (kafka.coordinator.GroupCoordinator)
[2017-10-21 23:47:04,008] INFO [GroupCoordinator 0]: Preparing to restabilize group KafkaExampleConsumer with old generation 0 (kafka.coordinator.GroupCoordinator)
[2017-10-21 23:47:04,008] INFO [GroupCoordinator 0]: Stabilized group KafkaExampleConsumer generation 1 (kafka.coordinator.GroupCoordinator)
[2017-10-21 23:47:04,030] INFO [GroupCoordinator 0]: Assignment received from leader for group KafkaExampleConsumer for generation 1 (kafka.coordinator.GroupCoordinator)
[2017-10-21 23:48:46,710] INFO [GroupCoordinator 0]: Preparing to restabilize group KafkaExampleConsumer with old generation 1 (kafka.coordinator.GroupCoordinator)
[2017-10-21 23:48:46,710] INFO [GroupCoordinator 0]: Group KafkaExampleConsumer generation 1 is dead and removed (kafka.coordinator.GroupCoordinator)
[2017-10-21 23:51:11,701] INFO [Group Metadata Manager on Broker 0]: Removed 0 expired offsets in 1 milliseconds. (kafka.coordinator.GroupMetadataManager)
[2017-10-21 23:52:17,926] INFO [Kafka Server 0], shutting down (kafka.server.KafkaServer)
[2017-10-21 23:52:17,932] INFO [Kafka Server 0], Starting controlled shutdown (kafka.server.KafkaServer)
[2017-10-21 23:52:17,995] INFO [Kafka Server 0], Controlled shutdown succeeded (kafka.server.KafkaServer)
[2017-10-21 23:52:17,997] INFO [Socket Server on Broker 0], Shutting down (kafka.network.SocketServer)
[2017-10-21 23:52:18,012] INFO [Socket Server on Broker 0], Shutdown completed (kafka.network.SocketServer)
[2017-10-21 23:52:18,013] INFO [Kafka Request Handler on Broker 0], shutting down (kafka.server.KafkaRequestHandlerPool)
[2017-10-21 23:52:18,018] INFO [Kafka Request Handler on Broker 0], shut down completely (kafka.server.KafkaRequestHandlerPool)
[2017-10-21 23:52:18,030] INFO [ThrottledRequestReaper-Produce], Shutting down (kafka.server.ClientQuotaManager$ThrottledRequestReaper)
[2017-10-21 23:52:18,808] INFO [ThrottledRequestReaper-Produce], Stopped  (kafka.server.ClientQuotaManager$ThrottledRequestReaper)
[2017-10-21 23:52:18,808] INFO [ThrottledRequestReaper-Produce], Shutdown completed (kafka.server.ClientQuotaManager$ThrottledRequestReaper)
[2017-10-21 23:52:18,809] INFO [ThrottledRequestReaper-Fetch], Shutting down (kafka.server.ClientQuotaManager$ThrottledRequestReaper)
[2017-10-21 23:52:18,810] INFO [ThrottledRequestReaper-Fetch], Stopped  (kafka.server.ClientQuotaManager$ThrottledRequestReaper)
[2017-10-21 23:52:18,810] INFO [ThrottledRequestReaper-Fetch], Shutdown completed (kafka.server.ClientQuotaManager$ThrottledRequestReaper)
[2017-10-21 23:52:18,810] INFO [KafkaApi-0] Shutdown complete. (kafka.server.KafkaApis)
[2017-10-21 23:52:18,812] INFO [Replica Manager on Broker 0]: Shutting down (kafka.server.ReplicaManager)
[2017-10-21 23:52:18,812] INFO [ReplicaFetcherManager on broker 0] shutting down (kafka.server.ReplicaFetcherManager)
[2017-10-21 23:52:18,813] INFO [ReplicaFetcherManager on broker 0] shutdown completed (kafka.server.ReplicaFetcherManager)
[2017-10-21 23:52:18,813] INFO [ExpirationReaper-0], Shutting down (kafka.server.DelayedOperationPurgatory$ExpiredOperationReaper)
[2017-10-21 23:52:19,011] INFO [ExpirationReaper-0], Stopped  (kafka.server.DelayedOperationPurgatory$ExpiredOperationReaper)
[2017-10-21 23:52:19,011] INFO [ExpirationReaper-0], Shutdown completed (kafka.server.DelayedOperationPurgatory$ExpiredOperationReaper)
[2017-10-21 23:52:19,011] INFO [ExpirationReaper-0], Shutting down (kafka.server.DelayedOperationPurgatory$ExpiredOperationReaper)
[2017-10-21 23:52:19,175] INFO [ExpirationReaper-0], Stopped  (kafka.server.DelayedOperationPurgatory$ExpiredOperationReaper)
[2017-10-21 23:52:19,175] INFO [ExpirationReaper-0], Shutdown completed (kafka.server.DelayedOperationPurgatory$ExpiredOperationReaper)
[2017-10-21 23:52:19,176] INFO [Replica Manager on Broker 0]: Shut down completely (kafka.server.ReplicaManager)
[2017-10-21 23:52:19,177] INFO Shutting down. (kafka.log.LogManager)
[2017-10-21 23:52:19,211] INFO Shutdown complete. (kafka.log.LogManager)
[2017-10-21 23:52:19,212] INFO [GroupCoordinator 0]: Shutting down. (kafka.coordinator.GroupCoordinator)
[2017-10-21 23:52:19,212] INFO [ExpirationReaper-0], Shutting down (kafka.server.DelayedOperationPurgatory$ExpiredOperationReaper)
[2017-10-21 23:52:19,279] INFO [ExpirationReaper-0], Stopped  (kafka.server.DelayedOperationPurgatory$ExpiredOperationReaper)
[2017-10-21 23:52:19,279] INFO [ExpirationReaper-0], Shutdown completed (kafka.server.DelayedOperationPurgatory$ExpiredOperationReaper)
[2017-10-21 23:52:19,280] INFO [ExpirationReaper-0], Shutting down (kafka.server.DelayedOperationPurgatory$ExpiredOperationReaper)
[2017-10-21 23:52:19,350] INFO [ExpirationReaper-0], Stopped  (kafka.server.DelayedOperationPurgatory$ExpiredOperationReaper)
[2017-10-21 23:52:19,350] INFO [ExpirationReaper-0], Shutdown completed (kafka.server.DelayedOperationPurgatory$ExpiredOperationReaper)
[2017-10-21 23:52:19,351] INFO [GroupCoordinator 0]: Shutdown complete. (kafka.coordinator.GroupCoordinator)
[2017-10-21 23:52:19,379] INFO [Kafka Server 0], shut down completed (kafka.server.KafkaServer)
